2018-12-19 17:39:13,183 EbasCmdLine  INFO    : DB connection disabled by argument --nodb
2018-12-19 17:39:13,185 ebas_insert  WARNING : No DB connection, files will be preliminarily checked only.
2018-12-19 17:39:13,186 ebas_insert  WARNING : no option --non-interactive but stdin is not a tty: option --non-interactive will be added
2018-12-19 17:39:13,186 NasaAmes1001 INFO    : reading file ./SGP/US6002C.20030101000000.20181219000000.nephelometer.aerosol_light_scattering_coefficient.pm10.1y.1mn.TSI_3563_SGP_ref_TSI_3563_SGP_wet..lev0.nas
2018-12-19 17:39:13,191 NasaAmes1001 WARNING : line 41: character set encoding: fallback to codec 'iso8859-15' but this might be wrong
2018-12-19 17:39:13,191 NasaAmes1001 WARNING : File contains NO-BREAK SPACE characters, will be substituted with normal blanks
2018-12-19 17:39:47,706 EbasNasaAmes WARNING : line 76: Legacy metadata element 'Height AGL' translated to 'Measurement height'
2018-12-19 17:39:47,708 EbasNasaAmes WARNING : line 86: Zero/negative values code: Zero/negative values code 'zero/negative possible' changed to 'Zero/negative possible'
2018-12-19 17:39:47,713 EbasNasaAmes WARNING : line 20: VNAME[7]: Legacy VNAME 'number of wavelengths' skipped
2018-12-19 17:39:47,728 EbasNasaAmes WARNING : line 91: start time of first sample (2003-01-01T00:07:00) is not equal to 'Startdate' specified in metadata (2003-01-01T00:04:00)
2018-12-19 17:39:56,538 EbasNasaAmes WARNING : line 14: Variable 1: unit '1/Mm' used for 'Detection limit' is inconsistent with variable's unit ('hPa'); detection limit definition will not be applied
2018-12-19 17:39:56,539 EbasNasaAmes WARNING : line 14: Variable 1: 'Detection limit expl.' will not be applied for the same reason
2018-12-19 17:39:56,539 EbasNasaAmes WARNING : line 15: Variable 2: unit '1/Mm' used for 'Detection limit' is inconsistent with variable's unit ('hPa'); detection limit definition will not be applied
2018-12-19 17:39:56,539 EbasNasaAmes WARNING : line 15: Variable 2: 'Detection limit expl.' will not be applied for the same reason
2018-12-19 17:39:56,539 EbasNasaAmes WARNING : line 16: Variable 3: unit '1/Mm' used for 'Detection limit' is inconsistent with variable's unit ('K'); detection limit definition will not be applied
2018-12-19 17:39:56,539 EbasNasaAmes WARNING : line 16: Variable 3: 'Detection limit expl.' will not be applied for the same reason
2018-12-19 17:39:56,539 EbasNasaAmes WARNING : line 17: Variable 4: unit '1/Mm' used for 'Detection limit' is inconsistent with variable's unit ('K'); detection limit definition will not be applied
2018-12-19 17:39:56,539 EbasNasaAmes WARNING : line 17: Variable 4: 'Detection limit expl.' will not be applied for the same reason
2018-12-19 17:39:56,540 EbasNasaAmes WARNING : line 18: Variable 5: unit '1/Mm' used for 'Detection limit' is inconsistent with variable's unit ('%'); detection limit definition will not be applied
2018-12-19 17:39:56,540 EbasNasaAmes WARNING : line 18: Variable 5: 'Detection limit expl.' will not be applied for the same reason
2018-12-19 17:39:56,540 EbasNasaAmes WARNING : line 19: Variable 6: unit '1/Mm' used for 'Detection limit' is inconsistent with variable's unit ('%'); detection limit definition will not be applied
2018-12-19 17:39:56,540 EbasNasaAmes WARNING : line 19: Variable 6: 'Detection limit expl.' will not be applied for the same reason
2018-12-19 17:39:56,541 EbasNasaAmes WARNING : File name: changed from 'US6002C.20030101000000.20181219000000.nephelometer.aerosol_light_scattering_coefficient.pm10.1y.1mn.TSI_3563_SGP_ref_TSI_3563_SGP_wet..lev0.nas' to 'US6002C.20030101000400.20181219000000.nephelometer.aerosol_light_scattering_coefficient.pm10.1y.1mn.US06L_TSI_3563_SGP_ref+TSI_3563_SGP_wet.US06L_hygro_tandem_neph_CorrData.lev0.nas'
2018-12-19 17:39:56,542 ebas_insert  WARNING : No DB connection, skipping insert.
2018-12-19 17:39:56,542 ebas_insert  INFO    : file ./SGP/US6002C.20030101000000.20181219000000.nephelometer.aerosol_light_scattering_coefficient.pm10.1y.1mn.TSI_3563_SGP_ref_TSI_3563_SGP_wet..lev0.nas: 0 Errors, 18 Warnings
