2018-12-19 17:32:18,515 EbasCmdLine  INFO    : DB connection disabled by argument --nodb
2018-12-19 17:32:18,517 ebas_insert  WARNING : No DB connection, files will be preliminarily checked only.
2018-12-19 17:32:18,517 ebas_insert  WARNING : no option --non-interactive but stdin is not a tty: option --non-interactive will be added
2018-12-19 17:32:18,517 NasaAmes1001 INFO    : reading file ./SGP/US6002C.20010101000000.20181219000000.nephelometer.aerosol_light_scattering_coefficient.pm10.1y.1h.TSI_3563_SGP_ref_TSI_3563_SGP_wet..lev2.nas
2018-12-19 17:32:18,524 NasaAmes1001 WARNING : line 118: character set encoding: fallback to codec 'iso8859-15' but this might be wrong
2018-12-19 17:32:18,524 NasaAmes1001 WARNING : File contains NO-BREAK SPACE characters, will be substituted with normal blanks
2018-12-19 17:32:22,498 EbasNasaAmes WARNING : line 153: Legacy metadata element 'Height AGL' translated to 'Measurement height'
2018-12-19 17:32:22,500 EbasNasaAmes WARNING : line 163: Zero/negative values code: Zero/negative values code 'zero/negative possible' changed to 'Zero/negative possible'
2018-12-19 17:32:23,274 EbasNasaAmes WARNING : Period code '1y' should be '52w' according to data
2018-12-19 17:32:23,298 EbasNasaAmes WARNING : line 98: Variable 85: unit '1/Mm' used for 'Detection limit' is inconsistent with variable's unit ('no unit'); detection limit definition will not be applied
2018-12-19 17:32:23,298 EbasNasaAmes WARNING : line 98: Variable 85: 'Detection limit expl.' will not be applied for the same reason
2018-12-19 17:32:23,298 EbasNasaAmes WARNING : line 99: Variable 86: unit '1/Mm' used for 'Detection limit' is inconsistent with variable's unit ('no unit'); detection limit definition will not be applied
2018-12-19 17:32:23,298 EbasNasaAmes WARNING : line 99: Variable 86: 'Detection limit expl.' will not be applied for the same reason
2018-12-19 17:32:23,298 EbasNasaAmes WARNING : line 100: Variable 87: unit '1/Mm' used for 'Detection limit' is inconsistent with variable's unit ('no unit'); detection limit definition will not be applied
2018-12-19 17:32:23,299 EbasNasaAmes WARNING : line 100: Variable 87: 'Detection limit expl.' will not be applied for the same reason
2018-12-19 17:32:23,299 EbasNasaAmes WARNING : line 101: Variable 88: unit '1/Mm' used for 'Detection limit' is inconsistent with variable's unit ('no unit'); detection limit definition will not be applied
2018-12-19 17:32:23,299 EbasNasaAmes WARNING : line 101: Variable 88: 'Detection limit expl.' will not be applied for the same reason
2018-12-19 17:32:23,299 EbasNasaAmes WARNING : line 102: Variable 89: unit '1/Mm' used for 'Detection limit' is inconsistent with variable's unit ('no unit'); detection limit definition will not be applied
2018-12-19 17:32:23,299 EbasNasaAmes WARNING : line 102: Variable 89: 'Detection limit expl.' will not be applied for the same reason
2018-12-19 17:32:23,299 EbasNasaAmes WARNING : line 103: Variable 90: unit '1/Mm' used for 'Detection limit' is inconsistent with variable's unit ('no unit'); detection limit definition will not be applied
2018-12-19 17:32:23,299 EbasNasaAmes WARNING : line 103: Variable 90: 'Detection limit expl.' will not be applied for the same reason
2018-12-19 17:32:23,299 EbasNasaAmes WARNING : line 104: Variable 91: unit '1/Mm' used for 'Detection limit' is inconsistent with variable's unit ('no unit'); detection limit definition will not be applied
2018-12-19 17:32:23,299 EbasNasaAmes WARNING : line 104: Variable 91: 'Detection limit expl.' will not be applied for the same reason
2018-12-19 17:32:23,299 EbasNasaAmes WARNING : line 105: Variable 92: unit '1/Mm' used for 'Detection limit' is inconsistent with variable's unit ('no unit'); detection limit definition will not be applied
2018-12-19 17:32:23,299 EbasNasaAmes WARNING : line 105: Variable 92: 'Detection limit expl.' will not be applied for the same reason
2018-12-19 17:32:23,299 EbasNasaAmes WARNING : line 106: Variable 93: unit '1/Mm' used for 'Detection limit' is inconsistent with variable's unit ('no unit'); detection limit definition will not be applied
2018-12-19 17:32:23,299 EbasNasaAmes WARNING : line 106: Variable 93: 'Detection limit expl.' will not be applied for the same reason
2018-12-19 17:32:23,299 EbasNasaAmes WARNING : line 107: Variable 94: unit '1/Mm' used for 'Detection limit' is inconsistent with variable's unit ('no unit'); detection limit definition will not be applied
2018-12-19 17:32:23,299 EbasNasaAmes WARNING : line 107: Variable 94: 'Detection limit expl.' will not be applied for the same reason
2018-12-19 17:32:23,299 EbasNasaAmes WARNING : line 108: Variable 95: unit '1/Mm' used for 'Detection limit' is inconsistent with variable's unit ('no unit'); detection limit definition will not be applied
2018-12-19 17:32:23,299 EbasNasaAmes WARNING : line 108: Variable 95: 'Detection limit expl.' will not be applied for the same reason
2018-12-19 17:32:23,299 EbasNasaAmes WARNING : line 109: Variable 96: unit '1/Mm' used for 'Detection limit' is inconsistent with variable's unit ('no unit'); detection limit definition will not be applied
2018-12-19 17:32:23,300 EbasNasaAmes WARNING : line 109: Variable 96: 'Detection limit expl.' will not be applied for the same reason
2018-12-19 17:32:23,307 EbasNasaAmes WARNING : File name: changed from 'US6002C.20010101000000.20181219000000.nephelometer.aerosol_light_scattering_coefficient.pm10.1y.1h.TSI_3563_SGP_ref_TSI_3563_SGP_wet..lev2.nas' to 'US6002C.20010101000700.20181219000000.nephelometer.aerosol_light_scattering_coefficient.pm10.1y.1h.US06L_TSI_3563_SGP_ref+TSI_3563_SGP_wet.US06L_hygro_tandem_neph_CorrData.lev2.nas'
2018-12-19 17:32:23,310 ebas_insert  WARNING : No DB connection, skipping insert.
2018-12-19 17:32:23,310 ebas_insert  INFO    : file ./SGP/US6002C.20010101000000.20181219000000.nephelometer.aerosol_light_scattering_coefficient.pm10.1y.1h.TSI_3563_SGP_ref_TSI_3563_SGP_wet..lev2.nas: 0 Errors, 29 Warnings
