2018-12-19 18:12:11,460 EbasCmdLine  INFO    : DB connection disabled by argument --nodb
2018-12-19 18:12:11,461 ebas_insert  WARNING : No DB connection, files will be preliminarily checked only.
2018-12-19 18:12:11,461 ebas_insert  WARNING : no option --non-interactive but stdin is not a tty: option --non-interactive will be added
2018-12-19 18:12:11,461 NasaAmes1001 INFO    : reading file ./SGP/US6002C.20140101000000.20181219000000.nephelometer.aerosol_light_scattering_coefficient.pm1.1y.1h.TSI_3563_SGP_ref_TSI_3563_SGP_wet..lev2.nas
2018-12-19 18:12:11,482 NasaAmes1001 WARNING : line 118: character set encoding: fallback to codec 'iso8859-15' but this might be wrong
2018-12-19 18:12:11,482 NasaAmes1001 WARNING : File contains NO-BREAK SPACE characters, will be substituted with normal blanks
2018-12-19 18:12:14,322 EbasNasaAmes WARNING : line 153: Legacy metadata element 'Height AGL' translated to 'Measurement height'
2018-12-19 18:12:14,323 EbasNasaAmes WARNING : line 163: Zero/negative values code: Zero/negative values code 'zero/negative possible' changed to 'Zero/negative possible'
2018-12-19 18:12:14,828 EbasNasaAmes WARNING : Period code '1y' should be '38w' according to data
2018-12-19 18:12:14,852 EbasNasaAmes WARNING : line 98: Variable 85: unit '1/Mm' used for 'Detection limit' is inconsistent with variable's unit ('no unit'); detection limit definition will not be applied
2018-12-19 18:12:14,852 EbasNasaAmes WARNING : line 98: Variable 85: 'Detection limit expl.' will not be applied for the same reason
2018-12-19 18:12:14,852 EbasNasaAmes WARNING : line 99: Variable 86: unit '1/Mm' used for 'Detection limit' is inconsistent with variable's unit ('no unit'); detection limit definition will not be applied
2018-12-19 18:12:14,852 EbasNasaAmes WARNING : line 99: Variable 86: 'Detection limit expl.' will not be applied for the same reason
2018-12-19 18:12:14,852 EbasNasaAmes WARNING : line 100: Variable 87: unit '1/Mm' used for 'Detection limit' is inconsistent with variable's unit ('no unit'); detection limit definition will not be applied
2018-12-19 18:12:14,852 EbasNasaAmes WARNING : line 100: Variable 87: 'Detection limit expl.' will not be applied for the same reason
2018-12-19 18:12:14,853 EbasNasaAmes WARNING : line 101: Variable 88: unit '1/Mm' used for 'Detection limit' is inconsistent with variable's unit ('no unit'); detection limit definition will not be applied
2018-12-19 18:12:14,853 EbasNasaAmes WARNING : line 101: Variable 88: 'Detection limit expl.' will not be applied for the same reason
2018-12-19 18:12:14,853 EbasNasaAmes WARNING : line 102: Variable 89: unit '1/Mm' used for 'Detection limit' is inconsistent with variable's unit ('no unit'); detection limit definition will not be applied
2018-12-19 18:12:14,853 EbasNasaAmes WARNING : line 102: Variable 89: 'Detection limit expl.' will not be applied for the same reason
2018-12-19 18:12:14,853 EbasNasaAmes WARNING : line 103: Variable 90: unit '1/Mm' used for 'Detection limit' is inconsistent with variable's unit ('no unit'); detection limit definition will not be applied
2018-12-19 18:12:14,853 EbasNasaAmes WARNING : line 103: Variable 90: 'Detection limit expl.' will not be applied for the same reason
2018-12-19 18:12:14,853 EbasNasaAmes WARNING : line 104: Variable 91: unit '1/Mm' used for 'Detection limit' is inconsistent with variable's unit ('no unit'); detection limit definition will not be applied
2018-12-19 18:12:14,853 EbasNasaAmes WARNING : line 104: Variable 91: 'Detection limit expl.' will not be applied for the same reason
2018-12-19 18:12:14,853 EbasNasaAmes WARNING : line 105: Variable 92: unit '1/Mm' used for 'Detection limit' is inconsistent with variable's unit ('no unit'); detection limit definition will not be applied
2018-12-19 18:12:14,853 EbasNasaAmes WARNING : line 105: Variable 92: 'Detection limit expl.' will not be applied for the same reason
2018-12-19 18:12:14,853 EbasNasaAmes WARNING : line 106: Variable 93: unit '1/Mm' used for 'Detection limit' is inconsistent with variable's unit ('no unit'); detection limit definition will not be applied
2018-12-19 18:12:14,853 EbasNasaAmes WARNING : line 106: Variable 93: 'Detection limit expl.' will not be applied for the same reason
2018-12-19 18:12:14,853 EbasNasaAmes WARNING : line 107: Variable 94: unit '1/Mm' used for 'Detection limit' is inconsistent with variable's unit ('no unit'); detection limit definition will not be applied
2018-12-19 18:12:14,853 EbasNasaAmes WARNING : line 107: Variable 94: 'Detection limit expl.' will not be applied for the same reason
2018-12-19 18:12:14,853 EbasNasaAmes WARNING : line 108: Variable 95: unit '1/Mm' used for 'Detection limit' is inconsistent with variable's unit ('no unit'); detection limit definition will not be applied
2018-12-19 18:12:14,853 EbasNasaAmes WARNING : line 108: Variable 95: 'Detection limit expl.' will not be applied for the same reason
2018-12-19 18:12:14,853 EbasNasaAmes WARNING : line 109: Variable 96: unit '1/Mm' used for 'Detection limit' is inconsistent with variable's unit ('no unit'); detection limit definition will not be applied
2018-12-19 18:12:14,854 EbasNasaAmes WARNING : line 109: Variable 96: 'Detection limit expl.' will not be applied for the same reason
2018-12-19 18:12:14,861 EbasNasaAmes WARNING : File name: changed from 'US6002C.20140101000000.20181219000000.nephelometer.aerosol_light_scattering_coefficient.pm1.1y.1h.TSI_3563_SGP_ref_TSI_3563_SGP_wet..lev2.nas' to 'US6002C.20140408203000.20181219000000.nephelometer.aerosol_light_scattering_coefficient.pm1.1y.1h.US06L_TSI_3563_SGP_ref+TSI_3563_SGP_wet.US06L_hygro_tandem_neph_CorrData.lev2.nas'
2018-12-19 18:12:14,864 EbasNasaAmes WARNING : variable[12]: All valid values are 25.631. Check data sanity.
2018-12-19 18:12:14,867 EbasNasaAmes WARNING : variable[13]: All valid values are 25.586. Check data sanity.
2018-12-19 18:12:14,871 EbasNasaAmes WARNING : variable[14]: All valid values are 25.541. Check data sanity.
2018-12-19 18:12:14,875 EbasNasaAmes WARNING : variable[26]: All valid values are 17.404. Check data sanity.
2018-12-19 18:12:14,878 EbasNasaAmes WARNING : variable[27]: All valid values are 17.338. Check data sanity.
2018-12-19 18:12:14,881 EbasNasaAmes WARNING : variable[28]: All valid values are 17.273. Check data sanity.
2018-12-19 18:12:14,885 EbasNasaAmes WARNING : variable[40]: All valid values are 10.968. Check data sanity.
2018-12-19 18:12:14,888 EbasNasaAmes WARNING : variable[41]: All valid values are 10.928. Check data sanity.
2018-12-19 18:12:14,891 EbasNasaAmes WARNING : variable[42]: All valid values are 10.889. Check data sanity.
2018-12-19 18:12:14,895 EbasNasaAmes WARNING : variable[54]: All valid values are 0.151. Check data sanity.
2018-12-19 18:12:14,899 EbasNasaAmes WARNING : variable[55]: All valid values are 0.151. Check data sanity.
2018-12-19 18:12:14,902 EbasNasaAmes WARNING : variable[56]: All valid values are 0.151. Check data sanity.
2018-12-19 18:12:14,906 EbasNasaAmes WARNING : variable[68]: All valid values are 0.084. Check data sanity.
2018-12-19 18:12:14,909 EbasNasaAmes WARNING : variable[69]: All valid values are 0.084. Check data sanity.
2018-12-19 18:12:14,913 EbasNasaAmes WARNING : variable[70]: All valid values are 0.085. Check data sanity.
2018-12-19 18:12:14,916 EbasNasaAmes WARNING : variable[82]: All valid values are 0.052. Check data sanity.
2018-12-19 18:12:14,920 EbasNasaAmes WARNING : variable[83]: All valid values are 0.052. Check data sanity.
2018-12-19 18:12:14,923 EbasNasaAmes WARNING : variable[84]: All valid values are 0.052. Check data sanity.
2018-12-19 18:12:14,923 ebas_insert  WARNING : No DB connection, skipping insert.
2018-12-19 18:12:14,923 ebas_insert  INFO    : file ./SGP/US6002C.20140101000000.20181219000000.nephelometer.aerosol_light_scattering_coefficient.pm1.1y.1h.TSI_3563_SGP_ref_TSI_3563_SGP_wet..lev2.nas: 0 Errors, 47 Warnings
