2018-12-19 23:50:23,411 EbasCmdLine  INFO    : DB connection disabled by argument --nodb
2018-12-19 23:50:23,413 ebas_insert  WARNING : No DB connection, files will be preliminarily checked only.
2018-12-19 23:50:23,416 ebas_insert  WARNING : no option --non-interactive but stdin is not a tty: option --non-interactive will be added
2018-12-19 23:50:23,416 NasaAmes1001 INFO    : reading file /home/paul/check_ebas_filetree/tmp/ES0020U.20140101000000.20181214000000.nephelometer.aerosol_light_scattering_coefficient.aerosol.1y.1mn.TSI_3563_UGR_ref_TSI_3563_UGR_wet..lev0.nas
2018-12-19 23:50:23,425 NasaAmes1001 WARNING : line 41: character set encoding: fallback to codec 'iso8859-15' but this might be wrong
2018-12-19 23:50:23,425 NasaAmes1001 WARNING : File contains NO-BREAK SPACE characters, will be substituted with normal blanks
2018-12-19 23:51:02,675 EbasNasaAmes WARNING : line 76: Legacy metadata element 'Height AGL' translated to 'Measurement height'
2018-12-19 23:51:02,676 EbasNasaAmes WARNING : line 85: Zero/negative values code: Zero/negative values code 'zero/negative possible' changed to 'Zero/negative possible'
2018-12-19 23:51:02,681 EbasNasaAmes WARNING : line 20: VNAME[7]: Legacy VNAME 'number of wavelengths' skipped
2018-12-19 23:51:02,696 EbasNasaAmes WARNING : line 90: start time of first sample (2014-01-01T00:01:00) is not equal to 'Startdate' specified in metadata (2014-01-01T00:00:00)
2018-12-19 23:51:12,171 EbasNasaAmes WARNING : Period code '1y' should be '9mo' according to data
2018-12-19 23:51:12,294 EbasNasaAmes WARNING : line 14: Variable 1: unit '1/Mm' used for 'Detection limit' is inconsistent with variable's unit ('hPa'); detection limit definition will not be applied
2018-12-19 23:51:12,294 EbasNasaAmes WARNING : line 14: Variable 1: 'Detection limit expl.' will not be applied for the same reason
2018-12-19 23:51:12,294 EbasNasaAmes WARNING : line 15: Variable 2: unit '1/Mm' used for 'Detection limit' is inconsistent with variable's unit ('hPa'); detection limit definition will not be applied
2018-12-19 23:51:12,294 EbasNasaAmes WARNING : line 15: Variable 2: 'Detection limit expl.' will not be applied for the same reason
2018-12-19 23:51:12,294 EbasNasaAmes WARNING : line 16: Variable 3: unit '1/Mm' used for 'Detection limit' is inconsistent with variable's unit ('K'); detection limit definition will not be applied
2018-12-19 23:51:12,294 EbasNasaAmes WARNING : line 16: Variable 3: 'Detection limit expl.' will not be applied for the same reason
2018-12-19 23:51:12,294 EbasNasaAmes WARNING : line 17: Variable 4: unit '1/Mm' used for 'Detection limit' is inconsistent with variable's unit ('K'); detection limit definition will not be applied
2018-12-19 23:51:12,294 EbasNasaAmes WARNING : line 17: Variable 4: 'Detection limit expl.' will not be applied for the same reason
2018-12-19 23:51:12,294 EbasNasaAmes WARNING : line 18: Variable 5: unit '1/Mm' used for 'Detection limit' is inconsistent with variable's unit ('%'); detection limit definition will not be applied
2018-12-19 23:51:12,294 EbasNasaAmes WARNING : line 18: Variable 5: 'Detection limit expl.' will not be applied for the same reason
2018-12-19 23:51:12,294 EbasNasaAmes WARNING : line 19: Variable 6: unit '1/Mm' used for 'Detection limit' is inconsistent with variable's unit ('%'); detection limit definition will not be applied
2018-12-19 23:51:12,294 EbasNasaAmes WARNING : line 19: Variable 6: 'Detection limit expl.' will not be applied for the same reason
2018-12-19 23:51:12,296 EbasNasaAmes WARNING : File name: changed from 'ES0020U.20140101000000.20181214000000.nephelometer.aerosol_light_scattering_coefficient.aerosol.1y.1mn.TSI_3563_UGR_ref_TSI_3563_UGR_wet..lev0.nas' to 'ES0020U.20140101000000.20181214000000.nephelometer.aerosol_light_scattering_coefficient.aerosol.1y.1mn.ES08L_TSI_3563_UGR_ref+TSI_3563_UGR_wet.ES08L_hygro_tandem_neph_CorrData.lev0.nas'
2018-12-19 23:51:12,297 ebas_insert  WARNING : No DB connection, skipping insert.
2018-12-19 23:51:12,297 ebas_insert  INFO    : file /home/paul/check_ebas_filetree/tmp/ES0020U.20140101000000.20181214000000.nephelometer.aerosol_light_scattering_coefficient.aerosol.1y.1mn.TSI_3563_UGR_ref_TSI_3563_UGR_wet..lev0.nas: 0 Errors, 19 Warnings
