2018-12-19 12:33:38,468 EbasCmdLine  INFO    : DB connection disabled by argument --nodb
2018-12-19 12:33:38,470 ebas_insert  WARNING : No DB connection, files will be preliminarily checked only.
2018-12-19 12:33:38,471 NasaAmes1001 INFO    : reading file ./UGR/ES0020U.20160101000000.20181219000000.nephelometer.aerosol_light_scattering_coefficient.aerosol.1y.1h.TSI_3563_UGR_ref_TSI_3563_UGR_wet..lev2.nas
2018-12-19 12:33:38,478 NasaAmes1001 WARNING : line 118: character set encoding: fallback to codec 'iso8859-15' but this might be wrong
2018-12-19 12:33:38,479 NasaAmes1001 WARNING : File contains NO-BREAK SPACE characters, will be substituted with normal blanks
2018-12-19 12:33:40,032 EbasNasaAmes WARNING : line 153: Legacy metadata element 'Height AGL' translated to 'Measurement height'
2018-12-19 12:33:40,033 EbasNasaAmes WARNING : line 162: Zero/negative values code: Zero/negative values code 'zero/negative possible' changed to 'Zero/negative possible'
2018-12-19 12:33:40,274 EbasNasaAmes WARNING : Period code '1y' should be '3mo' according to data
2018-12-19 12:33:40,302 EbasNasaAmes WARNING : line 98: Variable 85: unit '1/Mm' used for 'Detection limit' is inconsistent with variable's unit ('no unit'); detection limit definition will not be applied
2018-12-19 12:33:40,302 EbasNasaAmes WARNING : line 98: Variable 85: 'Detection limit expl.' will not be applied for the same reason
2018-12-19 12:33:40,302 EbasNasaAmes WARNING : line 99: Variable 86: unit '1/Mm' used for 'Detection limit' is inconsistent with variable's unit ('no unit'); detection limit definition will not be applied
2018-12-19 12:33:40,302 EbasNasaAmes WARNING : line 99: Variable 86: 'Detection limit expl.' will not be applied for the same reason
2018-12-19 12:33:40,302 EbasNasaAmes WARNING : line 100: Variable 87: unit '1/Mm' used for 'Detection limit' is inconsistent with variable's unit ('no unit'); detection limit definition will not be applied
2018-12-19 12:33:40,303 EbasNasaAmes WARNING : line 100: Variable 87: 'Detection limit expl.' will not be applied for the same reason
2018-12-19 12:33:40,303 EbasNasaAmes WARNING : line 101: Variable 88: unit '1/Mm' used for 'Detection limit' is inconsistent with variable's unit ('no unit'); detection limit definition will not be applied
2018-12-19 12:33:40,303 EbasNasaAmes WARNING : line 101: Variable 88: 'Detection limit expl.' will not be applied for the same reason
2018-12-19 12:33:40,303 EbasNasaAmes WARNING : line 102: Variable 89: unit '1/Mm' used for 'Detection limit' is inconsistent with variable's unit ('no unit'); detection limit definition will not be applied
2018-12-19 12:33:40,303 EbasNasaAmes WARNING : line 102: Variable 89: 'Detection limit expl.' will not be applied for the same reason
2018-12-19 12:33:40,303 EbasNasaAmes WARNING : line 103: Variable 90: unit '1/Mm' used for 'Detection limit' is inconsistent with variable's unit ('no unit'); detection limit definition will not be applied
2018-12-19 12:33:40,303 EbasNasaAmes WARNING : line 103: Variable 90: 'Detection limit expl.' will not be applied for the same reason
2018-12-19 12:33:40,304 EbasNasaAmes WARNING : line 104: Variable 91: unit '1/Mm' used for 'Detection limit' is inconsistent with variable's unit ('no unit'); detection limit definition will not be applied
2018-12-19 12:33:40,304 EbasNasaAmes WARNING : line 104: Variable 91: 'Detection limit expl.' will not be applied for the same reason
2018-12-19 12:33:40,304 EbasNasaAmes WARNING : line 105: Variable 92: unit '1/Mm' used for 'Detection limit' is inconsistent with variable's unit ('no unit'); detection limit definition will not be applied
2018-12-19 12:33:40,304 EbasNasaAmes WARNING : line 105: Variable 92: 'Detection limit expl.' will not be applied for the same reason
2018-12-19 12:33:40,304 EbasNasaAmes WARNING : line 106: Variable 93: unit '1/Mm' used for 'Detection limit' is inconsistent with variable's unit ('no unit'); detection limit definition will not be applied
2018-12-19 12:33:40,304 EbasNasaAmes WARNING : line 106: Variable 93: 'Detection limit expl.' will not be applied for the same reason
2018-12-19 12:33:40,304 EbasNasaAmes WARNING : line 107: Variable 94: unit '1/Mm' used for 'Detection limit' is inconsistent with variable's unit ('no unit'); detection limit definition will not be applied
2018-12-19 12:33:40,304 EbasNasaAmes WARNING : line 107: Variable 94: 'Detection limit expl.' will not be applied for the same reason
2018-12-19 12:33:40,305 EbasNasaAmes WARNING : line 108: Variable 95: unit '1/Mm' used for 'Detection limit' is inconsistent with variable's unit ('no unit'); detection limit definition will not be applied
2018-12-19 12:33:40,305 EbasNasaAmes WARNING : line 108: Variable 95: 'Detection limit expl.' will not be applied for the same reason
2018-12-19 12:33:40,305 EbasNasaAmes WARNING : line 109: Variable 96: unit '1/Mm' used for 'Detection limit' is inconsistent with variable's unit ('no unit'); detection limit definition will not be applied
2018-12-19 12:33:40,305 EbasNasaAmes WARNING : line 109: Variable 96: 'Detection limit expl.' will not be applied for the same reason
2018-12-19 12:33:40,317 EbasNasaAmes WARNING : File name: changed from 'ES0020U.20160101000000.20181219000000.nephelometer.aerosol_light_scattering_coefficient.aerosol.1y.1h.TSI_3563_UGR_ref_TSI_3563_UGR_wet..lev2.nas' to 'ES0020U.20160101010000.20181219000000.nephelometer.aerosol_light_scattering_coefficient.aerosol.1y.1h.ES08L_TSI_3563_UGR_ref+TSI_3563_UGR_wet.ES08L_hygro_tandem_neph_CorrData.lev2.nas'
2018-12-19 12:33:40,318 EbasNasaAmes WARNING : variable[13]: All values are MISSING. Check data sanity.
2018-12-19 12:33:40,318 EbasNasaAmes WARNING : variable[14]: All values are MISSING. Check data sanity.
2018-12-19 12:33:40,319 EbasNasaAmes WARNING : variable[27]: All values are MISSING. Check data sanity.
2018-12-19 12:33:40,319 EbasNasaAmes WARNING : variable[28]: All values are MISSING. Check data sanity.
2018-12-19 12:33:40,321 EbasNasaAmes WARNING : variable[41]: All values are MISSING. Check data sanity.
2018-12-19 12:33:40,321 EbasNasaAmes WARNING : variable[42]: All values are MISSING. Check data sanity.
2018-12-19 12:33:40,322 EbasNasaAmes WARNING : variable[55]: All values are MISSING. Check data sanity.
2018-12-19 12:33:40,322 EbasNasaAmes WARNING : variable[56]: All values are MISSING. Check data sanity.
2018-12-19 12:33:40,323 EbasNasaAmes WARNING : variable[69]: All values are MISSING. Check data sanity.
2018-12-19 12:33:40,323 EbasNasaAmes WARNING : variable[70]: All values are MISSING. Check data sanity.
2018-12-19 12:33:40,324 EbasNasaAmes WARNING : variable[83]: All values are MISSING. Check data sanity.
2018-12-19 12:33:40,324 EbasNasaAmes WARNING : variable[84]: All values are MISSING. Check data sanity.
2018-12-19 12:33:40,325 ebas_insert  WARNING : No DB connection, skipping insert.
2018-12-19 12:33:40,325 ebas_insert  INFO    : file ./UGR/ES0020U.20160101000000.20181219000000.nephelometer.aerosol_light_scattering_coefficient.aerosol.1y.1h.TSI_3563_UGR_ref_TSI_3563_UGR_wet..lev2.nas: 0 Errors, 41 Warnings
