2018-12-19 12:32:55,689 EbasCmdLine  INFO    : DB connection disabled by argument --nodb
2018-12-19 12:32:55,691 ebas_insert  WARNING : No DB connection, files will be preliminarily checked only.
2018-12-19 12:32:55,691 NasaAmes1001 INFO    : reading file ./UGR/ES0020U.20140101000000.20181214000000.nephelometer.aerosol_light_scattering_coefficient.aerosol.1y.1h.TSI_3563_UGR_ref_TSI_3563_UGR_wet..lev2.nas
2018-12-19 12:32:55,699 NasaAmes1001 WARNING : line 118: character set encoding: fallback to codec 'iso8859-15' but this might be wrong
2018-12-19 12:32:55,699 NasaAmes1001 WARNING : File contains NO-BREAK SPACE characters, will be substituted with normal blanks
2018-12-19 12:33:00,109 EbasNasaAmes WARNING : line 153: Legacy metadata element 'Height AGL' translated to 'Measurement height'
2018-12-19 12:33:00,110 EbasNasaAmes WARNING : line 162: Zero/negative values code: Zero/negative values code 'zero/negative possible' changed to 'Zero/negative possible'
2018-12-19 12:33:00,840 EbasNasaAmes WARNING : line 98: Variable 85: unit '1/Mm' used for 'Detection limit' is inconsistent with variable's unit ('no unit'); detection limit definition will not be applied
2018-12-19 12:33:00,840 EbasNasaAmes WARNING : line 98: Variable 85: 'Detection limit expl.' will not be applied for the same reason
2018-12-19 12:33:00,840 EbasNasaAmes WARNING : line 99: Variable 86: unit '1/Mm' used for 'Detection limit' is inconsistent with variable's unit ('no unit'); detection limit definition will not be applied
2018-12-19 12:33:00,840 EbasNasaAmes WARNING : line 99: Variable 86: 'Detection limit expl.' will not be applied for the same reason
2018-12-19 12:33:00,840 EbasNasaAmes WARNING : line 100: Variable 87: unit '1/Mm' used for 'Detection limit' is inconsistent with variable's unit ('no unit'); detection limit definition will not be applied
2018-12-19 12:33:00,840 EbasNasaAmes WARNING : line 100: Variable 87: 'Detection limit expl.' will not be applied for the same reason
2018-12-19 12:33:00,840 EbasNasaAmes WARNING : line 101: Variable 88: unit '1/Mm' used for 'Detection limit' is inconsistent with variable's unit ('no unit'); detection limit definition will not be applied
2018-12-19 12:33:00,841 EbasNasaAmes WARNING : line 101: Variable 88: 'Detection limit expl.' will not be applied for the same reason
2018-12-19 12:33:00,841 EbasNasaAmes WARNING : line 102: Variable 89: unit '1/Mm' used for 'Detection limit' is inconsistent with variable's unit ('no unit'); detection limit definition will not be applied
2018-12-19 12:33:00,841 EbasNasaAmes WARNING : line 102: Variable 89: 'Detection limit expl.' will not be applied for the same reason
2018-12-19 12:33:00,841 EbasNasaAmes WARNING : line 103: Variable 90: unit '1/Mm' used for 'Detection limit' is inconsistent with variable's unit ('no unit'); detection limit definition will not be applied
2018-12-19 12:33:00,841 EbasNasaAmes WARNING : line 103: Variable 90: 'Detection limit expl.' will not be applied for the same reason
2018-12-19 12:33:00,841 EbasNasaAmes WARNING : line 104: Variable 91: unit '1/Mm' used for 'Detection limit' is inconsistent with variable's unit ('no unit'); detection limit definition will not be applied
2018-12-19 12:33:00,841 EbasNasaAmes WARNING : line 104: Variable 91: 'Detection limit expl.' will not be applied for the same reason
2018-12-19 12:33:00,842 EbasNasaAmes WARNING : line 105: Variable 92: unit '1/Mm' used for 'Detection limit' is inconsistent with variable's unit ('no unit'); detection limit definition will not be applied
2018-12-19 12:33:00,842 EbasNasaAmes WARNING : line 105: Variable 92: 'Detection limit expl.' will not be applied for the same reason
2018-12-19 12:33:00,842 EbasNasaAmes WARNING : line 106: Variable 93: unit '1/Mm' used for 'Detection limit' is inconsistent with variable's unit ('no unit'); detection limit definition will not be applied
2018-12-19 12:33:00,842 EbasNasaAmes WARNING : line 106: Variable 93: 'Detection limit expl.' will not be applied for the same reason
2018-12-19 12:33:00,842 EbasNasaAmes WARNING : line 107: Variable 94: unit '1/Mm' used for 'Detection limit' is inconsistent with variable's unit ('no unit'); detection limit definition will not be applied
2018-12-19 12:33:00,842 EbasNasaAmes WARNING : line 107: Variable 94: 'Detection limit expl.' will not be applied for the same reason
2018-12-19 12:33:00,842 EbasNasaAmes WARNING : line 108: Variable 95: unit '1/Mm' used for 'Detection limit' is inconsistent with variable's unit ('no unit'); detection limit definition will not be applied
2018-12-19 12:33:00,843 EbasNasaAmes WARNING : line 108: Variable 95: 'Detection limit expl.' will not be applied for the same reason
2018-12-19 12:33:00,843 EbasNasaAmes WARNING : line 109: Variable 96: unit '1/Mm' used for 'Detection limit' is inconsistent with variable's unit ('no unit'); detection limit definition will not be applied
2018-12-19 12:33:00,843 EbasNasaAmes WARNING : line 109: Variable 96: 'Detection limit expl.' will not be applied for the same reason
2018-12-19 12:33:00,854 EbasNasaAmes WARNING : File name: changed from 'ES0020U.20140101000000.20181214000000.nephelometer.aerosol_light_scattering_coefficient.aerosol.1y.1h.TSI_3563_UGR_ref_TSI_3563_UGR_wet..lev2.nas' to 'ES0020U.20140101010000.20181214000000.nephelometer.aerosol_light_scattering_coefficient.aerosol.1y.1h.ES08L_TSI_3563_UGR_ref+TSI_3563_UGR_wet.ES08L_hygro_tandem_neph_CorrData.lev2.nas'
2018-12-19 12:33:00,855 EbasNasaAmes WARNING : variable[13]: All values are MISSING. Check data sanity.
2018-12-19 12:33:00,855 EbasNasaAmes WARNING : variable[14]: All values are MISSING. Check data sanity.
2018-12-19 12:33:00,856 EbasNasaAmes WARNING : variable[27]: All values are MISSING. Check data sanity.
2018-12-19 12:33:00,856 EbasNasaAmes WARNING : variable[28]: All values are MISSING. Check data sanity.
2018-12-19 12:33:00,857 EbasNasaAmes WARNING : variable[41]: All values are MISSING. Check data sanity.
2018-12-19 12:33:00,857 EbasNasaAmes WARNING : variable[42]: All values are MISSING. Check data sanity.
2018-12-19 12:33:00,857 EbasNasaAmes WARNING : variable[43]: All values are MISSING. Check data sanity.
2018-12-19 12:33:00,857 EbasNasaAmes WARNING : variable[44]: All values are MISSING. Check data sanity.
2018-12-19 12:33:00,864 EbasNasaAmes WARNING : variable[45]: All valid values are 8.159. Check data sanity.
2018-12-19 12:33:00,866 EbasNasaAmes WARNING : variable[53]: All values are MISSING. Check data sanity.
2018-12-19 12:33:00,866 EbasNasaAmes WARNING : variable[54]: All values are MISSING. Check data sanity.
2018-12-19 12:33:00,866 EbasNasaAmes WARNING : variable[55]: All values are MISSING. Check data sanity.
2018-12-19 12:33:00,867 EbasNasaAmes WARNING : variable[56]: All values are MISSING. Check data sanity.
2018-12-19 12:33:00,867 EbasNasaAmes WARNING : variable[57]: All values are MISSING. Check data sanity.
2018-12-19 12:33:00,867 EbasNasaAmes WARNING : variable[58]: All values are MISSING. Check data sanity.
2018-12-19 12:33:00,874 EbasNasaAmes WARNING : variable[59]: All valid values are 6.209. Check data sanity.
2018-12-19 12:33:00,876 EbasNasaAmes WARNING : variable[67]: All values are MISSING. Check data sanity.
2018-12-19 12:33:00,877 EbasNasaAmes WARNING : variable[68]: All values are MISSING. Check data sanity.
2018-12-19 12:33:00,877 EbasNasaAmes WARNING : variable[69]: All values are MISSING. Check data sanity.
2018-12-19 12:33:00,877 EbasNasaAmes WARNING : variable[70]: All values are MISSING. Check data sanity.
2018-12-19 12:33:00,877 EbasNasaAmes WARNING : variable[71]: All values are MISSING. Check data sanity.
2018-12-19 12:33:00,878 EbasNasaAmes WARNING : variable[72]: All values are MISSING. Check data sanity.
2018-12-19 12:33:00,885 EbasNasaAmes WARNING : variable[73]: All valid values are 4.285. Check data sanity.
2018-12-19 12:33:00,887 EbasNasaAmes WARNING : variable[81]: All values are MISSING. Check data sanity.
2018-12-19 12:33:00,887 EbasNasaAmes WARNING : variable[82]: All values are MISSING. Check data sanity.
2018-12-19 12:33:00,887 EbasNasaAmes WARNING : variable[83]: All values are MISSING. Check data sanity.
2018-12-19 12:33:00,888 EbasNasaAmes WARNING : variable[84]: All values are MISSING. Check data sanity.
2018-12-19 12:33:00,895 EbasNasaAmes WARNING : variable[88]: All valid values are 1.528. Check data sanity.
2018-12-19 12:33:00,902 EbasNasaAmes WARNING : variable[92]: All valid values are 1.555. Check data sanity.
2018-12-19 12:33:00,910 EbasNasaAmes WARNING : variable[96]: All valid values are 1.59. Check data sanity.
2018-12-19 12:33:00,910 ebas_insert  WARNING : No DB connection, skipping insert.
2018-12-19 12:33:00,910 ebas_insert  INFO    : file ./UGR/ES0020U.20140101000000.20181214000000.nephelometer.aerosol_light_scattering_coefficient.aerosol.1y.1h.TSI_3563_UGR_ref_TSI_3563_UGR_wet..lev2.nas: 0 Errors, 58 Warnings
