2018-12-19 12:35:47,561 EbasCmdLine  INFO    : DB connection disabled by argument --nodb
2018-12-19 12:35:47,563 ebas_insert  WARNING : No DB connection, files will be preliminarily checked only.
2018-12-19 12:35:47,563 NasaAmes1001 INFO    : reading file ./PVC/US0906R.20120101000000.20181218000000.nephelometer.aerosol_light_scattering_coefficient.pm10.1y.1h.TSI_3563_PVC_ref_TSI_3563_PVC_wet..lev2.nas
2018-12-19 12:35:47,571 NasaAmes1001 WARNING : line 118: character set encoding: fallback to codec 'iso8859-15' but this might be wrong
2018-12-19 12:35:47,571 NasaAmes1001 WARNING : File contains NO-BREAK SPACE characters, will be substituted with normal blanks
2018-12-19 12:35:49,034 EbasNasaAmes WARNING : line 152: Legacy metadata element 'Height AGL' translated to 'Measurement height'
2018-12-19 12:35:49,035 EbasNasaAmes WARNING : line 162: Zero/negative values code: Zero/negative values code 'zero/negative possible' changed to 'Zero/negative possible'
2018-12-19 12:35:49,298 EbasNasaAmes WARNING : Period code '1y' should be '16w' according to data
2018-12-19 12:35:49,327 EbasNasaAmes WARNING : line 98: Variable 85: unit '1/Mm' used for 'Detection limit' is inconsistent with variable's unit ('no unit'); detection limit definition will not be applied
2018-12-19 12:35:49,327 EbasNasaAmes WARNING : line 98: Variable 85: 'Detection limit expl.' will not be applied for the same reason
2018-12-19 12:35:49,327 EbasNasaAmes WARNING : line 99: Variable 86: unit '1/Mm' used for 'Detection limit' is inconsistent with variable's unit ('no unit'); detection limit definition will not be applied
2018-12-19 12:35:49,328 EbasNasaAmes WARNING : line 99: Variable 86: 'Detection limit expl.' will not be applied for the same reason
2018-12-19 12:35:49,328 EbasNasaAmes WARNING : line 100: Variable 87: unit '1/Mm' used for 'Detection limit' is inconsistent with variable's unit ('no unit'); detection limit definition will not be applied
2018-12-19 12:35:49,328 EbasNasaAmes WARNING : line 100: Variable 87: 'Detection limit expl.' will not be applied for the same reason
2018-12-19 12:35:49,328 EbasNasaAmes WARNING : line 101: Variable 88: unit '1/Mm' used for 'Detection limit' is inconsistent with variable's unit ('no unit'); detection limit definition will not be applied
2018-12-19 12:35:49,328 EbasNasaAmes WARNING : line 101: Variable 88: 'Detection limit expl.' will not be applied for the same reason
2018-12-19 12:35:49,328 EbasNasaAmes WARNING : line 102: Variable 89: unit '1/Mm' used for 'Detection limit' is inconsistent with variable's unit ('no unit'); detection limit definition will not be applied
2018-12-19 12:35:49,328 EbasNasaAmes WARNING : line 102: Variable 89: 'Detection limit expl.' will not be applied for the same reason
2018-12-19 12:35:49,328 EbasNasaAmes WARNING : line 103: Variable 90: unit '1/Mm' used for 'Detection limit' is inconsistent with variable's unit ('no unit'); detection limit definition will not be applied
2018-12-19 12:35:49,328 EbasNasaAmes WARNING : line 103: Variable 90: 'Detection limit expl.' will not be applied for the same reason
2018-12-19 12:35:49,329 EbasNasaAmes WARNING : line 104: Variable 91: unit '1/Mm' used for 'Detection limit' is inconsistent with variable's unit ('no unit'); detection limit definition will not be applied
2018-12-19 12:35:49,329 EbasNasaAmes WARNING : line 104: Variable 91: 'Detection limit expl.' will not be applied for the same reason
2018-12-19 12:35:49,329 EbasNasaAmes WARNING : line 105: Variable 92: unit '1/Mm' used for 'Detection limit' is inconsistent with variable's unit ('no unit'); detection limit definition will not be applied
2018-12-19 12:35:49,329 EbasNasaAmes WARNING : line 105: Variable 92: 'Detection limit expl.' will not be applied for the same reason
2018-12-19 12:35:49,329 EbasNasaAmes WARNING : line 106: Variable 93: unit '1/Mm' used for 'Detection limit' is inconsistent with variable's unit ('no unit'); detection limit definition will not be applied
2018-12-19 12:35:49,329 EbasNasaAmes WARNING : line 106: Variable 93: 'Detection limit expl.' will not be applied for the same reason
2018-12-19 12:35:49,329 EbasNasaAmes WARNING : line 107: Variable 94: unit '1/Mm' used for 'Detection limit' is inconsistent with variable's unit ('no unit'); detection limit definition will not be applied
2018-12-19 12:35:49,329 EbasNasaAmes WARNING : line 107: Variable 94: 'Detection limit expl.' will not be applied for the same reason
2018-12-19 12:35:49,329 EbasNasaAmes WARNING : line 108: Variable 95: unit '1/Mm' used for 'Detection limit' is inconsistent with variable's unit ('no unit'); detection limit definition will not be applied
2018-12-19 12:35:49,330 EbasNasaAmes WARNING : line 108: Variable 95: 'Detection limit expl.' will not be applied for the same reason
2018-12-19 12:35:49,330 EbasNasaAmes WARNING : line 109: Variable 96: unit '1/Mm' used for 'Detection limit' is inconsistent with variable's unit ('no unit'); detection limit definition will not be applied
2018-12-19 12:35:49,330 EbasNasaAmes WARNING : line 109: Variable 96: 'Detection limit expl.' will not be applied for the same reason
2018-12-19 12:35:49,345 EbasNasaAmes WARNING : File name: changed from 'US0906R.20120101000000.20181218000000.nephelometer.aerosol_light_scattering_coefficient.pm10.1y.1h.TSI_3563_PVC_ref_TSI_3563_PVC_wet..lev2.nas' to 'US0906R.20120910121900.20181218000000.nephelometer.aerosol_light_scattering_coefficient.pm10.1y.1h.US06L_TSI_3563_PVC_ref+TSI_3563_PVC_wet.US06L_hygro_tandem_neph_CorrData.lev2.nas'
2018-12-19 12:35:49,346 EbasNasaAmes WARNING : variable[13]: All values are MISSING. Check data sanity.
2018-12-19 12:35:49,347 EbasNasaAmes WARNING : variable[14]: All values are MISSING. Check data sanity.
2018-12-19 12:35:49,348 EbasNasaAmes WARNING : variable[27]: All values are MISSING. Check data sanity.
2018-12-19 12:35:49,348 EbasNasaAmes WARNING : variable[28]: All values are MISSING. Check data sanity.
2018-12-19 12:35:49,350 EbasNasaAmes WARNING : variable[41]: All values are MISSING. Check data sanity.
2018-12-19 12:35:49,350 EbasNasaAmes WARNING : variable[42]: All values are MISSING. Check data sanity.
2018-12-19 12:35:49,352 EbasNasaAmes WARNING : variable[55]: All values are MISSING. Check data sanity.
2018-12-19 12:35:49,352 EbasNasaAmes WARNING : variable[56]: All values are MISSING. Check data sanity.
2018-12-19 12:35:49,353 EbasNasaAmes WARNING : variable[69]: All values are MISSING. Check data sanity.
2018-12-19 12:35:49,353 EbasNasaAmes WARNING : variable[70]: All values are MISSING. Check data sanity.
2018-12-19 12:35:49,354 EbasNasaAmes WARNING : variable[83]: All values are MISSING. Check data sanity.
2018-12-19 12:35:49,354 EbasNasaAmes WARNING : variable[84]: All values are MISSING. Check data sanity.
2018-12-19 12:35:49,354 EbasNasaAmes WARNING : variable[87]: All values are MISSING. Check data sanity.
2018-12-19 12:35:49,357 EbasNasaAmes WARNING : variable[88]: All valid values are 1.411. Check data sanity.
2018-12-19 12:35:49,359 EbasNasaAmes WARNING : variable[91]: All valid values are 1.305. Check data sanity.
2018-12-19 12:35:49,360 ebas_insert  WARNING : No DB connection, skipping insert.
2018-12-19 12:35:49,360 ebas_insert  INFO    : file ./PVC/US0906R.20120101000000.20181218000000.nephelometer.aerosol_light_scattering_coefficient.pm10.1y.1h.TSI_3563_PVC_ref_TSI_3563_PVC_wet..lev2.nas: 0 Errors, 44 Warnings
