2018-12-19 14:08:05,555 EbasCmdLine  INFO    : DB connection disabled by argument --nodb
2018-12-19 14:08:05,557 ebas_insert  WARNING : No DB connection, files will be preliminarily checked only.
2018-12-19 14:08:05,557 NasaAmes1001 INFO    : reading file ./MEL/DE0044R.20090101000000.20181214000000.nephelometer.aerosol_light_scattering_coefficient.pm10.1mo.1mn.TSI_3563_MEL_ref_TSI_3563_MEL_wet..lev0.nas
2018-12-19 14:08:05,561 NasaAmes1001 WARNING : line 42: character set encoding: fallback to codec 'iso8859-15' but this might be wrong
2018-12-19 14:08:05,561 NasaAmes1001 WARNING : File contains NO-BREAK SPACE characters, will be substituted with normal blanks
2018-12-19 14:08:17,127 EbasNasaAmes WARNING : line 79: Legacy metadata element 'Height AGL' translated to 'Measurement height'
2018-12-19 14:08:17,127 EbasNasaAmes WARNING : line 89: Zero/negative values code: Zero/negative values code 'zero/negative possible' changed to 'Zero/negative possible'
2018-12-19 14:08:17,132 EbasNasaAmes WARNING : line 21: VNAME[8]: Legacy VNAME 'number of wavelengths' skipped
2018-12-19 14:08:17,146 EbasNasaAmes WARNING : line 94: start time of first sample (2009-02-23T13:20:08) is not equal to 'Startdate' specified in metadata (2009-02-23T13:20:07)
2018-12-19 14:08:19,019 EbasNasaAmes WARNING : Period code '1mo' should be '5w' according to data
2018-12-19 14:08:19,086 EbasNasaAmes WARNING : line 14: Variable 1: unit '1/Mm' used for 'Detection limit' is inconsistent with variable's unit ('hPa'); detection limit definition will not be applied
2018-12-19 14:08:19,087 EbasNasaAmes WARNING : line 14: Variable 1: 'Detection limit expl.' will not be applied for the same reason
2018-12-19 14:08:19,087 EbasNasaAmes WARNING : line 15: Variable 2: unit '1/Mm' used for 'Detection limit' is inconsistent with variable's unit ('hPa'); detection limit definition will not be applied
2018-12-19 14:08:19,087 EbasNasaAmes WARNING : line 15: Variable 2: 'Detection limit expl.' will not be applied for the same reason
2018-12-19 14:08:19,087 EbasNasaAmes WARNING : line 16: Variable 3: unit '1/Mm' used for 'Detection limit' is inconsistent with variable's unit ('K'); detection limit definition will not be applied
2018-12-19 14:08:19,087 EbasNasaAmes WARNING : line 16: Variable 3: 'Detection limit expl.' will not be applied for the same reason
2018-12-19 14:08:19,087 EbasNasaAmes WARNING : line 17: Variable 4: unit '1/Mm' used for 'Detection limit' is inconsistent with variable's unit ('K'); detection limit definition will not be applied
2018-12-19 14:08:19,087 EbasNasaAmes WARNING : line 17: Variable 4: 'Detection limit expl.' will not be applied for the same reason
2018-12-19 14:08:19,087 EbasNasaAmes WARNING : line 18: Variable 5: unit '1/Mm' used for 'Detection limit' is inconsistent with variable's unit ('%'); detection limit definition will not be applied
2018-12-19 14:08:19,088 EbasNasaAmes WARNING : line 18: Variable 5: 'Detection limit expl.' will not be applied for the same reason
2018-12-19 14:08:19,088 EbasNasaAmes WARNING : line 19: Variable 6: unit '1/Mm' used for 'Detection limit' is inconsistent with variable's unit ('%'); detection limit definition will not be applied
2018-12-19 14:08:19,088 EbasNasaAmes WARNING : line 19: Variable 6: 'Detection limit expl.' will not be applied for the same reason
2018-12-19 14:08:19,088 EbasNasaAmes WARNING : line 20: Variable 7: unit '1/Mm' used for 'Detection limit' is inconsistent with variable's unit ('%'); detection limit definition will not be applied
2018-12-19 14:08:19,088 EbasNasaAmes WARNING : line 20: Variable 7: 'Detection limit expl.' will not be applied for the same reason
2018-12-19 14:08:19,091 EbasNasaAmes WARNING : File name: changed from 'DE0044R.20090101000000.20181214000000.nephelometer.aerosol_light_scattering_coefficient.pm10.1mo.1mn.TSI_3563_MEL_ref_TSI_3563_MEL_wet..lev0.nas' to 'DE0044R.20090223132007.20181214000000.nephelometer.aerosol_light_scattering_coefficient.pm10.1mo.1mn.CH02L_TSI_3563_MEL_ref+TSI_3563_MEL_wet.CH02L_hygro_tandem_neph_CorrData.lev0.nas'
2018-12-19 14:08:19,092 ebas_insert  WARNING : No DB connection, skipping insert.
2018-12-19 14:08:19,092 ebas_insert  INFO    : file ./MEL/DE0044R.20090101000000.20181214000000.nephelometer.aerosol_light_scattering_coefficient.pm10.1mo.1mn.TSI_3563_MEL_ref_TSI_3563_MEL_wet..lev0.nas: 0 Errors, 21 Warnings
