2018-12-19 14:00:43,778 EbasCmdLine  INFO    : DB connection disabled by argument --nodb
2018-12-19 14:00:43,780 ebas_insert  WARNING : No DB connection, files will be preliminarily checked only.
2018-12-19 14:00:43,780 NasaAmes1001 INFO    : reading file ./HFE/CN0011R.20080101000000.20181219000000.nephelometer.aerosol_light_scattering_coefficient.pm1.8mo.1h.TSI_3563_HFE_ref_TSI_3563_HFE_wet..lev2.nas
2018-12-19 14:00:43,788 NasaAmes1001 WARNING : line 118: character set encoding: fallback to codec 'iso8859-15' but this might be wrong
2018-12-19 14:00:43,789 NasaAmes1001 WARNING : File contains NO-BREAK SPACE characters, will be substituted with normal blanks
2018-12-19 14:00:47,417 EbasNasaAmes WARNING : line 152: Legacy metadata element 'Height AGL' translated to 'Measurement height'
2018-12-19 14:00:47,418 EbasNasaAmes WARNING : line 162: Zero/negative values code: Zero/negative values code 'zero/negative possible' changed to 'Zero/negative possible'
2018-12-19 14:00:47,509 EbasNasaAmes WARNING : line 167: start time of first sample (2008-05-15T02:36:11) is not equal to 'Startdate' specified in metadata (2008-05-15T02:26:49)
2018-12-19 14:00:47,986 EbasNasaAmes WARNING : Period code '8mo' should be '7mo' according to data
2018-12-19 14:00:48,019 EbasNasaAmes WARNING : line 98: Variable 85: unit '1/Mm' used for 'Detection limit' is inconsistent with variable's unit ('no unit'); detection limit definition will not be applied
2018-12-19 14:00:48,019 EbasNasaAmes WARNING : line 98: Variable 85: 'Detection limit expl.' will not be applied for the same reason
2018-12-19 14:00:48,019 EbasNasaAmes WARNING : line 99: Variable 86: unit '1/Mm' used for 'Detection limit' is inconsistent with variable's unit ('no unit'); detection limit definition will not be applied
2018-12-19 14:00:48,019 EbasNasaAmes WARNING : line 99: Variable 86: 'Detection limit expl.' will not be applied for the same reason
2018-12-19 14:00:48,019 EbasNasaAmes WARNING : line 100: Variable 87: unit '1/Mm' used for 'Detection limit' is inconsistent with variable's unit ('no unit'); detection limit definition will not be applied
2018-12-19 14:00:48,019 EbasNasaAmes WARNING : line 100: Variable 87: 'Detection limit expl.' will not be applied for the same reason
2018-12-19 14:00:48,019 EbasNasaAmes WARNING : line 101: Variable 88: unit '1/Mm' used for 'Detection limit' is inconsistent with variable's unit ('no unit'); detection limit definition will not be applied
2018-12-19 14:00:48,020 EbasNasaAmes WARNING : line 101: Variable 88: 'Detection limit expl.' will not be applied for the same reason
2018-12-19 14:00:48,020 EbasNasaAmes WARNING : line 102: Variable 89: unit '1/Mm' used for 'Detection limit' is inconsistent with variable's unit ('no unit'); detection limit definition will not be applied
2018-12-19 14:00:48,020 EbasNasaAmes WARNING : line 102: Variable 89: 'Detection limit expl.' will not be applied for the same reason
2018-12-19 14:00:48,020 EbasNasaAmes WARNING : line 103: Variable 90: unit '1/Mm' used for 'Detection limit' is inconsistent with variable's unit ('no unit'); detection limit definition will not be applied
2018-12-19 14:00:48,020 EbasNasaAmes WARNING : line 103: Variable 90: 'Detection limit expl.' will not be applied for the same reason
2018-12-19 14:00:48,021 EbasNasaAmes WARNING : line 104: Variable 91: unit '1/Mm' used for 'Detection limit' is inconsistent with variable's unit ('no unit'); detection limit definition will not be applied
2018-12-19 14:00:48,021 EbasNasaAmes WARNING : line 104: Variable 91: 'Detection limit expl.' will not be applied for the same reason
2018-12-19 14:00:48,021 EbasNasaAmes WARNING : line 105: Variable 92: unit '1/Mm' used for 'Detection limit' is inconsistent with variable's unit ('no unit'); detection limit definition will not be applied
2018-12-19 14:00:48,021 EbasNasaAmes WARNING : line 105: Variable 92: 'Detection limit expl.' will not be applied for the same reason
2018-12-19 14:00:48,021 EbasNasaAmes WARNING : line 106: Variable 93: unit '1/Mm' used for 'Detection limit' is inconsistent with variable's unit ('no unit'); detection limit definition will not be applied
2018-12-19 14:00:48,022 EbasNasaAmes WARNING : line 106: Variable 93: 'Detection limit expl.' will not be applied for the same reason
2018-12-19 14:00:48,022 EbasNasaAmes WARNING : line 107: Variable 94: unit '1/Mm' used for 'Detection limit' is inconsistent with variable's unit ('no unit'); detection limit definition will not be applied
2018-12-19 14:00:48,022 EbasNasaAmes WARNING : line 107: Variable 94: 'Detection limit expl.' will not be applied for the same reason
2018-12-19 14:00:48,022 EbasNasaAmes WARNING : line 108: Variable 95: unit '1/Mm' used for 'Detection limit' is inconsistent with variable's unit ('no unit'); detection limit definition will not be applied
2018-12-19 14:00:48,022 EbasNasaAmes WARNING : line 108: Variable 95: 'Detection limit expl.' will not be applied for the same reason
2018-12-19 14:00:48,022 EbasNasaAmes WARNING : line 109: Variable 96: unit '1/Mm' used for 'Detection limit' is inconsistent with variable's unit ('no unit'); detection limit definition will not be applied
2018-12-19 14:00:48,023 EbasNasaAmes WARNING : line 109: Variable 96: 'Detection limit expl.' will not be applied for the same reason
2018-12-19 14:00:48,038 EbasNasaAmes WARNING : File name: changed from 'CN0011R.20080101000000.20181219000000.nephelometer.aerosol_light_scattering_coefficient.pm1.8mo.1h.TSI_3563_HFE_ref_TSI_3563_HFE_wet..lev2.nas' to 'CN0011R.20080515022649.20181219000000.nephelometer.aerosol_light_scattering_coefficient.pm1.8mo.1h.US06L_TSI_3563_HFE_ref+TSI_3563_HFE_wet.US06L_hygro_tandem_neph_CorrData.lev2.nas'
2018-12-19 14:00:48,039 EbasNasaAmes WARNING : variable[11]: All values are MISSING. Check data sanity.
2018-12-19 14:00:48,039 EbasNasaAmes WARNING : variable[12]: All values are MISSING. Check data sanity.
2018-12-19 14:00:48,040 EbasNasaAmes WARNING : variable[13]: All values are MISSING. Check data sanity.
2018-12-19 14:00:48,040 EbasNasaAmes WARNING : variable[14]: All values are MISSING. Check data sanity.
2018-12-19 14:00:48,041 EbasNasaAmes WARNING : variable[25]: All values are MISSING. Check data sanity.
2018-12-19 14:00:48,041 EbasNasaAmes WARNING : variable[26]: All values are MISSING. Check data sanity.
2018-12-19 14:00:48,042 EbasNasaAmes WARNING : variable[27]: All values are MISSING. Check data sanity.
2018-12-19 14:00:48,042 EbasNasaAmes WARNING : variable[28]: All values are MISSING. Check data sanity.
2018-12-19 14:00:48,043 EbasNasaAmes WARNING : variable[39]: All values are MISSING. Check data sanity.
2018-12-19 14:00:48,043 EbasNasaAmes WARNING : variable[40]: All values are MISSING. Check data sanity.
2018-12-19 14:00:48,043 EbasNasaAmes WARNING : variable[41]: All values are MISSING. Check data sanity.
2018-12-19 14:00:48,044 EbasNasaAmes WARNING : variable[42]: All values are MISSING. Check data sanity.
2018-12-19 14:00:48,044 EbasNasaAmes WARNING : variable[53]: All values are MISSING. Check data sanity.
2018-12-19 14:00:48,045 EbasNasaAmes WARNING : variable[54]: All values are MISSING. Check data sanity.
2018-12-19 14:00:48,045 EbasNasaAmes WARNING : variable[55]: All values are MISSING. Check data sanity.
2018-12-19 14:00:48,045 EbasNasaAmes WARNING : variable[56]: All values are MISSING. Check data sanity.
2018-12-19 14:00:48,046 EbasNasaAmes WARNING : variable[67]: All values are MISSING. Check data sanity.
2018-12-19 14:00:48,046 EbasNasaAmes WARNING : variable[68]: All values are MISSING. Check data sanity.
2018-12-19 14:00:48,047 EbasNasaAmes WARNING : variable[69]: All values are MISSING. Check data sanity.
2018-12-19 14:00:48,047 EbasNasaAmes WARNING : variable[70]: All values are MISSING. Check data sanity.
2018-12-19 14:00:48,048 EbasNasaAmes WARNING : variable[81]: All values are MISSING. Check data sanity.
2018-12-19 14:00:48,048 EbasNasaAmes WARNING : variable[82]: All values are MISSING. Check data sanity.
2018-12-19 14:00:48,048 EbasNasaAmes WARNING : variable[83]: All values are MISSING. Check data sanity.
2018-12-19 14:00:48,049 EbasNasaAmes WARNING : variable[84]: All values are MISSING. Check data sanity.
2018-12-19 14:00:48,050 ebas_insert  WARNING : No DB connection, skipping insert.
2018-12-19 14:00:48,050 ebas_insert  INFO    : file ./HFE/CN0011R.20080101000000.20181219000000.nephelometer.aerosol_light_scattering_coefficient.pm1.8mo.1h.TSI_3563_HFE_ref_TSI_3563_HFE_wet..lev2.nas: 0 Errors, 54 Warnings
