2018-12-19 14:00:54,298 EbasCmdLine  INFO    : DB connection disabled by argument --nodb
2018-12-19 14:00:54,301 ebas_insert  WARNING : No DB connection, files will be preliminarily checked only.
2018-12-19 14:00:54,301 NasaAmes1001 INFO    : reading file ./HFE/CN0011R.20080101000000.20181218000000.nephelometer.aerosol_light_scattering_coefficient.pm10.8mo.1mn.TSI_3563_HFE_ref_TSI_3563_HFE_wet..lev0.nas
2018-12-19 14:00:54,307 NasaAmes1001 WARNING : line 41: character set encoding: fallback to codec 'iso8859-15' but this might be wrong
2018-12-19 14:00:54,307 NasaAmes1001 WARNING : File contains NO-BREAK SPACE characters, will be substituted with normal blanks
2018-12-19 14:01:26,067 EbasNasaAmes WARNING : line 75: Legacy metadata element 'Height AGL' translated to 'Measurement height'
2018-12-19 14:01:26,068 EbasNasaAmes WARNING : line 85: Zero/negative values code: Zero/negative values code 'zero/negative possible' changed to 'Zero/negative possible'
2018-12-19 14:01:26,072 EbasNasaAmes WARNING : line 20: VNAME[7]: Legacy VNAME 'number of wavelengths' skipped
2018-12-19 14:01:31,733 EbasNasaAmes WARNING : Period code '8mo' should be '7mo' according to data
2018-12-19 14:01:31,847 EbasNasaAmes WARNING : line 14: Variable 1: unit '1/Mm' used for 'Detection limit' is inconsistent with variable's unit ('hPa'); detection limit definition will not be applied
2018-12-19 14:01:31,847 EbasNasaAmes WARNING : line 14: Variable 1: 'Detection limit expl.' will not be applied for the same reason
2018-12-19 14:01:31,848 EbasNasaAmes WARNING : line 15: Variable 2: unit '1/Mm' used for 'Detection limit' is inconsistent with variable's unit ('hPa'); detection limit definition will not be applied
2018-12-19 14:01:31,848 EbasNasaAmes WARNING : line 15: Variable 2: 'Detection limit expl.' will not be applied for the same reason
2018-12-19 14:01:31,848 EbasNasaAmes WARNING : line 16: Variable 3: unit '1/Mm' used for 'Detection limit' is inconsistent with variable's unit ('K'); detection limit definition will not be applied
2018-12-19 14:01:31,848 EbasNasaAmes WARNING : line 16: Variable 3: 'Detection limit expl.' will not be applied for the same reason
2018-12-19 14:01:31,848 EbasNasaAmes WARNING : line 17: Variable 4: unit '1/Mm' used for 'Detection limit' is inconsistent with variable's unit ('K'); detection limit definition will not be applied
2018-12-19 14:01:31,848 EbasNasaAmes WARNING : line 17: Variable 4: 'Detection limit expl.' will not be applied for the same reason
2018-12-19 14:01:31,848 EbasNasaAmes WARNING : line 18: Variable 5: unit '1/Mm' used for 'Detection limit' is inconsistent with variable's unit ('%'); detection limit definition will not be applied
2018-12-19 14:01:31,849 EbasNasaAmes WARNING : line 18: Variable 5: 'Detection limit expl.' will not be applied for the same reason
2018-12-19 14:01:31,849 EbasNasaAmes WARNING : line 19: Variable 6: unit '1/Mm' used for 'Detection limit' is inconsistent with variable's unit ('%'); detection limit definition will not be applied
2018-12-19 14:01:31,849 EbasNasaAmes WARNING : line 19: Variable 6: 'Detection limit expl.' will not be applied for the same reason
2018-12-19 14:01:31,851 EbasNasaAmes WARNING : File name: changed from 'CN0011R.20080101000000.20181218000000.nephelometer.aerosol_light_scattering_coefficient.pm10.8mo.1mn.TSI_3563_HFE_ref_TSI_3563_HFE_wet..lev0.nas' to 'CN0011R.20080515022649.20181218000000.nephelometer.aerosol_light_scattering_coefficient.pm10.8mo.1mn.US06L_TSI_3563_HFE_ref+TSI_3563_HFE_wet.US06L_hygro_tandem_neph_CorrData.lev0.nas'
2018-12-19 14:01:31,852 ebas_insert  WARNING : No DB connection, skipping insert.
2018-12-19 14:01:31,852 ebas_insert  INFO    : file ./HFE/CN0011R.20080101000000.20181218000000.nephelometer.aerosol_light_scattering_coefficient.pm10.8mo.1mn.TSI_3563_HFE_ref_TSI_3563_HFE_wet..lev0.nas: 0 Errors, 18 Warnings
