2018-12-19 12:30:34,438 EbasCmdLine  INFO    : DB connection disabled by argument --nodb
2018-12-19 12:30:34,440 ebas_insert  WARNING : No DB connection, files will be preliminarily checked only.
2018-12-19 12:30:34,440 NasaAmes1001 INFO    : reading file ./THD/US6005G.20020101000000.20181218000000.nephelometer.aerosol_light_scattering_coefficient.pm10.9mo.1mn.TSI_3563_THD_ref_TSI_3563_THD_wet..lev0.nas
2018-12-19 12:30:34,444 NasaAmes1001 WARNING : line 41: character set encoding: fallback to codec 'iso8859-15' but this might be wrong
2018-12-19 12:30:34,444 NasaAmes1001 WARNING : File contains NO-BREAK SPACE characters, will be substituted with normal blanks
2018-12-19 12:31:10,114 EbasNasaAmes WARNING : line 79: Legacy metadata element 'Height AGL' translated to 'Measurement height'
2018-12-19 12:31:10,115 EbasNasaAmes WARNING : line 89: Zero/negative values code: Zero/negative values code 'zero/negative possible' changed to 'Zero/negative possible'
2018-12-19 12:31:10,119 EbasNasaAmes WARNING : line 20: VNAME[7]: Legacy VNAME 'number of wavelengths' skipped
2018-12-19 12:31:10,134 EbasNasaAmes WARNING : line 94: start time of first sample (2002-04-10T00:06:00) is not equal to 'Startdate' specified in metadata (2002-04-10T00:03:00)
2018-12-19 12:31:16,412 EbasNasaAmes WARNING : line 14: Variable 1: unit '1/Mm' used for 'Detection limit' is inconsistent with variable's unit ('hPa'); detection limit definition will not be applied
2018-12-19 12:31:16,412 EbasNasaAmes WARNING : line 14: Variable 1: 'Detection limit expl.' will not be applied for the same reason
2018-12-19 12:31:16,412 EbasNasaAmes WARNING : line 15: Variable 2: unit '1/Mm' used for 'Detection limit' is inconsistent with variable's unit ('hPa'); detection limit definition will not be applied
2018-12-19 12:31:16,413 EbasNasaAmes WARNING : line 15: Variable 2: 'Detection limit expl.' will not be applied for the same reason
2018-12-19 12:31:16,413 EbasNasaAmes WARNING : line 16: Variable 3: unit '1/Mm' used for 'Detection limit' is inconsistent with variable's unit ('K'); detection limit definition will not be applied
2018-12-19 12:31:16,413 EbasNasaAmes WARNING : line 16: Variable 3: 'Detection limit expl.' will not be applied for the same reason
2018-12-19 12:31:16,413 EbasNasaAmes WARNING : line 17: Variable 4: unit '1/Mm' used for 'Detection limit' is inconsistent with variable's unit ('K'); detection limit definition will not be applied
2018-12-19 12:31:16,413 EbasNasaAmes WARNING : line 17: Variable 4: 'Detection limit expl.' will not be applied for the same reason
2018-12-19 12:31:16,417 EbasNasaAmes WARNING : line 18: Variable 5: unit '1/Mm' used for 'Detection limit' is inconsistent with variable's unit ('%'); detection limit definition will not be applied
2018-12-19 12:31:16,417 EbasNasaAmes WARNING : line 18: Variable 5: 'Detection limit expl.' will not be applied for the same reason
2018-12-19 12:31:16,417 EbasNasaAmes WARNING : line 19: Variable 6: unit '1/Mm' used for 'Detection limit' is inconsistent with variable's unit ('%'); detection limit definition will not be applied
2018-12-19 12:31:16,417 EbasNasaAmes WARNING : line 19: Variable 6: 'Detection limit expl.' will not be applied for the same reason
2018-12-19 12:31:16,422 EbasNasaAmes WARNING : File name: changed from 'US6005G.20020101000000.20181218000000.nephelometer.aerosol_light_scattering_coefficient.pm10.9mo.1mn.TSI_3563_THD_ref_TSI_3563_THD_wet..lev0.nas' to 'US6005G.20020410000300.20181218000000.nephelometer.aerosol_light_scattering_coefficient.pm10.9mo.1mn.US06L_TSI_3563_THD_ref+TSI_3563_THD_wet.US06L_hygro_tandem_neph_CorrData.lev0.nas'
2018-12-19 12:31:16,423 ebas_insert  WARNING : No DB connection, skipping insert.
2018-12-19 12:31:16,423 ebas_insert  INFO    : file ./THD/US6005G.20020101000000.20181218000000.nephelometer.aerosol_light_scattering_coefficient.pm10.9mo.1mn.TSI_3563_THD_ref_TSI_3563_THD_wet..lev0.nas: 0 Errors, 18 Warnings
