2018-12-19 23:48:14,703 EbasCmdLine  INFO    : DB connection disabled by argument --nodb
2018-12-19 23:48:14,705 ebas_insert  WARNING : No DB connection, files will be preliminarily checked only.
2018-12-19 23:48:14,705 ebas_insert  WARNING : no option --non-interactive but stdin is not a tty: option --non-interactive will be added
2018-12-19 23:48:14,705 NasaAmes1001 INFO    : reading file /home/paul/check_ebas_filetree/tmp/CH0001G.20100101000000.20181217000000.nephelometer.aerosol_light_scattering_coefficient.aerosol.7mo.1mn.TSI_3563_JFJ_ref_TSI_3563_JFJ_wet..lev0.nas
2018-12-19 23:48:14,709 NasaAmes1001 WARNING : line 42: character set encoding: fallback to codec 'iso8859-15' but this might be wrong
2018-12-19 23:48:14,709 NasaAmes1001 WARNING : File contains NO-BREAK SPACE characters, will be substituted with normal blanks
2018-12-19 23:48:54,959 EbasNasaAmes WARNING : line 77: Legacy metadata element 'Height AGL' translated to 'Measurement height'
2018-12-19 23:48:54,962 EbasNasaAmes WARNING : line 86: Zero/negative values code: Zero/negative values code 'zero/negative possible' changed to 'Zero/negative possible'
2018-12-19 23:48:54,974 EbasNasaAmes WARNING : line 21: VNAME[8]: Legacy VNAME 'number of wavelengths' skipped
2018-12-19 23:49:04,913 EbasNasaAmes WARNING : Period code '7mo' should be '6mo' according to data
2018-12-19 23:49:05,053 EbasNasaAmes WARNING : line 14: Variable 1: unit '1/Mm' used for 'Detection limit' is inconsistent with variable's unit ('hPa'); detection limit definition will not be applied
2018-12-19 23:49:05,053 EbasNasaAmes WARNING : line 14: Variable 1: 'Detection limit expl.' will not be applied for the same reason
2018-12-19 23:49:05,053 EbasNasaAmes WARNING : line 15: Variable 2: unit '1/Mm' used for 'Detection limit' is inconsistent with variable's unit ('hPa'); detection limit definition will not be applied
2018-12-19 23:49:05,053 EbasNasaAmes WARNING : line 15: Variable 2: 'Detection limit expl.' will not be applied for the same reason
2018-12-19 23:49:05,053 EbasNasaAmes WARNING : line 16: Variable 3: unit '1/Mm' used for 'Detection limit' is inconsistent with variable's unit ('K'); detection limit definition will not be applied
2018-12-19 23:49:05,053 EbasNasaAmes WARNING : line 16: Variable 3: 'Detection limit expl.' will not be applied for the same reason
2018-12-19 23:49:05,054 EbasNasaAmes WARNING : line 17: Variable 4: unit '1/Mm' used for 'Detection limit' is inconsistent with variable's unit ('K'); detection limit definition will not be applied
2018-12-19 23:49:05,054 EbasNasaAmes WARNING : line 17: Variable 4: 'Detection limit expl.' will not be applied for the same reason
2018-12-19 23:49:05,054 EbasNasaAmes WARNING : line 18: Variable 5: unit '1/Mm' used for 'Detection limit' is inconsistent with variable's unit ('%'); detection limit definition will not be applied
2018-12-19 23:49:05,054 EbasNasaAmes WARNING : line 18: Variable 5: 'Detection limit expl.' will not be applied for the same reason
2018-12-19 23:49:05,054 EbasNasaAmes WARNING : line 19: Variable 6: unit '1/Mm' used for 'Detection limit' is inconsistent with variable's unit ('%'); detection limit definition will not be applied
2018-12-19 23:49:05,054 EbasNasaAmes WARNING : line 19: Variable 6: 'Detection limit expl.' will not be applied for the same reason
2018-12-19 23:49:05,054 EbasNasaAmes WARNING : line 20: Variable 7: unit '1/Mm' used for 'Detection limit' is inconsistent with variable's unit ('%'); detection limit definition will not be applied
2018-12-19 23:49:05,054 EbasNasaAmes WARNING : line 20: Variable 7: 'Detection limit expl.' will not be applied for the same reason
2018-12-19 23:49:05,056 EbasNasaAmes WARNING : File name: changed from 'CH0001G.20100101000000.20181217000000.nephelometer.aerosol_light_scattering_coefficient.aerosol.7mo.1mn.TSI_3563_JFJ_ref_TSI_3563_JFJ_wet..lev0.nas' to 'CH0001G.20100616230450.20181217000000.nephelometer.aerosol_light_scattering_coefficient.aerosol.7mo.1mn.CH02L_TSI_3563_JFJ_ref+TSI_3563_JFJ_wet.CH02L_hygro_tandem_neph_CorrData.lev0.nas'
2018-12-19 23:49:05,056 ebas_insert  WARNING : No DB connection, skipping insert.
2018-12-19 23:49:05,056 ebas_insert  INFO    : file /home/paul/check_ebas_filetree/tmp/CH0001G.20100101000000.20181217000000.nephelometer.aerosol_light_scattering_coefficient.aerosol.7mo.1mn.TSI_3563_JFJ_ref_TSI_3563_JFJ_wet..lev0.nas: 0 Errors, 20 Warnings
