2018-12-19 23:50:19,997 EbasCmdLine  INFO    : DB connection disabled by argument --nodb
2018-12-19 23:50:19,999 ebas_insert  WARNING : No DB connection, files will be preliminarily checked only.
2018-12-19 23:50:19,999 ebas_insert  WARNING : no option --non-interactive but stdin is not a tty: option --non-interactive will be added
2018-12-19 23:50:19,999 NasaAmes1001 INFO    : reading file /home/paul/check_ebas_filetree/tmp/CH0001G.20100101000000.20181217000000.nephelometer.aerosol_light_scattering_coefficient.aerosol.7mo.3h.TSI_3563_JFJ_ref_TSI_3563_JFJ_wet..lev2.nas
2018-12-19 23:50:20,007 NasaAmes1001 WARNING : line 118: character set encoding: fallback to codec 'iso8859-15' but this might be wrong
2018-12-19 23:50:20,007 NasaAmes1001 WARNING : File contains NO-BREAK SPACE characters, will be substituted with normal blanks
2018-12-19 23:50:20,840 EbasNasaAmes WARNING : line 153: Legacy metadata element 'Height AGL' translated to 'Measurement height'
2018-12-19 23:50:20,841 EbasNasaAmes WARNING : line 162: Zero/negative values code: Zero/negative values code 'zero/negative possible' changed to 'Zero/negative possible'
2018-12-19 23:50:21,020 EbasNasaAmes WARNING : Period code '7mo' should be '6mo' according to data
2018-12-19 23:50:21,042 EbasNasaAmes WARNING : line 98: Variable 85: unit '1/Mm' used for 'Detection limit' is inconsistent with variable's unit ('no unit'); detection limit definition will not be applied
2018-12-19 23:50:21,043 EbasNasaAmes WARNING : line 98: Variable 85: 'Detection limit expl.' will not be applied for the same reason
2018-12-19 23:50:21,043 EbasNasaAmes WARNING : line 99: Variable 86: unit '1/Mm' used for 'Detection limit' is inconsistent with variable's unit ('no unit'); detection limit definition will not be applied
2018-12-19 23:50:21,043 EbasNasaAmes WARNING : line 99: Variable 86: 'Detection limit expl.' will not be applied for the same reason
2018-12-19 23:50:21,043 EbasNasaAmes WARNING : line 100: Variable 87: unit '1/Mm' used for 'Detection limit' is inconsistent with variable's unit ('no unit'); detection limit definition will not be applied
2018-12-19 23:50:21,043 EbasNasaAmes WARNING : line 100: Variable 87: 'Detection limit expl.' will not be applied for the same reason
2018-12-19 23:50:21,043 EbasNasaAmes WARNING : line 101: Variable 88: unit '1/Mm' used for 'Detection limit' is inconsistent with variable's unit ('no unit'); detection limit definition will not be applied
2018-12-19 23:50:21,043 EbasNasaAmes WARNING : line 101: Variable 88: 'Detection limit expl.' will not be applied for the same reason
2018-12-19 23:50:21,043 EbasNasaAmes WARNING : line 102: Variable 89: unit '1/Mm' used for 'Detection limit' is inconsistent with variable's unit ('no unit'); detection limit definition will not be applied
2018-12-19 23:50:21,043 EbasNasaAmes WARNING : line 102: Variable 89: 'Detection limit expl.' will not be applied for the same reason
2018-12-19 23:50:21,043 EbasNasaAmes WARNING : line 103: Variable 90: unit '1/Mm' used for 'Detection limit' is inconsistent with variable's unit ('no unit'); detection limit definition will not be applied
2018-12-19 23:50:21,043 EbasNasaAmes WARNING : line 103: Variable 90: 'Detection limit expl.' will not be applied for the same reason
2018-12-19 23:50:21,043 EbasNasaAmes WARNING : line 104: Variable 91: unit '1/Mm' used for 'Detection limit' is inconsistent with variable's unit ('no unit'); detection limit definition will not be applied
2018-12-19 23:50:21,043 EbasNasaAmes WARNING : line 104: Variable 91: 'Detection limit expl.' will not be applied for the same reason
2018-12-19 23:50:21,043 EbasNasaAmes WARNING : line 105: Variable 92: unit '1/Mm' used for 'Detection limit' is inconsistent with variable's unit ('no unit'); detection limit definition will not be applied
2018-12-19 23:50:21,043 EbasNasaAmes WARNING : line 105: Variable 92: 'Detection limit expl.' will not be applied for the same reason
2018-12-19 23:50:21,043 EbasNasaAmes WARNING : line 106: Variable 93: unit '1/Mm' used for 'Detection limit' is inconsistent with variable's unit ('no unit'); detection limit definition will not be applied
2018-12-19 23:50:21,044 EbasNasaAmes WARNING : line 106: Variable 93: 'Detection limit expl.' will not be applied for the same reason
2018-12-19 23:50:21,044 EbasNasaAmes WARNING : line 107: Variable 94: unit '1/Mm' used for 'Detection limit' is inconsistent with variable's unit ('no unit'); detection limit definition will not be applied
2018-12-19 23:50:21,044 EbasNasaAmes WARNING : line 107: Variable 94: 'Detection limit expl.' will not be applied for the same reason
2018-12-19 23:50:21,044 EbasNasaAmes WARNING : line 108: Variable 95: unit '1/Mm' used for 'Detection limit' is inconsistent with variable's unit ('no unit'); detection limit definition will not be applied
2018-12-19 23:50:21,044 EbasNasaAmes WARNING : line 108: Variable 95: 'Detection limit expl.' will not be applied for the same reason
2018-12-19 23:50:21,044 EbasNasaAmes WARNING : line 109: Variable 96: unit '1/Mm' used for 'Detection limit' is inconsistent with variable's unit ('no unit'); detection limit definition will not be applied
2018-12-19 23:50:21,044 EbasNasaAmes WARNING : line 109: Variable 96: 'Detection limit expl.' will not be applied for the same reason
2018-12-19 23:50:21,052 EbasNasaAmes WARNING : File name: changed from 'CH0001G.20100101000000.20181217000000.nephelometer.aerosol_light_scattering_coefficient.aerosol.7mo.3h.TSI_3563_JFJ_ref_TSI_3563_JFJ_wet..lev2.nas' to 'CH0001G.20100616230450.20181217000000.nephelometer.aerosol_light_scattering_coefficient.aerosol.7mo.3h.CH02L_TSI_3563_JFJ_ref+TSI_3563_JFJ_wet.CH02L_hygro_tandem_neph_CorrData.lev2.nas'
2018-12-19 23:50:21,053 EbasNasaAmes WARNING : variable[13]: All valid values are 13.365. Check data sanity.
2018-12-19 23:50:21,054 EbasNasaAmes WARNING : variable[14]: All values are MISSING. Check data sanity.
2018-12-19 23:50:21,055 EbasNasaAmes WARNING : variable[27]: All valid values are 8.824. Check data sanity.
2018-12-19 23:50:21,055 EbasNasaAmes WARNING : variable[28]: All values are MISSING. Check data sanity.
2018-12-19 23:50:21,056 EbasNasaAmes WARNING : variable[41]: All valid values are 5.023. Check data sanity.
2018-12-19 23:50:21,056 EbasNasaAmes WARNING : variable[42]: All values are MISSING. Check data sanity.
2018-12-19 23:50:21,057 EbasNasaAmes WARNING : variable[55]: All valid values are 2.38. Check data sanity.
2018-12-19 23:50:21,058 EbasNasaAmes WARNING : variable[56]: All values are MISSING. Check data sanity.
2018-12-19 23:50:21,059 EbasNasaAmes WARNING : variable[69]: All valid values are 1.421. Check data sanity.
2018-12-19 23:50:21,059 EbasNasaAmes WARNING : variable[70]: All values are MISSING. Check data sanity.
2018-12-19 23:50:21,060 EbasNasaAmes WARNING : variable[83]: All valid values are 1.073. Check data sanity.
2018-12-19 23:50:21,060 EbasNasaAmes WARNING : variable[84]: All values are MISSING. Check data sanity.
2018-12-19 23:50:21,061 ebas_insert  WARNING : No DB connection, skipping insert.
2018-12-19 23:50:21,061 ebas_insert  INFO    : file /home/paul/check_ebas_filetree/tmp/CH0001G.20100101000000.20181217000000.nephelometer.aerosol_light_scattering_coefficient.aerosol.7mo.3h.TSI_3563_JFJ_ref_TSI_3563_JFJ_wet..lev2.nas: 0 Errors, 41 Warnings
