2018-12-19 14:06:49,922 EbasCmdLine  INFO    : DB connection disabled by argument --nodb
2018-12-19 14:06:49,924 ebas_insert  WARNING : No DB connection, files will be preliminarily checked only.
2018-12-19 14:06:49,924 NasaAmes1001 INFO    : reading file ./JFJ/CH0001G.20110101000000.20181219000000.nephelometer.aerosol_light_scattering_coefficient.aerosol.2mo.1mn.TSI_3563_JFJ_ref_TSI_3563_JFJ_wet..lev0.nas
2018-12-19 14:06:49,928 NasaAmes1001 WARNING : line 42: character set encoding: fallback to codec 'iso8859-15' but this might be wrong
2018-12-19 14:06:49,928 NasaAmes1001 WARNING : File contains NO-BREAK SPACE characters, will be substituted with normal blanks
2018-12-19 14:07:00,909 EbasNasaAmes WARNING : line 77: Legacy metadata element 'Height AGL' translated to 'Measurement height'
2018-12-19 14:07:00,909 EbasNasaAmes WARNING : line 86: Zero/negative values code: Zero/negative values code 'zero/negative possible' changed to 'Zero/negative possible'
2018-12-19 14:07:00,914 EbasNasaAmes WARNING : line 21: VNAME[8]: Legacy VNAME 'number of wavelengths' skipped
2018-12-19 14:07:02,883 EbasNasaAmes WARNING : Period code '2mo' should be '5w' according to data
2018-12-19 14:07:02,932 EbasNasaAmes WARNING : line 14: Variable 1: unit '1/Mm' used for 'Detection limit' is inconsistent with variable's unit ('hPa'); detection limit definition will not be applied
2018-12-19 14:07:02,932 EbasNasaAmes WARNING : line 14: Variable 1: 'Detection limit expl.' will not be applied for the same reason
2018-12-19 14:07:02,932 EbasNasaAmes WARNING : line 15: Variable 2: unit '1/Mm' used for 'Detection limit' is inconsistent with variable's unit ('hPa'); detection limit definition will not be applied
2018-12-19 14:07:02,932 EbasNasaAmes WARNING : line 15: Variable 2: 'Detection limit expl.' will not be applied for the same reason
2018-12-19 14:07:02,932 EbasNasaAmes WARNING : line 16: Variable 3: unit '1/Mm' used for 'Detection limit' is inconsistent with variable's unit ('K'); detection limit definition will not be applied
2018-12-19 14:07:02,932 EbasNasaAmes WARNING : line 16: Variable 3: 'Detection limit expl.' will not be applied for the same reason
2018-12-19 14:07:02,932 EbasNasaAmes WARNING : line 17: Variable 4: unit '1/Mm' used for 'Detection limit' is inconsistent with variable's unit ('K'); detection limit definition will not be applied
2018-12-19 14:07:02,932 EbasNasaAmes WARNING : line 17: Variable 4: 'Detection limit expl.' will not be applied for the same reason
2018-12-19 14:07:02,952 EbasNasaAmes WARNING : line 18: Variable 5: unit '1/Mm' used for 'Detection limit' is inconsistent with variable's unit ('%'); detection limit definition will not be applied
2018-12-19 14:07:02,952 EbasNasaAmes WARNING : line 18: Variable 5: 'Detection limit expl.' will not be applied for the same reason
2018-12-19 14:07:02,952 EbasNasaAmes WARNING : line 19: Variable 6: unit '1/Mm' used for 'Detection limit' is inconsistent with variable's unit ('%'); detection limit definition will not be applied
2018-12-19 14:07:02,952 EbasNasaAmes WARNING : line 19: Variable 6: 'Detection limit expl.' will not be applied for the same reason
2018-12-19 14:07:02,953 EbasNasaAmes WARNING : line 20: Variable 7: unit '1/Mm' used for 'Detection limit' is inconsistent with variable's unit ('%'); detection limit definition will not be applied
2018-12-19 14:07:02,953 EbasNasaAmes WARNING : line 20: Variable 7: 'Detection limit expl.' will not be applied for the same reason
2018-12-19 14:07:02,957 EbasNasaAmes WARNING : File name: changed from 'CH0001G.20110101000000.20181219000000.nephelometer.aerosol_light_scattering_coefficient.aerosol.2mo.1mn.TSI_3563_JFJ_ref_TSI_3563_JFJ_wet..lev0.nas' to 'CH0001G.20110101000007.20181219000000.nephelometer.aerosol_light_scattering_coefficient.aerosol.2mo.1mn.CH02L_TSI_3563_JFJ_ref+TSI_3563_JFJ_wet.CH02L_hygro_tandem_neph_CorrData.lev0.nas'
2018-12-19 14:07:02,962 ebas_insert  WARNING : No DB connection, skipping insert.
2018-12-19 14:07:02,962 ebas_insert  INFO    : file ./JFJ/CH0001G.20110101000000.20181219000000.nephelometer.aerosol_light_scattering_coefficient.aerosol.2mo.1mn.TSI_3563_JFJ_ref_TSI_3563_JFJ_wet..lev0.nas: 0 Errors, 20 Warnings
