2018-12-19 12:34:09,984 EbasCmdLine  INFO    : DB connection disabled by argument --nodb
2018-12-19 12:34:09,986 ebas_insert  WARNING : No DB connection, files will be preliminarily checked only.
2018-12-19 12:34:09,986 NasaAmes1001 INFO    : reading file ./JFJ/CH0001G.20110101000000.20181219000000.nephelometer.aerosol_light_scattering_coefficient.aerosol.2mo.3h.TSI_3563_JFJ_ref_TSI_3563_JFJ_wet..lev2.nas
2018-12-19 12:34:09,994 NasaAmes1001 WARNING : line 118: character set encoding: fallback to codec 'iso8859-15' but this might be wrong
2018-12-19 12:34:09,994 NasaAmes1001 WARNING : File contains NO-BREAK SPACE characters, will be substituted with normal blanks
2018-12-19 12:34:10,087 EbasNasaAmes WARNING : line 153: Legacy metadata element 'Height AGL' translated to 'Measurement height'
2018-12-19 12:34:10,088 EbasNasaAmes WARNING : line 162: Zero/negative values code: Zero/negative values code 'zero/negative possible' changed to 'Zero/negative possible'
2018-12-19 12:34:10,170 EbasNasaAmes WARNING : Period code '2mo' should be '2w' according to data
2018-12-19 12:34:10,198 EbasNasaAmes WARNING : line 98: Variable 85: unit '1/Mm' used for 'Detection limit' is inconsistent with variable's unit ('no unit'); detection limit definition will not be applied
2018-12-19 12:34:10,198 EbasNasaAmes WARNING : line 98: Variable 85: 'Detection limit expl.' will not be applied for the same reason
2018-12-19 12:34:10,198 EbasNasaAmes WARNING : line 99: Variable 86: unit '1/Mm' used for 'Detection limit' is inconsistent with variable's unit ('no unit'); detection limit definition will not be applied
2018-12-19 12:34:10,198 EbasNasaAmes WARNING : line 99: Variable 86: 'Detection limit expl.' will not be applied for the same reason
2018-12-19 12:34:10,198 EbasNasaAmes WARNING : line 100: Variable 87: unit '1/Mm' used for 'Detection limit' is inconsistent with variable's unit ('no unit'); detection limit definition will not be applied
2018-12-19 12:34:10,199 EbasNasaAmes WARNING : line 100: Variable 87: 'Detection limit expl.' will not be applied for the same reason
2018-12-19 12:34:10,199 EbasNasaAmes WARNING : line 101: Variable 88: unit '1/Mm' used for 'Detection limit' is inconsistent with variable's unit ('no unit'); detection limit definition will not be applied
2018-12-19 12:34:10,199 EbasNasaAmes WARNING : line 101: Variable 88: 'Detection limit expl.' will not be applied for the same reason
2018-12-19 12:34:10,210 EbasNasaAmes WARNING : line 102: Variable 89: unit '1/Mm' used for 'Detection limit' is inconsistent with variable's unit ('no unit'); detection limit definition will not be applied
2018-12-19 12:34:10,210 EbasNasaAmes WARNING : line 102: Variable 89: 'Detection limit expl.' will not be applied for the same reason
2018-12-19 12:34:10,211 EbasNasaAmes WARNING : line 103: Variable 90: unit '1/Mm' used for 'Detection limit' is inconsistent with variable's unit ('no unit'); detection limit definition will not be applied
2018-12-19 12:34:10,211 EbasNasaAmes WARNING : line 103: Variable 90: 'Detection limit expl.' will not be applied for the same reason
2018-12-19 12:34:10,211 EbasNasaAmes WARNING : line 104: Variable 91: unit '1/Mm' used for 'Detection limit' is inconsistent with variable's unit ('no unit'); detection limit definition will not be applied
2018-12-19 12:34:10,211 EbasNasaAmes WARNING : line 104: Variable 91: 'Detection limit expl.' will not be applied for the same reason
2018-12-19 12:34:10,211 EbasNasaAmes WARNING : line 105: Variable 92: unit '1/Mm' used for 'Detection limit' is inconsistent with variable's unit ('no unit'); detection limit definition will not be applied
2018-12-19 12:34:10,212 EbasNasaAmes WARNING : line 105: Variable 92: 'Detection limit expl.' will not be applied for the same reason
2018-12-19 12:34:10,212 EbasNasaAmes WARNING : line 106: Variable 93: unit '1/Mm' used for 'Detection limit' is inconsistent with variable's unit ('no unit'); detection limit definition will not be applied
2018-12-19 12:34:10,212 EbasNasaAmes WARNING : line 106: Variable 93: 'Detection limit expl.' will not be applied for the same reason
2018-12-19 12:34:10,212 EbasNasaAmes WARNING : line 107: Variable 94: unit '1/Mm' used for 'Detection limit' is inconsistent with variable's unit ('no unit'); detection limit definition will not be applied
2018-12-19 12:34:10,213 EbasNasaAmes WARNING : line 107: Variable 94: 'Detection limit expl.' will not be applied for the same reason
2018-12-19 12:34:10,213 EbasNasaAmes WARNING : line 108: Variable 95: unit '1/Mm' used for 'Detection limit' is inconsistent with variable's unit ('no unit'); detection limit definition will not be applied
2018-12-19 12:34:10,213 EbasNasaAmes WARNING : line 108: Variable 95: 'Detection limit expl.' will not be applied for the same reason
2018-12-19 12:34:10,213 EbasNasaAmes WARNING : line 109: Variable 96: unit '1/Mm' used for 'Detection limit' is inconsistent with variable's unit ('no unit'); detection limit definition will not be applied
2018-12-19 12:34:10,213 EbasNasaAmes WARNING : line 109: Variable 96: 'Detection limit expl.' will not be applied for the same reason
2018-12-19 12:34:10,227 EbasNasaAmes WARNING : File name: changed from 'CH0001G.20110101000000.20181219000000.nephelometer.aerosol_light_scattering_coefficient.aerosol.2mo.3h.TSI_3563_JFJ_ref_TSI_3563_JFJ_wet..lev2.nas' to 'CH0001G.20110101020450.20181219000000.nephelometer.aerosol_light_scattering_coefficient.aerosol.2mo.3h.CH02L_TSI_3563_JFJ_ref+TSI_3563_JFJ_wet.CH02L_hygro_tandem_neph_CorrData.lev2.nas'
2018-12-19 12:34:10,227 EbasNasaAmes WARNING : variable[13]: All values are MISSING. Check data sanity.
2018-12-19 12:34:10,227 EbasNasaAmes WARNING : variable[14]: All values are MISSING. Check data sanity.
2018-12-19 12:34:10,228 EbasNasaAmes WARNING : variable[27]: All values are MISSING. Check data sanity.
2018-12-19 12:34:10,228 EbasNasaAmes WARNING : variable[28]: All values are MISSING. Check data sanity.
2018-12-19 12:34:10,229 EbasNasaAmes WARNING : variable[41]: All values are MISSING. Check data sanity.
2018-12-19 12:34:10,229 EbasNasaAmes WARNING : variable[42]: All values are MISSING. Check data sanity.
2018-12-19 12:34:10,229 EbasNasaAmes WARNING : variable[55]: All values are MISSING. Check data sanity.
2018-12-19 12:34:10,229 EbasNasaAmes WARNING : variable[56]: All values are MISSING. Check data sanity.
2018-12-19 12:34:10,230 EbasNasaAmes WARNING : variable[69]: All values are MISSING. Check data sanity.
2018-12-19 12:34:10,230 EbasNasaAmes WARNING : variable[70]: All values are MISSING. Check data sanity.
2018-12-19 12:34:10,261 EbasNasaAmes WARNING : variable[83]: All values are MISSING. Check data sanity.
2018-12-19 12:34:10,261 EbasNasaAmes WARNING : variable[84]: All values are MISSING. Check data sanity.
2018-12-19 12:34:10,262 EbasNasaAmes WARNING : variable[86]: All values are MISSING. Check data sanity.
2018-12-19 12:34:10,262 EbasNasaAmes WARNING : variable[87]: All values are MISSING. Check data sanity.
2018-12-19 12:34:10,262 EbasNasaAmes WARNING : variable[88]: All values are MISSING. Check data sanity.
2018-12-19 12:34:10,263 EbasNasaAmes WARNING : variable[89]: All values are MISSING. Check data sanity.
2018-12-19 12:34:10,263 EbasNasaAmes WARNING : variable[90]: All values are MISSING. Check data sanity.
2018-12-19 12:34:10,263 EbasNasaAmes WARNING : variable[91]: All values are MISSING. Check data sanity.
2018-12-19 12:34:10,264 EbasNasaAmes WARNING : variable[92]: All values are MISSING. Check data sanity.
2018-12-19 12:34:10,264 EbasNasaAmes WARNING : variable[93]: All values are MISSING. Check data sanity.
2018-12-19 12:34:10,264 EbasNasaAmes WARNING : variable[94]: All values are MISSING. Check data sanity.
2018-12-19 12:34:10,264 EbasNasaAmes WARNING : variable[95]: All values are MISSING. Check data sanity.
2018-12-19 12:34:10,264 EbasNasaAmes WARNING : variable[96]: All values are MISSING. Check data sanity.
2018-12-19 12:34:10,264 ebas_insert  WARNING : No DB connection, skipping insert.
2018-12-19 12:34:10,265 ebas_insert  INFO    : file ./JFJ/CH0001G.20110101000000.20181219000000.nephelometer.aerosol_light_scattering_coefficient.aerosol.2mo.3h.TSI_3563_JFJ_ref_TSI_3563_JFJ_wet..lev2.nas: 0 Errors, 52 Warnings
