2018-12-19 16:11:12,356 EbasCmdLine  INFO    : DB connection disabled by argument --nodb
2018-12-19 16:11:12,357 ebas_insert  WARNING : No DB connection, files will be preliminarily checked only.
2018-12-19 16:11:12,358 NasaAmes1001 INFO    : reading file ./APP/US3446C.20120101000000.20181218000000.nephelometer.aerosol_light_scattering_coefficient.pm10.1y.1mn.TSI_3563_APP_ref_TSI_3563_APP_wet..lev0.nas
2018-12-19 16:11:12,362 NasaAmes1001 WARNING : line 41: character set encoding: fallback to codec 'iso8859-15' but this might be wrong
2018-12-19 16:11:12,362 NasaAmes1001 WARNING : File contains NO-BREAK SPACE characters, will be substituted with normal blanks
2018-12-19 16:11:31,191 EbasNasaAmes WARNING : line 75: Legacy metadata element 'Height AGL' translated to 'Measurement height'
2018-12-19 16:11:31,193 EbasNasaAmes WARNING : line 85: Zero/negative values code: Zero/negative values code 'zero/negative possible' changed to 'Zero/negative possible'
2018-12-19 16:11:31,198 EbasNasaAmes WARNING : line 20: VNAME[7]: Legacy VNAME 'number of wavelengths' skipped
2018-12-19 16:11:35,475 EbasNasaAmes WARNING : Period code '1y' should be '29w' according to data
2018-12-19 16:11:35,548 EbasNasaAmes WARNING : line 14: Variable 1: unit '1/Mm' used for 'Detection limit' is inconsistent with variable's unit ('hPa'); detection limit definition will not be applied
2018-12-19 16:11:35,548 EbasNasaAmes WARNING : line 14: Variable 1: 'Detection limit expl.' will not be applied for the same reason
2018-12-19 16:11:35,548 EbasNasaAmes WARNING : line 15: Variable 2: unit '1/Mm' used for 'Detection limit' is inconsistent with variable's unit ('hPa'); detection limit definition will not be applied
2018-12-19 16:11:35,548 EbasNasaAmes WARNING : line 15: Variable 2: 'Detection limit expl.' will not be applied for the same reason
2018-12-19 16:11:35,549 EbasNasaAmes WARNING : line 16: Variable 3: unit '1/Mm' used for 'Detection limit' is inconsistent with variable's unit ('K'); detection limit definition will not be applied
2018-12-19 16:11:35,549 EbasNasaAmes WARNING : line 16: Variable 3: 'Detection limit expl.' will not be applied for the same reason
2018-12-19 16:11:35,549 EbasNasaAmes WARNING : line 17: Variable 4: unit '1/Mm' used for 'Detection limit' is inconsistent with variable's unit ('K'); detection limit definition will not be applied
2018-12-19 16:11:35,549 EbasNasaAmes WARNING : line 17: Variable 4: 'Detection limit expl.' will not be applied for the same reason
2018-12-19 16:11:35,549 EbasNasaAmes WARNING : line 18: Variable 5: unit '1/Mm' used for 'Detection limit' is inconsistent with variable's unit ('%'); detection limit definition will not be applied
2018-12-19 16:11:35,549 EbasNasaAmes WARNING : line 18: Variable 5: 'Detection limit expl.' will not be applied for the same reason
2018-12-19 16:11:35,549 EbasNasaAmes WARNING : line 19: Variable 6: unit '1/Mm' used for 'Detection limit' is inconsistent with variable's unit ('%'); detection limit definition will not be applied
2018-12-19 16:11:35,550 EbasNasaAmes WARNING : line 19: Variable 6: 'Detection limit expl.' will not be applied for the same reason
2018-12-19 16:11:35,552 EbasNasaAmes WARNING : File name: changed from 'US3446C.20120101000000.20181218000000.nephelometer.aerosol_light_scattering_coefficient.pm10.1y.1mn.TSI_3563_APP_ref_TSI_3563_APP_wet..lev0.nas' to 'US3446C.20120509143200.20181218000000.nephelometer.aerosol_light_scattering_coefficient.pm10.1y.1mn.US10L_TSI_3563_APP_ref+TSI_3563_APP_wet.US10L_hygro_tandem_neph_CorrData.lev0.nas'
2018-12-19 16:11:35,552 ebas_insert  WARNING : No DB connection, skipping insert.
2018-12-19 16:11:35,552 ebas_insert  INFO    : file ./APP/US3446C.20120101000000.20181218000000.nephelometer.aerosol_light_scattering_coefficient.pm10.1y.1mn.TSI_3563_APP_ref_TSI_3563_APP_wet..lev0.nas: 0 Errors, 18 Warnings
