2018-12-19 16:10:48,518 EbasCmdLine  INFO    : DB connection disabled by argument --nodb
2018-12-19 16:10:48,520 ebas_insert  WARNING : No DB connection, files will be preliminarily checked only.
2018-12-19 16:10:48,520 NasaAmes1001 INFO    : reading file ./APP/US3446C.20120101000000.20181219000000.nephelometer.aerosol_light_scattering_coefficient.pm1.1y.1mn.TSI_3563_APP_ref_TSI_3563_APP_wet..lev0.nas
2018-12-19 16:10:48,525 NasaAmes1001 WARNING : line 41: character set encoding: fallback to codec 'iso8859-15' but this might be wrong
2018-12-19 16:10:48,525 NasaAmes1001 WARNING : File contains NO-BREAK SPACE characters, will be substituted with normal blanks
2018-12-19 16:11:07,205 EbasNasaAmes WARNING : line 75: Legacy metadata element 'Height AGL' translated to 'Measurement height'
2018-12-19 16:11:07,206 EbasNasaAmes WARNING : line 85: Zero/negative values code: Zero/negative values code 'zero/negative possible' changed to 'Zero/negative possible'
2018-12-19 16:11:07,212 EbasNasaAmes WARNING : line 20: VNAME[7]: Legacy VNAME 'number of wavelengths' skipped
2018-12-19 16:11:07,224 EbasNasaAmes WARNING : line 90: start time of first sample (2012-05-09T14:47:00) is not equal to 'Startdate' specified in metadata (2012-05-09T14:32:00)
2018-12-19 16:11:11,577 EbasNasaAmes WARNING : Period code '1y' should be '29w' according to data
2018-12-19 16:11:11,646 EbasNasaAmes WARNING : line 14: Variable 1: unit '1/Mm' used for 'Detection limit' is inconsistent with variable's unit ('hPa'); detection limit definition will not be applied
2018-12-19 16:11:11,646 EbasNasaAmes WARNING : line 14: Variable 1: 'Detection limit expl.' will not be applied for the same reason
2018-12-19 16:11:11,647 EbasNasaAmes WARNING : line 15: Variable 2: unit '1/Mm' used for 'Detection limit' is inconsistent with variable's unit ('hPa'); detection limit definition will not be applied
2018-12-19 16:11:11,647 EbasNasaAmes WARNING : line 15: Variable 2: 'Detection limit expl.' will not be applied for the same reason
2018-12-19 16:11:11,647 EbasNasaAmes WARNING : line 16: Variable 3: unit '1/Mm' used for 'Detection limit' is inconsistent with variable's unit ('K'); detection limit definition will not be applied
2018-12-19 16:11:11,647 EbasNasaAmes WARNING : line 16: Variable 3: 'Detection limit expl.' will not be applied for the same reason
2018-12-19 16:11:11,647 EbasNasaAmes WARNING : line 17: Variable 4: unit '1/Mm' used for 'Detection limit' is inconsistent with variable's unit ('K'); detection limit definition will not be applied
2018-12-19 16:11:11,647 EbasNasaAmes WARNING : line 17: Variable 4: 'Detection limit expl.' will not be applied for the same reason
2018-12-19 16:11:11,647 EbasNasaAmes WARNING : line 18: Variable 5: unit '1/Mm' used for 'Detection limit' is inconsistent with variable's unit ('%'); detection limit definition will not be applied
2018-12-19 16:11:11,647 EbasNasaAmes WARNING : line 18: Variable 5: 'Detection limit expl.' will not be applied for the same reason
2018-12-19 16:11:11,647 EbasNasaAmes WARNING : line 19: Variable 6: unit '1/Mm' used for 'Detection limit' is inconsistent with variable's unit ('%'); detection limit definition will not be applied
2018-12-19 16:11:11,648 EbasNasaAmes WARNING : line 19: Variable 6: 'Detection limit expl.' will not be applied for the same reason
2018-12-19 16:11:11,649 EbasNasaAmes WARNING : File name: changed from 'US3446C.20120101000000.20181219000000.nephelometer.aerosol_light_scattering_coefficient.pm1.1y.1mn.TSI_3563_APP_ref_TSI_3563_APP_wet..lev0.nas' to 'US3446C.20120509143200.20181219000000.nephelometer.aerosol_light_scattering_coefficient.pm1.1y.1mn.US10L_TSI_3563_APP_ref+TSI_3563_APP_wet.US10L_hygro_tandem_neph_CorrData.lev0.nas'
2018-12-19 16:11:11,650 ebas_insert  WARNING : No DB connection, skipping insert.
2018-12-19 16:11:11,650 ebas_insert  INFO    : file ./APP/US3446C.20120101000000.20181219000000.nephelometer.aerosol_light_scattering_coefficient.pm1.1y.1mn.TSI_3563_APP_ref_TSI_3563_APP_wet..lev0.nas: 0 Errors, 19 Warnings
