2018-12-19 15:35:18,495 EbasCmdLine  INFO    : DB connection disabled by argument --nodb
2018-12-19 15:35:18,497 ebas_insert  WARNING : No DB connection, files will be preliminarily checked only.
2018-12-19 15:35:18,498 NasaAmes1001 INFO    : reading file ./PGH/IN0003R.20110101000000.20181219000000.nephelometer.aerosol_light_scattering_coefficient.pm1.1y.1h.TSI_3563_PGH_ref_TSI_3563_PGH_wet..lev2.nas
2018-12-19 15:35:18,506 NasaAmes1001 WARNING : line 70: character set encoding: fallback to codec 'iso8859-15' but this might be wrong
2018-12-19 15:35:18,506 NasaAmes1001 WARNING : File contains NO-BREAK SPACE characters, will be substituted with normal blanks
2018-12-19 15:35:20,402 EbasNasaAmes WARNING : line 104: Legacy metadata element 'Height AGL' translated to 'Measurement height'
2018-12-19 15:35:20,404 EbasNasaAmes WARNING : line 114: Zero/negative values code: Zero/negative values code 'zero/negative possible' changed to 'Zero/negative possible'
2018-12-19 15:35:20,659 EbasNasaAmes WARNING : Period code '1y' should be '7mo' according to data
2018-12-19 15:35:20,681 EbasNasaAmes WARNING : line 56: Variable 43: unit '1/Mm' used for 'Detection limit' is inconsistent with variable's unit ('no unit'); detection limit definition will not be applied
2018-12-19 15:35:20,682 EbasNasaAmes WARNING : line 56: Variable 43: 'Detection limit expl.' will not be applied for the same reason
2018-12-19 15:35:20,682 EbasNasaAmes WARNING : line 57: Variable 44: unit '1/Mm' used for 'Detection limit' is inconsistent with variable's unit ('no unit'); detection limit definition will not be applied
2018-12-19 15:35:20,682 EbasNasaAmes WARNING : line 57: Variable 44: 'Detection limit expl.' will not be applied for the same reason
2018-12-19 15:35:20,682 EbasNasaAmes WARNING : line 58: Variable 45: unit '1/Mm' used for 'Detection limit' is inconsistent with variable's unit ('no unit'); detection limit definition will not be applied
2018-12-19 15:35:20,682 EbasNasaAmes WARNING : line 58: Variable 45: 'Detection limit expl.' will not be applied for the same reason
2018-12-19 15:35:20,682 EbasNasaAmes WARNING : line 59: Variable 46: unit '1/Mm' used for 'Detection limit' is inconsistent with variable's unit ('no unit'); detection limit definition will not be applied
2018-12-19 15:35:20,682 EbasNasaAmes WARNING : line 59: Variable 46: 'Detection limit expl.' will not be applied for the same reason
2018-12-19 15:35:20,682 EbasNasaAmes WARNING : line 60: Variable 47: unit '1/Mm' used for 'Detection limit' is inconsistent with variable's unit ('no unit'); detection limit definition will not be applied
2018-12-19 15:35:20,683 EbasNasaAmes WARNING : line 60: Variable 47: 'Detection limit expl.' will not be applied for the same reason
2018-12-19 15:35:20,683 EbasNasaAmes WARNING : line 61: Variable 48: unit '1/Mm' used for 'Detection limit' is inconsistent with variable's unit ('no unit'); detection limit definition will not be applied
2018-12-19 15:35:20,683 EbasNasaAmes WARNING : line 61: Variable 48: 'Detection limit expl.' will not be applied for the same reason
2018-12-19 15:35:20,687 EbasNasaAmes WARNING : File name: changed from 'IN0003R.20110101000000.20181219000000.nephelometer.aerosol_light_scattering_coefficient.pm1.1y.1h.TSI_3563_PGH_ref_TSI_3563_PGH_wet..lev2.nas' to 'IN0003R.20110609113000.20181219000000.nephelometer.aerosol_light_scattering_coefficient.pm1.1y.1h.US06L_TSI_3563_PGH_ref+TSI_3563_PGH_wet.US06L_hygro_tandem_neph_CorrData.lev2.nas'
2018-12-19 15:35:20,694 EbasNasaAmes WARNING : variable[11]: All valid values are -999.999. Check data sanity.
2018-12-19 15:35:20,700 EbasNasaAmes WARNING : variable[12]: All valid values are -999.999. Check data sanity.
2018-12-19 15:35:20,706 EbasNasaAmes WARNING : variable[13]: All valid values are -999.999. Check data sanity.
2018-12-19 15:35:20,711 EbasNasaAmes WARNING : variable[14]: All valid values are -999.999. Check data sanity.
2018-12-19 15:35:20,718 EbasNasaAmes WARNING : variable[25]: All valid values are -999.999. Check data sanity.
2018-12-19 15:35:20,724 EbasNasaAmes WARNING : variable[26]: All valid values are -999.999. Check data sanity.
2018-12-19 15:35:20,730 EbasNasaAmes WARNING : variable[27]: All valid values are -999.999. Check data sanity.
2018-12-19 15:35:20,737 EbasNasaAmes WARNING : variable[28]: All valid values are -999.999. Check data sanity.
2018-12-19 15:35:20,744 EbasNasaAmes WARNING : variable[39]: All valid values are -999.999. Check data sanity.
2018-12-19 15:35:20,749 EbasNasaAmes WARNING : variable[40]: All valid values are -999.999. Check data sanity.
2018-12-19 15:35:20,755 EbasNasaAmes WARNING : variable[41]: All valid values are -999.999. Check data sanity.
2018-12-19 15:35:20,761 EbasNasaAmes WARNING : variable[42]: All valid values are -999.999. Check data sanity.
2018-12-19 15:35:20,761 ebas_insert  WARNING : No DB connection, skipping insert.
2018-12-19 15:35:20,761 ebas_insert  INFO    : file ./PGH/IN0003R.20110101000000.20181219000000.nephelometer.aerosol_light_scattering_coefficient.pm1.1y.1h.TSI_3563_PGH_ref_TSI_3563_PGH_wet..lev2.nas: 0 Errors, 29 Warnings
