2018-12-19 15:35:41,006 EbasCmdLine  INFO    : DB connection disabled by argument --nodb
2018-12-19 15:35:41,008 ebas_insert  WARNING : No DB connection, files will be preliminarily checked only.
2018-12-19 15:35:41,008 NasaAmes1001 INFO    : reading file ./PGH/IN0003R.20110101000000.20181219000000.nephelometer.aerosol_light_scattering_coefficient.pm1.1y.1mn.TSI_3563_PGH_ref_TSI_3563_PGH_wet..lev1.nas
2018-12-19 15:35:41,013 NasaAmes1001 WARNING : line 41: character set encoding: fallback to codec 'iso8859-15' but this might be wrong
2018-12-19 15:35:41,013 NasaAmes1001 WARNING : File contains NO-BREAK SPACE characters, will be substituted with normal blanks
2018-12-19 15:36:00,223 EbasNasaAmes WARNING : line 75: Legacy metadata element 'Height AGL' translated to 'Measurement height'
2018-12-19 15:36:00,225 EbasNasaAmes WARNING : line 85: Zero/negative values code: Zero/negative values code 'zero/negative possible' changed to 'Zero/negative possible'
2018-12-19 15:36:00,230 EbasNasaAmes WARNING : line 20: VNAME[7]: Legacy VNAME 'number of wavelengths' skipped
2018-12-19 15:36:00,243 EbasNasaAmes WARNING : line 90: start time of first sample (2011-06-09T10:30:00) is not equal to 'Startdate' specified in metadata (2011-06-09T10:17:00)
2018-12-19 15:36:04,578 EbasNasaAmes WARNING : Period code '1y' should be '7mo' according to data
2018-12-19 15:36:04,644 EbasNasaAmes WARNING : line 14: Variable 1: unit '1/Mm' used for 'Detection limit' is inconsistent with variable's unit ('hPa'); detection limit definition will not be applied
2018-12-19 15:36:04,644 EbasNasaAmes WARNING : line 14: Variable 1: 'Detection limit expl.' will not be applied for the same reason
2018-12-19 15:36:04,644 EbasNasaAmes WARNING : line 15: Variable 2: unit '1/Mm' used for 'Detection limit' is inconsistent with variable's unit ('hPa'); detection limit definition will not be applied
2018-12-19 15:36:04,644 EbasNasaAmes WARNING : line 15: Variable 2: 'Detection limit expl.' will not be applied for the same reason
2018-12-19 15:36:04,644 EbasNasaAmes WARNING : line 16: Variable 3: unit '1/Mm' used for 'Detection limit' is inconsistent with variable's unit ('K'); detection limit definition will not be applied
2018-12-19 15:36:04,645 EbasNasaAmes WARNING : line 16: Variable 3: 'Detection limit expl.' will not be applied for the same reason
2018-12-19 15:36:04,645 EbasNasaAmes WARNING : line 17: Variable 4: unit '1/Mm' used for 'Detection limit' is inconsistent with variable's unit ('K'); detection limit definition will not be applied
2018-12-19 15:36:04,645 EbasNasaAmes WARNING : line 17: Variable 4: 'Detection limit expl.' will not be applied for the same reason
2018-12-19 15:36:04,645 EbasNasaAmes WARNING : line 18: Variable 5: unit '1/Mm' used for 'Detection limit' is inconsistent with variable's unit ('%'); detection limit definition will not be applied
2018-12-19 15:36:04,645 EbasNasaAmes WARNING : line 18: Variable 5: 'Detection limit expl.' will not be applied for the same reason
2018-12-19 15:36:04,645 EbasNasaAmes WARNING : line 19: Variable 6: unit '1/Mm' used for 'Detection limit' is inconsistent with variable's unit ('%'); detection limit definition will not be applied
2018-12-19 15:36:04,645 EbasNasaAmes WARNING : line 19: Variable 6: 'Detection limit expl.' will not be applied for the same reason
2018-12-19 15:36:04,645 EbasNasaAmes WARNING : line 27: Variable 14: unit '1/Mm' used for 'Detection limit' is inconsistent with variable's unit ('no unit'); detection limit definition will not be applied
2018-12-19 15:36:04,645 EbasNasaAmes WARNING : line 27: Variable 14: 'Detection limit expl.' will not be applied for the same reason
2018-12-19 15:36:04,645 EbasNasaAmes WARNING : line 28: Variable 15: unit '1/Mm' used for 'Detection limit' is inconsistent with variable's unit ('no unit'); detection limit definition will not be applied
2018-12-19 15:36:04,646 EbasNasaAmes WARNING : line 28: Variable 15: 'Detection limit expl.' will not be applied for the same reason
2018-12-19 15:36:04,646 EbasNasaAmes WARNING : line 29: Variable 16: unit '1/Mm' used for 'Detection limit' is inconsistent with variable's unit ('no unit'); detection limit definition will not be applied
2018-12-19 15:36:04,646 EbasNasaAmes WARNING : line 29: Variable 16: 'Detection limit expl.' will not be applied for the same reason
2018-12-19 15:36:04,646 EbasNasaAmes WARNING : line 30: Variable 17: unit '1/Mm' used for 'Detection limit' is inconsistent with variable's unit ('no unit'); detection limit definition will not be applied
2018-12-19 15:36:04,646 EbasNasaAmes WARNING : line 30: Variable 17: 'Detection limit expl.' will not be applied for the same reason
2018-12-19 15:36:04,646 EbasNasaAmes WARNING : line 31: Variable 18: unit '1/Mm' used for 'Detection limit' is inconsistent with variable's unit ('no unit'); detection limit definition will not be applied
2018-12-19 15:36:04,646 EbasNasaAmes WARNING : line 31: Variable 18: 'Detection limit expl.' will not be applied for the same reason
2018-12-19 15:36:04,646 EbasNasaAmes WARNING : line 32: Variable 19: unit '1/Mm' used for 'Detection limit' is inconsistent with variable's unit ('no unit'); detection limit definition will not be applied
2018-12-19 15:36:04,646 EbasNasaAmes WARNING : line 32: Variable 19: 'Detection limit expl.' will not be applied for the same reason
2018-12-19 15:36:04,648 EbasNasaAmes WARNING : File name: changed from 'IN0003R.20110101000000.20181219000000.nephelometer.aerosol_light_scattering_coefficient.pm1.1y.1mn.TSI_3563_PGH_ref_TSI_3563_PGH_wet..lev1.nas' to 'IN0003R.20110609101700.20181219000000.nephelometer.aerosol_light_scattering_coefficient.pm1.1y.1mn.US06L_TSI_3563_PGH_ref+TSI_3563_PGH_wet.US06L_hygro_tandem_neph_CorrData.lev1.nas'
2018-12-19 15:36:04,649 ebas_insert  WARNING : No DB connection, skipping insert.
2018-12-19 15:36:04,649 ebas_insert  INFO    : file ./PGH/IN0003R.20110101000000.20181219000000.nephelometer.aerosol_light_scattering_coefficient.pm1.1y.1mn.TSI_3563_PGH_ref_TSI_3563_PGH_wet..lev1.nas: 0 Errors, 31 Warnings
