2018-12-19 14:02:12,592 EbasCmdLine  INFO    : DB connection disabled by argument --nodb
2018-12-19 14:02:12,594 ebas_insert  WARNING : No DB connection, files will be preliminarily checked only.
2018-12-19 14:02:12,594 NasaAmes1001 INFO    : reading file ./GSN/KR0101R.20010101000000.20181219000000.nephelometer.aerosol_light_scattering_coefficient.pm10.9mo.1h.TSI_3563_GSN_ref_TSI_3563_GSN_wet..lev2.nas
2018-12-19 14:02:12,602 NasaAmes1001 WARNING : line 118: character set encoding: fallback to codec 'iso8859-15' but this might be wrong
2018-12-19 14:02:12,602 NasaAmes1001 WARNING : File contains NO-BREAK SPACE characters, will be substituted with normal blanks
2018-12-19 14:02:12,921 EbasNasaAmes WARNING : line 154: Legacy metadata element 'Height AGL' translated to 'Measurement height'
2018-12-19 14:02:12,922 EbasNasaAmes WARNING : line 164: Zero/negative values code: Zero/negative values code 'zero/negative possible' changed to 'Zero/negative possible'
2018-12-19 14:02:13,050 EbasNasaAmes WARNING : Period code '9mo' should be '24d' according to data
2018-12-19 14:02:13,078 EbasNasaAmes WARNING : line 98: Variable 85: unit '1/Mm' used for 'Detection limit' is inconsistent with variable's unit ('no unit'); detection limit definition will not be applied
2018-12-19 14:02:13,078 EbasNasaAmes WARNING : line 98: Variable 85: 'Detection limit expl.' will not be applied for the same reason
2018-12-19 14:02:13,078 EbasNasaAmes WARNING : line 99: Variable 86: unit '1/Mm' used for 'Detection limit' is inconsistent with variable's unit ('no unit'); detection limit definition will not be applied
2018-12-19 14:02:13,079 EbasNasaAmes WARNING : line 99: Variable 86: 'Detection limit expl.' will not be applied for the same reason
2018-12-19 14:02:13,079 EbasNasaAmes WARNING : line 100: Variable 87: unit '1/Mm' used for 'Detection limit' is inconsistent with variable's unit ('no unit'); detection limit definition will not be applied
2018-12-19 14:02:13,079 EbasNasaAmes WARNING : line 100: Variable 87: 'Detection limit expl.' will not be applied for the same reason
2018-12-19 14:02:13,079 EbasNasaAmes WARNING : line 101: Variable 88: unit '1/Mm' used for 'Detection limit' is inconsistent with variable's unit ('no unit'); detection limit definition will not be applied
2018-12-19 14:02:13,079 EbasNasaAmes WARNING : line 101: Variable 88: 'Detection limit expl.' will not be applied for the same reason
2018-12-19 14:02:13,079 EbasNasaAmes WARNING : line 102: Variable 89: unit '1/Mm' used for 'Detection limit' is inconsistent with variable's unit ('no unit'); detection limit definition will not be applied
2018-12-19 14:02:13,079 EbasNasaAmes WARNING : line 102: Variable 89: 'Detection limit expl.' will not be applied for the same reason
2018-12-19 14:02:13,080 EbasNasaAmes WARNING : line 103: Variable 90: unit '1/Mm' used for 'Detection limit' is inconsistent with variable's unit ('no unit'); detection limit definition will not be applied
2018-12-19 14:02:13,080 EbasNasaAmes WARNING : line 103: Variable 90: 'Detection limit expl.' will not be applied for the same reason
2018-12-19 14:02:13,080 EbasNasaAmes WARNING : line 104: Variable 91: unit '1/Mm' used for 'Detection limit' is inconsistent with variable's unit ('no unit'); detection limit definition will not be applied
2018-12-19 14:02:13,080 EbasNasaAmes WARNING : line 104: Variable 91: 'Detection limit expl.' will not be applied for the same reason
2018-12-19 14:02:13,080 EbasNasaAmes WARNING : line 105: Variable 92: unit '1/Mm' used for 'Detection limit' is inconsistent with variable's unit ('no unit'); detection limit definition will not be applied
2018-12-19 14:02:13,080 EbasNasaAmes WARNING : line 105: Variable 92: 'Detection limit expl.' will not be applied for the same reason
2018-12-19 14:02:13,080 EbasNasaAmes WARNING : line 106: Variable 93: unit '1/Mm' used for 'Detection limit' is inconsistent with variable's unit ('no unit'); detection limit definition will not be applied
2018-12-19 14:02:13,080 EbasNasaAmes WARNING : line 106: Variable 93: 'Detection limit expl.' will not be applied for the same reason
2018-12-19 14:02:13,081 EbasNasaAmes WARNING : line 107: Variable 94: unit '1/Mm' used for 'Detection limit' is inconsistent with variable's unit ('no unit'); detection limit definition will not be applied
2018-12-19 14:02:13,081 EbasNasaAmes WARNING : line 107: Variable 94: 'Detection limit expl.' will not be applied for the same reason
2018-12-19 14:02:13,081 EbasNasaAmes WARNING : line 108: Variable 95: unit '1/Mm' used for 'Detection limit' is inconsistent with variable's unit ('no unit'); detection limit definition will not be applied
2018-12-19 14:02:13,081 EbasNasaAmes WARNING : line 108: Variable 95: 'Detection limit expl.' will not be applied for the same reason
2018-12-19 14:02:13,081 EbasNasaAmes WARNING : line 109: Variable 96: unit '1/Mm' used for 'Detection limit' is inconsistent with variable's unit ('no unit'); detection limit definition will not be applied
2018-12-19 14:02:13,081 EbasNasaAmes WARNING : line 109: Variable 96: 'Detection limit expl.' will not be applied for the same reason
2018-12-19 14:02:13,094 EbasNasaAmes WARNING : File name: changed from 'KR0101R.20010101000000.20181219000000.nephelometer.aerosol_light_scattering_coefficient.pm10.9mo.1h.TSI_3563_GSN_ref_TSI_3563_GSN_wet..lev2.nas' to 'KR0101R.20010421000600.20181219000000.nephelometer.aerosol_light_scattering_coefficient.pm10.9mo.1h.US06L_TSI_3563_GSN_ref+TSI_3563_GSN_wet.US06L_hygro_tandem_neph_CorrData.lev2.nas'
2018-12-19 14:02:13,094 EbasNasaAmes WARNING : variable[12]: All values are MISSING. Check data sanity.
2018-12-19 14:02:13,095 EbasNasaAmes WARNING : variable[13]: All values are MISSING. Check data sanity.
2018-12-19 14:02:13,095 EbasNasaAmes WARNING : variable[14]: All values are MISSING. Check data sanity.
2018-12-19 14:02:13,095 EbasNasaAmes WARNING : variable[26]: All values are MISSING. Check data sanity.
2018-12-19 14:02:13,095 EbasNasaAmes WARNING : variable[27]: All values are MISSING. Check data sanity.
2018-12-19 14:02:13,096 EbasNasaAmes WARNING : variable[28]: All values are MISSING. Check data sanity.
2018-12-19 14:02:13,096 EbasNasaAmes WARNING : variable[40]: All values are MISSING. Check data sanity.
2018-12-19 14:02:13,096 EbasNasaAmes WARNING : variable[41]: All values are MISSING. Check data sanity.
2018-12-19 14:02:13,097 EbasNasaAmes WARNING : variable[42]: All values are MISSING. Check data sanity.
2018-12-19 14:02:13,097 EbasNasaAmes WARNING : variable[43]: All values are MISSING. Check data sanity.
2018-12-19 14:02:13,097 EbasNasaAmes WARNING : variable[54]: All values are MISSING. Check data sanity.
2018-12-19 14:02:13,097 EbasNasaAmes WARNING : variable[55]: All values are MISSING. Check data sanity.
2018-12-19 14:02:13,098 EbasNasaAmes WARNING : variable[56]: All values are MISSING. Check data sanity.
2018-12-19 14:02:13,098 EbasNasaAmes WARNING : variable[57]: All values are MISSING. Check data sanity.
2018-12-19 14:02:13,098 EbasNasaAmes WARNING : variable[68]: All values are MISSING. Check data sanity.
2018-12-19 14:02:13,099 EbasNasaAmes WARNING : variable[69]: All values are MISSING. Check data sanity.
2018-12-19 14:02:13,099 EbasNasaAmes WARNING : variable[70]: All values are MISSING. Check data sanity.
2018-12-19 14:02:13,099 EbasNasaAmes WARNING : variable[71]: All values are MISSING. Check data sanity.
2018-12-19 14:02:13,099 EbasNasaAmes WARNING : variable[82]: All values are MISSING. Check data sanity.
2018-12-19 14:02:13,100 EbasNasaAmes WARNING : variable[83]: All values are MISSING. Check data sanity.
2018-12-19 14:02:13,100 EbasNasaAmes WARNING : variable[84]: All values are MISSING. Check data sanity.
2018-12-19 14:02:13,100 ebas_insert  WARNING : No DB connection, skipping insert.
2018-12-19 14:02:13,100 ebas_insert  INFO    : file ./GSN/KR0101R.20010101000000.20181219000000.nephelometer.aerosol_light_scattering_coefficient.pm10.9mo.1h.TSI_3563_GSN_ref_TSI_3563_GSN_wet..lev2.nas: 0 Errors, 50 Warnings
