2018-12-19 14:02:11,205 EbasCmdLine  INFO    : DB connection disabled by argument --nodb
2018-12-19 14:02:11,207 ebas_insert  WARNING : No DB connection, files will be preliminarily checked only.
2018-12-19 14:02:11,207 NasaAmes1001 INFO    : reading file ./GSN/KR0101R.20010101000000.20181217000000.nephelometer.aerosol_light_scattering_coefficient.pm1.9mo.1h.TSI_3563_GSN_ref_TSI_3563_GSN_wet..lev2.nas
2018-12-19 14:02:11,215 NasaAmes1001 WARNING : line 118: character set encoding: fallback to codec 'iso8859-15' but this might be wrong
2018-12-19 14:02:11,215 NasaAmes1001 WARNING : File contains NO-BREAK SPACE characters, will be substituted with normal blanks
2018-12-19 14:02:11,540 EbasNasaAmes WARNING : line 154: Legacy metadata element 'Height AGL' translated to 'Measurement height'
2018-12-19 14:02:11,541 EbasNasaAmes WARNING : line 164: Zero/negative values code: Zero/negative values code 'zero/negative possible' changed to 'Zero/negative possible'
2018-12-19 14:02:11,661 EbasNasaAmes WARNING : Period code '9mo' should be '24d' according to data
2018-12-19 14:02:11,689 EbasNasaAmes WARNING : line 98: Variable 85: unit '1/Mm' used for 'Detection limit' is inconsistent with variable's unit ('no unit'); detection limit definition will not be applied
2018-12-19 14:02:11,689 EbasNasaAmes WARNING : line 98: Variable 85: 'Detection limit expl.' will not be applied for the same reason
2018-12-19 14:02:11,689 EbasNasaAmes WARNING : line 99: Variable 86: unit '1/Mm' used for 'Detection limit' is inconsistent with variable's unit ('no unit'); detection limit definition will not be applied
2018-12-19 14:02:11,689 EbasNasaAmes WARNING : line 99: Variable 86: 'Detection limit expl.' will not be applied for the same reason
2018-12-19 14:02:11,689 EbasNasaAmes WARNING : line 100: Variable 87: unit '1/Mm' used for 'Detection limit' is inconsistent with variable's unit ('no unit'); detection limit definition will not be applied
2018-12-19 14:02:11,690 EbasNasaAmes WARNING : line 100: Variable 87: 'Detection limit expl.' will not be applied for the same reason
2018-12-19 14:02:11,690 EbasNasaAmes WARNING : line 101: Variable 88: unit '1/Mm' used for 'Detection limit' is inconsistent with variable's unit ('no unit'); detection limit definition will not be applied
2018-12-19 14:02:11,690 EbasNasaAmes WARNING : line 101: Variable 88: 'Detection limit expl.' will not be applied for the same reason
2018-12-19 14:02:11,690 EbasNasaAmes WARNING : line 102: Variable 89: unit '1/Mm' used for 'Detection limit' is inconsistent with variable's unit ('no unit'); detection limit definition will not be applied
2018-12-19 14:02:11,690 EbasNasaAmes WARNING : line 102: Variable 89: 'Detection limit expl.' will not be applied for the same reason
2018-12-19 14:02:11,690 EbasNasaAmes WARNING : line 103: Variable 90: unit '1/Mm' used for 'Detection limit' is inconsistent with variable's unit ('no unit'); detection limit definition will not be applied
2018-12-19 14:02:11,690 EbasNasaAmes WARNING : line 103: Variable 90: 'Detection limit expl.' will not be applied for the same reason
2018-12-19 14:02:11,691 EbasNasaAmes WARNING : line 104: Variable 91: unit '1/Mm' used for 'Detection limit' is inconsistent with variable's unit ('no unit'); detection limit definition will not be applied
2018-12-19 14:02:11,691 EbasNasaAmes WARNING : line 104: Variable 91: 'Detection limit expl.' will not be applied for the same reason
2018-12-19 14:02:11,691 EbasNasaAmes WARNING : line 105: Variable 92: unit '1/Mm' used for 'Detection limit' is inconsistent with variable's unit ('no unit'); detection limit definition will not be applied
2018-12-19 14:02:11,691 EbasNasaAmes WARNING : line 105: Variable 92: 'Detection limit expl.' will not be applied for the same reason
2018-12-19 14:02:11,691 EbasNasaAmes WARNING : line 106: Variable 93: unit '1/Mm' used for 'Detection limit' is inconsistent with variable's unit ('no unit'); detection limit definition will not be applied
2018-12-19 14:02:11,691 EbasNasaAmes WARNING : line 106: Variable 93: 'Detection limit expl.' will not be applied for the same reason
2018-12-19 14:02:11,691 EbasNasaAmes WARNING : line 107: Variable 94: unit '1/Mm' used for 'Detection limit' is inconsistent with variable's unit ('no unit'); detection limit definition will not be applied
2018-12-19 14:02:11,692 EbasNasaAmes WARNING : line 107: Variable 94: 'Detection limit expl.' will not be applied for the same reason
2018-12-19 14:02:11,692 EbasNasaAmes WARNING : line 108: Variable 95: unit '1/Mm' used for 'Detection limit' is inconsistent with variable's unit ('no unit'); detection limit definition will not be applied
2018-12-19 14:02:11,692 EbasNasaAmes WARNING : line 108: Variable 95: 'Detection limit expl.' will not be applied for the same reason
2018-12-19 14:02:11,692 EbasNasaAmes WARNING : line 109: Variable 96: unit '1/Mm' used for 'Detection limit' is inconsistent with variable's unit ('no unit'); detection limit definition will not be applied
2018-12-19 14:02:11,692 EbasNasaAmes WARNING : line 109: Variable 96: 'Detection limit expl.' will not be applied for the same reason
2018-12-19 14:02:11,704 EbasNasaAmes WARNING : File name: changed from 'KR0101R.20010101000000.20181217000000.nephelometer.aerosol_light_scattering_coefficient.pm1.9mo.1h.TSI_3563_GSN_ref_TSI_3563_GSN_wet..lev2.nas' to 'KR0101R.20010421000001.20181217000000.nephelometer.aerosol_light_scattering_coefficient.pm1.9mo.1h.US06L_TSI_3563_GSN_ref+TSI_3563_GSN_wet.US06L_hygro_tandem_neph_CorrData.lev2.nas'
2018-12-19 14:02:11,705 EbasNasaAmes WARNING : variable[14]: All values are MISSING. Check data sanity.
2018-12-19 14:02:11,706 EbasNasaAmes WARNING : variable[28]: All values are MISSING. Check data sanity.
2018-12-19 14:02:11,706 EbasNasaAmes WARNING : variable[42]: All values are MISSING. Check data sanity.
2018-12-19 14:02:11,707 EbasNasaAmes WARNING : variable[43]: All valid values are 14.961. Check data sanity.
2018-12-19 14:02:11,708 EbasNasaAmes WARNING : variable[56]: All values are MISSING. Check data sanity.
2018-12-19 14:02:11,708 EbasNasaAmes WARNING : variable[57]: All values are MISSING. Check data sanity.
2018-12-19 14:02:11,708 EbasNasaAmes WARNING : variable[70]: All values are MISSING. Check data sanity.
2018-12-19 14:02:11,709 EbasNasaAmes WARNING : variable[71]: All values are MISSING. Check data sanity.
2018-12-19 14:02:11,709 EbasNasaAmes WARNING : variable[84]: All values are MISSING. Check data sanity.
2018-12-19 14:02:11,710 ebas_insert  WARNING : No DB connection, skipping insert.
2018-12-19 14:02:11,710 ebas_insert  INFO    : file ./GSN/KR0101R.20010101000000.20181217000000.nephelometer.aerosol_light_scattering_coefficient.pm1.9mo.1h.TSI_3563_GSN_ref_TSI_3563_GSN_wet..lev2.nas: 0 Errors, 38 Warnings
