2018-12-19 14:03:17,518 EbasCmdLine  INFO    : DB connection disabled by argument --nodb
2018-12-19 14:03:17,520 ebas_insert  WARNING : No DB connection, files will be preliminarily checked only.
2018-12-19 14:03:17,520 NasaAmes1001 INFO    : reading file ./KCO/MV0001R.19990101000000.20181219000000.nephelometer.aerosol_light_scattering_coefficient.pm10.1y.1mn.TSI_3563_KCO_ref_TSI_3563_KCO_wet..lev0.nas
2018-12-19 14:03:17,524 NasaAmes1001 WARNING : line 41: character set encoding: fallback to codec 'iso8859-15' but this might be wrong
2018-12-19 14:03:17,524 NasaAmes1001 WARNING : File contains NO-BREAK SPACE characters, will be substituted with normal blanks
2018-12-19 14:03:22,769 EbasNasaAmes WARNING : line 83: Zero/negative values code: Zero/negative values code 'zero/negative possible' changed to 'Zero/negative possible'
2018-12-19 14:03:22,773 EbasNasaAmes WARNING : line 20: VNAME[7]: Legacy VNAME 'number of wavelengths' skipped
2018-12-19 14:03:22,785 EbasNasaAmes WARNING : line 88: start time of first sample (1999-02-05T13:30:00) is not equal to 'Startdate' specified in metadata (1999-02-05T13:27:00)
2018-12-19 14:03:23,552 EbasNasaAmes WARNING : Period code '1y' should be '52d' according to data
2018-12-19 14:03:23,592 EbasNasaAmes WARNING : line 14: Variable 1: unit '1/Mm' used for 'Detection limit' is inconsistent with variable's unit ('hPa'); detection limit definition will not be applied
2018-12-19 14:03:23,593 EbasNasaAmes WARNING : line 14: Variable 1: 'Detection limit expl.' will not be applied for the same reason
2018-12-19 14:03:23,593 EbasNasaAmes WARNING : line 15: Variable 2: unit '1/Mm' used for 'Detection limit' is inconsistent with variable's unit ('hPa'); detection limit definition will not be applied
2018-12-19 14:03:23,593 EbasNasaAmes WARNING : line 15: Variable 2: 'Detection limit expl.' will not be applied for the same reason
2018-12-19 14:03:23,593 EbasNasaAmes WARNING : line 16: Variable 3: unit '1/Mm' used for 'Detection limit' is inconsistent with variable's unit ('K'); detection limit definition will not be applied
2018-12-19 14:03:23,593 EbasNasaAmes WARNING : line 16: Variable 3: 'Detection limit expl.' will not be applied for the same reason
2018-12-19 14:03:23,593 EbasNasaAmes WARNING : line 17: Variable 4: unit '1/Mm' used for 'Detection limit' is inconsistent with variable's unit ('K'); detection limit definition will not be applied
2018-12-19 14:03:23,593 EbasNasaAmes WARNING : line 17: Variable 4: 'Detection limit expl.' will not be applied for the same reason
2018-12-19 14:03:23,593 EbasNasaAmes WARNING : line 18: Variable 5: unit '1/Mm' used for 'Detection limit' is inconsistent with variable's unit ('%'); detection limit definition will not be applied
2018-12-19 14:03:23,594 EbasNasaAmes WARNING : line 18: Variable 5: 'Detection limit expl.' will not be applied for the same reason
2018-12-19 14:03:23,594 EbasNasaAmes WARNING : line 19: Variable 6: unit '1/Mm' used for 'Detection limit' is inconsistent with variable's unit ('%'); detection limit definition will not be applied
2018-12-19 14:03:23,594 EbasNasaAmes WARNING : line 19: Variable 6: 'Detection limit expl.' will not be applied for the same reason
2018-12-19 14:03:23,596 EbasNasaAmes WARNING : File name: changed from 'MV0001R.19990101000000.20181219000000.nephelometer.aerosol_light_scattering_coefficient.pm10.1y.1mn.TSI_3563_KCO_ref_TSI_3563_KCO_wet..lev0.nas' to 'MV0001R.19990205132700.20181219000000.nephelometer.aerosol_light_scattering_coefficient.pm10.1y.1mn.US06L_TSI_3563_KCO_ref+TSI_3563_KCO_wet.US06L_hygro_tandem_neph_CorrData.lev0.nas'
2018-12-19 14:03:23,597 ebas_insert  WARNING : No DB connection, skipping insert.
2018-12-19 14:03:23,597 ebas_insert  INFO    : file ./KCO/MV0001R.19990101000000.20181219000000.nephelometer.aerosol_light_scattering_coefficient.pm10.1y.1mn.TSI_3563_KCO_ref_TSI_3563_KCO_wet..lev0.nas: 0 Errors, 18 Warnings
