2018-12-19 14:03:33,559 EbasCmdLine  INFO    : DB connection disabled by argument --nodb
2018-12-19 14:03:33,562 ebas_insert  WARNING : No DB connection, files will be preliminarily checked only.
2018-12-19 14:03:33,562 NasaAmes1001 INFO    : reading file ./KCO/MV0001R.19990101000000.20181218000000.nephelometer.aerosol_light_scattering_coefficient.pm1.1y.1h.TSI_3563_KCO_ref_TSI_3563_KCO_wet..lev2.nas
2018-12-19 14:03:33,569 NasaAmes1001 WARNING : line 118: character set encoding: fallback to codec 'iso8859-15' but this might be wrong
2018-12-19 14:03:33,570 NasaAmes1001 WARNING : File contains NO-BREAK SPACE characters, will be substituted with normal blanks
2018-12-19 14:03:34,197 EbasNasaAmes WARNING : line 160: Zero/negative values code: Zero/negative values code 'zero/negative possible' changed to 'Zero/negative possible'
2018-12-19 14:03:34,345 EbasNasaAmes WARNING : Period code '1y' should be '38d' according to data
2018-12-19 14:03:34,374 EbasNasaAmes WARNING : line 98: Variable 85: unit '1/Mm' used for 'Detection limit' is inconsistent with variable's unit ('no unit'); detection limit definition will not be applied
2018-12-19 14:03:34,374 EbasNasaAmes WARNING : line 98: Variable 85: 'Detection limit expl.' will not be applied for the same reason
2018-12-19 14:03:34,374 EbasNasaAmes WARNING : line 99: Variable 86: unit '1/Mm' used for 'Detection limit' is inconsistent with variable's unit ('no unit'); detection limit definition will not be applied
2018-12-19 14:03:34,374 EbasNasaAmes WARNING : line 99: Variable 86: 'Detection limit expl.' will not be applied for the same reason
2018-12-19 14:03:34,375 EbasNasaAmes WARNING : line 100: Variable 87: unit '1/Mm' used for 'Detection limit' is inconsistent with variable's unit ('no unit'); detection limit definition will not be applied
2018-12-19 14:03:34,375 EbasNasaAmes WARNING : line 100: Variable 87: 'Detection limit expl.' will not be applied for the same reason
2018-12-19 14:03:34,375 EbasNasaAmes WARNING : line 101: Variable 88: unit '1/Mm' used for 'Detection limit' is inconsistent with variable's unit ('no unit'); detection limit definition will not be applied
2018-12-19 14:03:34,375 EbasNasaAmes WARNING : line 101: Variable 88: 'Detection limit expl.' will not be applied for the same reason
2018-12-19 14:03:34,375 EbasNasaAmes WARNING : line 102: Variable 89: unit '1/Mm' used for 'Detection limit' is inconsistent with variable's unit ('no unit'); detection limit definition will not be applied
2018-12-19 14:03:34,375 EbasNasaAmes WARNING : line 102: Variable 89: 'Detection limit expl.' will not be applied for the same reason
2018-12-19 14:03:34,375 EbasNasaAmes WARNING : line 103: Variable 90: unit '1/Mm' used for 'Detection limit' is inconsistent with variable's unit ('no unit'); detection limit definition will not be applied
2018-12-19 14:03:34,375 EbasNasaAmes WARNING : line 103: Variable 90: 'Detection limit expl.' will not be applied for the same reason
2018-12-19 14:03:34,375 EbasNasaAmes WARNING : line 104: Variable 91: unit '1/Mm' used for 'Detection limit' is inconsistent with variable's unit ('no unit'); detection limit definition will not be applied
2018-12-19 14:03:34,376 EbasNasaAmes WARNING : line 104: Variable 91: 'Detection limit expl.' will not be applied for the same reason
2018-12-19 14:03:34,376 EbasNasaAmes WARNING : line 105: Variable 92: unit '1/Mm' used for 'Detection limit' is inconsistent with variable's unit ('no unit'); detection limit definition will not be applied
2018-12-19 14:03:34,376 EbasNasaAmes WARNING : line 105: Variable 92: 'Detection limit expl.' will not be applied for the same reason
2018-12-19 14:03:34,376 EbasNasaAmes WARNING : line 106: Variable 93: unit '1/Mm' used for 'Detection limit' is inconsistent with variable's unit ('no unit'); detection limit definition will not be applied
2018-12-19 14:03:34,376 EbasNasaAmes WARNING : line 106: Variable 93: 'Detection limit expl.' will not be applied for the same reason
2018-12-19 14:03:34,376 EbasNasaAmes WARNING : line 107: Variable 94: unit '1/Mm' used for 'Detection limit' is inconsistent with variable's unit ('no unit'); detection limit definition will not be applied
2018-12-19 14:03:34,376 EbasNasaAmes WARNING : line 107: Variable 94: 'Detection limit expl.' will not be applied for the same reason
2018-12-19 14:03:34,377 EbasNasaAmes WARNING : line 108: Variable 95: unit '1/Mm' used for 'Detection limit' is inconsistent with variable's unit ('no unit'); detection limit definition will not be applied
2018-12-19 14:03:34,377 EbasNasaAmes WARNING : line 108: Variable 95: 'Detection limit expl.' will not be applied for the same reason
2018-12-19 14:03:34,377 EbasNasaAmes WARNING : line 109: Variable 96: unit '1/Mm' used for 'Detection limit' is inconsistent with variable's unit ('no unit'); detection limit definition will not be applied
2018-12-19 14:03:34,377 EbasNasaAmes WARNING : line 109: Variable 96: 'Detection limit expl.' will not be applied for the same reason
2018-12-19 14:03:34,389 EbasNasaAmes WARNING : File name: changed from 'MV0001R.19990101000000.20181218000000.nephelometer.aerosol_light_scattering_coefficient.pm1.1y.1h.TSI_3563_KCO_ref_TSI_3563_KCO_wet..lev2.nas' to 'MV0001R.19990205132700.20181218000000.nephelometer.aerosol_light_scattering_coefficient.pm1.1y.1h.US06L_TSI_3563_KCO_ref+TSI_3563_KCO_wet.US06L_hygro_tandem_neph_CorrData.lev2.nas'
2018-12-19 14:03:34,390 EbasNasaAmes WARNING : variable[14]: All values are MISSING. Check data sanity.
2018-12-19 14:03:34,390 EbasNasaAmes WARNING : variable[28]: All values are MISSING. Check data sanity.
2018-12-19 14:03:34,391 EbasNasaAmes WARNING : variable[42]: All values are MISSING. Check data sanity.
2018-12-19 14:03:34,392 EbasNasaAmes WARNING : variable[56]: All values are MISSING. Check data sanity.
2018-12-19 14:03:34,393 EbasNasaAmes WARNING : variable[70]: All values are MISSING. Check data sanity.
2018-12-19 14:03:34,394 EbasNasaAmes WARNING : variable[84]: All values are MISSING. Check data sanity.
2018-12-19 14:03:34,394 EbasNasaAmes WARNING : variable[86]: All values are MISSING. Check data sanity.
2018-12-19 14:03:34,395 EbasNasaAmes WARNING : variable[88]: All values are MISSING. Check data sanity.
2018-12-19 14:03:34,395 EbasNasaAmes WARNING : variable[90]: All values are MISSING. Check data sanity.
2018-12-19 14:03:34,395 EbasNasaAmes WARNING : variable[92]: All values are MISSING. Check data sanity.
2018-12-19 14:03:34,395 EbasNasaAmes WARNING : variable[94]: All values are MISSING. Check data sanity.
2018-12-19 14:03:34,395 EbasNasaAmes WARNING : variable[96]: All values are MISSING. Check data sanity.
2018-12-19 14:03:34,396 ebas_insert  WARNING : No DB connection, skipping insert.
2018-12-19 14:03:34,396 ebas_insert  INFO    : file ./KCO/MV0001R.19990101000000.20181218000000.nephelometer.aerosol_light_scattering_coefficient.pm1.1y.1h.TSI_3563_KCO_ref_TSI_3563_KCO_wet..lev2.nas: 0 Errors, 40 Warnings
