2018-12-19 12:58:33,365 EbasCmdLine  INFO    : DB connection disabled by argument --nodb
2018-12-19 12:58:33,367 ebas_insert  WARNING : No DB connection, files will be preliminarily checked only.
2018-12-19 12:58:33,367 NasaAmes1001 INFO    : reading file ./BRW/US0008R.20120101000000.20181219000000.nephelometer.aerosol_light_scattering_coefficient.pm10.1y.6h.TSI_3563_BRW_ref_TSI_3563_BRW_wet..lev2.nas
2018-12-19 12:58:33,375 NasaAmes1001 WARNING : line 118: character set encoding: fallback to codec 'iso8859-15' but this might be wrong
2018-12-19 12:58:33,376 NasaAmes1001 WARNING : File contains NO-BREAK SPACE characters, will be substituted with normal blanks
2018-12-19 12:58:34,243 EbasNasaAmes WARNING : line 155: Legacy metadata element 'Height AGL' translated to 'Measurement height'
2018-12-19 12:58:34,244 EbasNasaAmes WARNING : line 165: Zero/negative values code: Zero/negative values code 'zero/negative possible' changed to 'Zero/negative possible'
2018-12-19 12:58:34,450 EbasNasaAmes WARNING : line 98: Variable 85: unit '1/Mm' used for 'Detection limit' is inconsistent with variable's unit ('no unit'); detection limit definition will not be applied
2018-12-19 12:58:34,450 EbasNasaAmes WARNING : line 98: Variable 85: 'Detection limit expl.' will not be applied for the same reason
2018-12-19 12:58:34,450 EbasNasaAmes WARNING : line 99: Variable 86: unit '1/Mm' used for 'Detection limit' is inconsistent with variable's unit ('no unit'); detection limit definition will not be applied
2018-12-19 12:58:34,450 EbasNasaAmes WARNING : line 99: Variable 86: 'Detection limit expl.' will not be applied for the same reason
2018-12-19 12:58:34,450 EbasNasaAmes WARNING : line 100: Variable 87: unit '1/Mm' used for 'Detection limit' is inconsistent with variable's unit ('no unit'); detection limit definition will not be applied
2018-12-19 12:58:34,450 EbasNasaAmes WARNING : line 100: Variable 87: 'Detection limit expl.' will not be applied for the same reason
2018-12-19 12:58:34,450 EbasNasaAmes WARNING : line 101: Variable 88: unit '1/Mm' used for 'Detection limit' is inconsistent with variable's unit ('no unit'); detection limit definition will not be applied
2018-12-19 12:58:34,451 EbasNasaAmes WARNING : line 101: Variable 88: 'Detection limit expl.' will not be applied for the same reason
2018-12-19 12:58:34,451 EbasNasaAmes WARNING : line 102: Variable 89: unit '1/Mm' used for 'Detection limit' is inconsistent with variable's unit ('no unit'); detection limit definition will not be applied
2018-12-19 12:58:34,451 EbasNasaAmes WARNING : line 102: Variable 89: 'Detection limit expl.' will not be applied for the same reason
2018-12-19 12:58:34,451 EbasNasaAmes WARNING : line 103: Variable 90: unit '1/Mm' used for 'Detection limit' is inconsistent with variable's unit ('no unit'); detection limit definition will not be applied
2018-12-19 12:58:34,451 EbasNasaAmes WARNING : line 103: Variable 90: 'Detection limit expl.' will not be applied for the same reason
2018-12-19 12:58:34,451 EbasNasaAmes WARNING : line 104: Variable 91: unit '1/Mm' used for 'Detection limit' is inconsistent with variable's unit ('no unit'); detection limit definition will not be applied
2018-12-19 12:58:34,451 EbasNasaAmes WARNING : line 104: Variable 91: 'Detection limit expl.' will not be applied for the same reason
2018-12-19 12:58:34,452 EbasNasaAmes WARNING : line 105: Variable 92: unit '1/Mm' used for 'Detection limit' is inconsistent with variable's unit ('no unit'); detection limit definition will not be applied
2018-12-19 12:58:34,452 EbasNasaAmes WARNING : line 105: Variable 92: 'Detection limit expl.' will not be applied for the same reason
2018-12-19 12:58:34,452 EbasNasaAmes WARNING : line 106: Variable 93: unit '1/Mm' used for 'Detection limit' is inconsistent with variable's unit ('no unit'); detection limit definition will not be applied
2018-12-19 12:58:34,452 EbasNasaAmes WARNING : line 106: Variable 93: 'Detection limit expl.' will not be applied for the same reason
2018-12-19 12:58:34,452 EbasNasaAmes WARNING : line 107: Variable 94: unit '1/Mm' used for 'Detection limit' is inconsistent with variable's unit ('no unit'); detection limit definition will not be applied
2018-12-19 12:58:34,452 EbasNasaAmes WARNING : line 107: Variable 94: 'Detection limit expl.' will not be applied for the same reason
2018-12-19 12:58:34,452 EbasNasaAmes WARNING : line 108: Variable 95: unit '1/Mm' used for 'Detection limit' is inconsistent with variable's unit ('no unit'); detection limit definition will not be applied
2018-12-19 12:58:34,452 EbasNasaAmes WARNING : line 108: Variable 95: 'Detection limit expl.' will not be applied for the same reason
2018-12-19 12:58:34,453 EbasNasaAmes WARNING : line 109: Variable 96: unit '1/Mm' used for 'Detection limit' is inconsistent with variable's unit ('no unit'); detection limit definition will not be applied
2018-12-19 12:58:34,453 EbasNasaAmes WARNING : line 109: Variable 96: 'Detection limit expl.' will not be applied for the same reason
2018-12-19 12:58:34,464 EbasNasaAmes WARNING : File name: changed from 'US0008R.20120101000000.20181219000000.nephelometer.aerosol_light_scattering_coefficient.pm10.1y.6h.TSI_3563_BRW_ref_TSI_3563_BRW_wet..lev2.nas' to 'US0008R.20120101000200.20181219000000.nephelometer.aerosol_light_scattering_coefficient.pm10.1y.6h.US06L_TSI_3563_BRW_ref+TSI_3563_BRW_wet.US06L_hygro_tandem_neph_CorrData.lev2.nas'
2018-12-19 12:58:34,466 EbasNasaAmes WARNING : variable[12]: All valid values are 5.407. Check data sanity.
2018-12-19 12:58:34,467 EbasNasaAmes WARNING : variable[13]: All valid values are 5.746. Check data sanity.
2018-12-19 12:58:34,467 EbasNasaAmes WARNING : variable[14]: All values are MISSING. Check data sanity.
2018-12-19 12:58:34,469 EbasNasaAmes WARNING : variable[26]: All valid values are 5.148. Check data sanity.
2018-12-19 12:58:34,470 EbasNasaAmes WARNING : variable[27]: All valid values are 5.018. Check data sanity.
2018-12-19 12:58:34,470 EbasNasaAmes WARNING : variable[28]: All values are MISSING. Check data sanity.
2018-12-19 12:58:34,472 EbasNasaAmes WARNING : variable[40]: All valid values are 3.659. Check data sanity.
2018-12-19 12:58:34,473 EbasNasaAmes WARNING : variable[41]: All valid values are 3.833. Check data sanity.
2018-12-19 12:58:34,473 EbasNasaAmes WARNING : variable[42]: All values are MISSING. Check data sanity.
2018-12-19 12:58:34,475 EbasNasaAmes WARNING : variable[54]: All valid values are 0.394. Check data sanity.
2018-12-19 12:58:34,476 EbasNasaAmes WARNING : variable[55]: All valid values are 0.378. Check data sanity.
2018-12-19 12:58:34,476 EbasNasaAmes WARNING : variable[56]: All values are MISSING. Check data sanity.
2018-12-19 12:58:34,478 EbasNasaAmes WARNING : variable[67]: All valid values are 1.581. Check data sanity.
2018-12-19 12:58:34,478 EbasNasaAmes WARNING : variable[68]: All values are MISSING. Check data sanity.
2018-12-19 12:58:34,478 EbasNasaAmes WARNING : variable[69]: All values are MISSING. Check data sanity.
2018-12-19 12:58:34,478 EbasNasaAmes WARNING : variable[70]: All values are MISSING. Check data sanity.
2018-12-19 12:58:34,480 EbasNasaAmes WARNING : variable[81]: All valid values are 1.132. Check data sanity.
2018-12-19 12:58:34,480 EbasNasaAmes WARNING : variable[82]: All values are MISSING. Check data sanity.
2018-12-19 12:58:34,480 EbasNasaAmes WARNING : variable[83]: All values are MISSING. Check data sanity.
2018-12-19 12:58:34,480 EbasNasaAmes WARNING : variable[84]: All values are MISSING. Check data sanity.
2018-12-19 12:58:34,481 ebas_insert  WARNING : No DB connection, skipping insert.
2018-12-19 12:58:34,481 ebas_insert  INFO    : file ./BRW/US0008R.20120101000000.20181219000000.nephelometer.aerosol_light_scattering_coefficient.pm10.1y.6h.TSI_3563_BRW_ref_TSI_3563_BRW_wet..lev2.nas: 0 Errors, 48 Warnings
