2018-12-19 12:54:57,152 EbasCmdLine  INFO    : DB connection disabled by argument --nodb
2018-12-19 12:54:57,154 ebas_insert  WARNING : No DB connection, files will be preliminarily checked only.
2018-12-19 12:54:57,154 NasaAmes1001 INFO    : reading file ./BRW/US0008R.20130101000000.20181219000000.nephelometer.aerosol_light_scattering_coefficient.pm1.10mo.6h.TSI_3563_BRW_ref_TSI_3563_BRW_wet..lev2.nas
2018-12-19 12:54:57,162 NasaAmes1001 WARNING : line 118: character set encoding: fallback to codec 'iso8859-15' but this might be wrong
2018-12-19 12:54:57,162 NasaAmes1001 WARNING : File contains NO-BREAK SPACE characters, will be substituted with normal blanks
2018-12-19 12:54:57,834 EbasNasaAmes WARNING : line 155: Legacy metadata element 'Height AGL' translated to 'Measurement height'
2018-12-19 12:54:57,835 EbasNasaAmes WARNING : line 165: Zero/negative values code: Zero/negative values code 'zero/negative possible' changed to 'Zero/negative possible'
2018-12-19 12:54:58,021 EbasNasaAmes WARNING : line 98: Variable 85: unit '1/Mm' used for 'Detection limit' is inconsistent with variable's unit ('no unit'); detection limit definition will not be applied
2018-12-19 12:54:58,021 EbasNasaAmes WARNING : line 98: Variable 85: 'Detection limit expl.' will not be applied for the same reason
2018-12-19 12:54:58,021 EbasNasaAmes WARNING : line 99: Variable 86: unit '1/Mm' used for 'Detection limit' is inconsistent with variable's unit ('no unit'); detection limit definition will not be applied
2018-12-19 12:54:58,022 EbasNasaAmes WARNING : line 99: Variable 86: 'Detection limit expl.' will not be applied for the same reason
2018-12-19 12:54:58,022 EbasNasaAmes WARNING : line 100: Variable 87: unit '1/Mm' used for 'Detection limit' is inconsistent with variable's unit ('no unit'); detection limit definition will not be applied
2018-12-19 12:54:58,022 EbasNasaAmes WARNING : line 100: Variable 87: 'Detection limit expl.' will not be applied for the same reason
2018-12-19 12:54:58,022 EbasNasaAmes WARNING : line 101: Variable 88: unit '1/Mm' used for 'Detection limit' is inconsistent with variable's unit ('no unit'); detection limit definition will not be applied
2018-12-19 12:54:58,022 EbasNasaAmes WARNING : line 101: Variable 88: 'Detection limit expl.' will not be applied for the same reason
2018-12-19 12:54:58,022 EbasNasaAmes WARNING : line 102: Variable 89: unit '1/Mm' used for 'Detection limit' is inconsistent with variable's unit ('no unit'); detection limit definition will not be applied
2018-12-19 12:54:58,022 EbasNasaAmes WARNING : line 102: Variable 89: 'Detection limit expl.' will not be applied for the same reason
2018-12-19 12:54:58,023 EbasNasaAmes WARNING : line 103: Variable 90: unit '1/Mm' used for 'Detection limit' is inconsistent with variable's unit ('no unit'); detection limit definition will not be applied
2018-12-19 12:54:58,023 EbasNasaAmes WARNING : line 103: Variable 90: 'Detection limit expl.' will not be applied for the same reason
2018-12-19 12:54:58,023 EbasNasaAmes WARNING : line 104: Variable 91: unit '1/Mm' used for 'Detection limit' is inconsistent with variable's unit ('no unit'); detection limit definition will not be applied
2018-12-19 12:54:58,023 EbasNasaAmes WARNING : line 104: Variable 91: 'Detection limit expl.' will not be applied for the same reason
2018-12-19 12:54:58,023 EbasNasaAmes WARNING : line 105: Variable 92: unit '1/Mm' used for 'Detection limit' is inconsistent with variable's unit ('no unit'); detection limit definition will not be applied
2018-12-19 12:54:58,023 EbasNasaAmes WARNING : line 105: Variable 92: 'Detection limit expl.' will not be applied for the same reason
2018-12-19 12:54:58,023 EbasNasaAmes WARNING : line 106: Variable 93: unit '1/Mm' used for 'Detection limit' is inconsistent with variable's unit ('no unit'); detection limit definition will not be applied
2018-12-19 12:54:58,024 EbasNasaAmes WARNING : line 106: Variable 93: 'Detection limit expl.' will not be applied for the same reason
2018-12-19 12:54:58,024 EbasNasaAmes WARNING : line 107: Variable 94: unit '1/Mm' used for 'Detection limit' is inconsistent with variable's unit ('no unit'); detection limit definition will not be applied
2018-12-19 12:54:58,024 EbasNasaAmes WARNING : line 107: Variable 94: 'Detection limit expl.' will not be applied for the same reason
2018-12-19 12:54:58,024 EbasNasaAmes WARNING : line 108: Variable 95: unit '1/Mm' used for 'Detection limit' is inconsistent with variable's unit ('no unit'); detection limit definition will not be applied
2018-12-19 12:54:58,024 EbasNasaAmes WARNING : line 108: Variable 95: 'Detection limit expl.' will not be applied for the same reason
2018-12-19 12:54:58,024 EbasNasaAmes WARNING : line 109: Variable 96: unit '1/Mm' used for 'Detection limit' is inconsistent with variable's unit ('no unit'); detection limit definition will not be applied
2018-12-19 12:54:58,024 EbasNasaAmes WARNING : line 109: Variable 96: 'Detection limit expl.' will not be applied for the same reason
2018-12-19 12:54:58,035 EbasNasaAmes WARNING : File name: changed from 'US0008R.20130101000000.20181219000000.nephelometer.aerosol_light_scattering_coefficient.pm1.10mo.6h.TSI_3563_BRW_ref_TSI_3563_BRW_wet..lev2.nas' to 'US0008R.20130101003000.20181219000000.nephelometer.aerosol_light_scattering_coefficient.pm1.10mo.6h.US06L_TSI_3563_BRW_ref+TSI_3563_BRW_wet.US06L_hygro_tandem_neph_CorrData.lev2.nas'
2018-12-19 12:54:58,036 EbasNasaAmes WARNING : variable[10]: All values are MISSING. Check data sanity.
2018-12-19 12:54:58,036 EbasNasaAmes WARNING : variable[11]: All values are MISSING. Check data sanity.
2018-12-19 12:54:58,037 EbasNasaAmes WARNING : variable[12]: All valid values are 4.678. Check data sanity.
2018-12-19 12:54:58,038 EbasNasaAmes WARNING : variable[13]: All valid values are 7.521. Check data sanity.
2018-12-19 12:54:58,039 EbasNasaAmes WARNING : variable[14]: All valid values are 9.465. Check data sanity.
2018-12-19 12:54:58,039 EbasNasaAmes WARNING : variable[24]: All values are MISSING. Check data sanity.
2018-12-19 12:54:58,040 EbasNasaAmes WARNING : variable[25]: All values are MISSING. Check data sanity.
2018-12-19 12:54:58,041 EbasNasaAmes WARNING : variable[26]: All valid values are 4.263. Check data sanity.
2018-12-19 12:54:58,042 EbasNasaAmes WARNING : variable[27]: All valid values are 6.792. Check data sanity.
2018-12-19 12:54:58,043 EbasNasaAmes WARNING : variable[28]: All valid values are 7.989. Check data sanity.
2018-12-19 12:54:58,043 EbasNasaAmes WARNING : variable[38]: All values are MISSING. Check data sanity.
2018-12-19 12:54:58,043 EbasNasaAmes WARNING : variable[39]: All values are MISSING. Check data sanity.
2018-12-19 12:54:58,044 EbasNasaAmes WARNING : variable[40]: All valid values are 3.284. Check data sanity.
2018-12-19 12:54:58,045 EbasNasaAmes WARNING : variable[41]: All valid values are 5.111. Check data sanity.
2018-12-19 12:54:58,046 EbasNasaAmes WARNING : variable[42]: All valid values are 6.24. Check data sanity.
2018-12-19 12:54:58,047 EbasNasaAmes WARNING : variable[52]: All values are MISSING. Check data sanity.
2018-12-19 12:54:58,047 EbasNasaAmes WARNING : variable[53]: All values are MISSING. Check data sanity.
2018-12-19 12:54:58,048 EbasNasaAmes WARNING : variable[54]: All valid values are 0.412. Check data sanity.
2018-12-19 12:54:58,049 EbasNasaAmes WARNING : variable[55]: All valid values are 0.884. Check data sanity.
2018-12-19 12:54:58,050 EbasNasaAmes WARNING : variable[56]: All valid values are 1.173. Check data sanity.
2018-12-19 12:54:58,051 EbasNasaAmes WARNING : variable[66]: All values are MISSING. Check data sanity.
2018-12-19 12:54:58,051 EbasNasaAmes WARNING : variable[67]: All values are MISSING. Check data sanity.
2018-12-19 12:54:58,052 EbasNasaAmes WARNING : variable[68]: All valid values are 0.695. Check data sanity.
2018-12-19 12:54:58,053 EbasNasaAmes WARNING : variable[69]: All valid values are 0.88. Check data sanity.
2018-12-19 12:54:58,054 EbasNasaAmes WARNING : variable[70]: All valid values are 0.945. Check data sanity.
2018-12-19 12:54:58,054 EbasNasaAmes WARNING : variable[80]: All values are MISSING. Check data sanity.
2018-12-19 12:54:58,055 EbasNasaAmes WARNING : variable[81]: All values are MISSING. Check data sanity.
2018-12-19 12:54:58,056 EbasNasaAmes WARNING : variable[82]: All valid values are 0.494. Check data sanity.
2018-12-19 12:54:58,057 EbasNasaAmes WARNING : variable[83]: All valid values are 0.656. Check data sanity.
2018-12-19 12:54:58,058 EbasNasaAmes WARNING : variable[84]: All valid values are 0.856. Check data sanity.
2018-12-19 12:54:58,059 ebas_insert  WARNING : No DB connection, skipping insert.
2018-12-19 12:54:58,059 ebas_insert  INFO    : file ./BRW/US0008R.20130101000000.20181219000000.nephelometer.aerosol_light_scattering_coefficient.pm1.10mo.6h.TSI_3563_BRW_ref_TSI_3563_BRW_wet..lev2.nas: 0 Errors, 58 Warnings
