2018-12-19 12:55:00,892 EbasCmdLine  INFO    : DB connection disabled by argument --nodb
2018-12-19 12:55:00,894 ebas_insert  WARNING : No DB connection, files will be preliminarily checked only.
2018-12-19 12:55:00,895 NasaAmes1001 INFO    : reading file ./BRW/US0008R.20110101000000.20181219000000.nephelometer.aerosol_light_scattering_coefficient.pm10.1y.6h.TSI_3563_BRW_ref_TSI_3563_BRW_wet..lev2.nas
2018-12-19 12:55:00,903 NasaAmes1001 WARNING : line 118: character set encoding: fallback to codec 'iso8859-15' but this might be wrong
2018-12-19 12:55:00,903 NasaAmes1001 WARNING : File contains NO-BREAK SPACE characters, will be substituted with normal blanks
2018-12-19 12:55:01,682 EbasNasaAmes WARNING : line 155: Legacy metadata element 'Height AGL' translated to 'Measurement height'
2018-12-19 12:55:01,683 EbasNasaAmes WARNING : line 165: Zero/negative values code: Zero/negative values code 'zero/negative possible' changed to 'Zero/negative possible'
2018-12-19 12:55:01,859 EbasNasaAmes WARNING : Period code '1y' should be '52w' according to data
2018-12-19 12:55:01,887 EbasNasaAmes WARNING : line 98: Variable 85: unit '1/Mm' used for 'Detection limit' is inconsistent with variable's unit ('no unit'); detection limit definition will not be applied
2018-12-19 12:55:01,887 EbasNasaAmes WARNING : line 98: Variable 85: 'Detection limit expl.' will not be applied for the same reason
2018-12-19 12:55:01,887 EbasNasaAmes WARNING : line 99: Variable 86: unit '1/Mm' used for 'Detection limit' is inconsistent with variable's unit ('no unit'); detection limit definition will not be applied
2018-12-19 12:55:01,887 EbasNasaAmes WARNING : line 99: Variable 86: 'Detection limit expl.' will not be applied for the same reason
2018-12-19 12:55:01,887 EbasNasaAmes WARNING : line 100: Variable 87: unit '1/Mm' used for 'Detection limit' is inconsistent with variable's unit ('no unit'); detection limit definition will not be applied
2018-12-19 12:55:01,887 EbasNasaAmes WARNING : line 100: Variable 87: 'Detection limit expl.' will not be applied for the same reason
2018-12-19 12:55:01,887 EbasNasaAmes WARNING : line 101: Variable 88: unit '1/Mm' used for 'Detection limit' is inconsistent with variable's unit ('no unit'); detection limit definition will not be applied
2018-12-19 12:55:01,888 EbasNasaAmes WARNING : line 101: Variable 88: 'Detection limit expl.' will not be applied for the same reason
2018-12-19 12:55:01,888 EbasNasaAmes WARNING : line 102: Variable 89: unit '1/Mm' used for 'Detection limit' is inconsistent with variable's unit ('no unit'); detection limit definition will not be applied
2018-12-19 12:55:01,888 EbasNasaAmes WARNING : line 102: Variable 89: 'Detection limit expl.' will not be applied for the same reason
2018-12-19 12:55:01,888 EbasNasaAmes WARNING : line 103: Variable 90: unit '1/Mm' used for 'Detection limit' is inconsistent with variable's unit ('no unit'); detection limit definition will not be applied
2018-12-19 12:55:01,888 EbasNasaAmes WARNING : line 103: Variable 90: 'Detection limit expl.' will not be applied for the same reason
2018-12-19 12:55:01,888 EbasNasaAmes WARNING : line 104: Variable 91: unit '1/Mm' used for 'Detection limit' is inconsistent with variable's unit ('no unit'); detection limit definition will not be applied
2018-12-19 12:55:01,888 EbasNasaAmes WARNING : line 104: Variable 91: 'Detection limit expl.' will not be applied for the same reason
2018-12-19 12:55:01,888 EbasNasaAmes WARNING : line 105: Variable 92: unit '1/Mm' used for 'Detection limit' is inconsistent with variable's unit ('no unit'); detection limit definition will not be applied
2018-12-19 12:55:01,888 EbasNasaAmes WARNING : line 105: Variable 92: 'Detection limit expl.' will not be applied for the same reason
2018-12-19 12:55:01,889 EbasNasaAmes WARNING : line 106: Variable 93: unit '1/Mm' used for 'Detection limit' is inconsistent with variable's unit ('no unit'); detection limit definition will not be applied
2018-12-19 12:55:01,889 EbasNasaAmes WARNING : line 106: Variable 93: 'Detection limit expl.' will not be applied for the same reason
2018-12-19 12:55:01,889 EbasNasaAmes WARNING : line 107: Variable 94: unit '1/Mm' used for 'Detection limit' is inconsistent with variable's unit ('no unit'); detection limit definition will not be applied
2018-12-19 12:55:01,889 EbasNasaAmes WARNING : line 107: Variable 94: 'Detection limit expl.' will not be applied for the same reason
2018-12-19 12:55:01,889 EbasNasaAmes WARNING : line 108: Variable 95: unit '1/Mm' used for 'Detection limit' is inconsistent with variable's unit ('no unit'); detection limit definition will not be applied
2018-12-19 12:55:01,889 EbasNasaAmes WARNING : line 108: Variable 95: 'Detection limit expl.' will not be applied for the same reason
2018-12-19 12:55:01,889 EbasNasaAmes WARNING : line 109: Variable 96: unit '1/Mm' used for 'Detection limit' is inconsistent with variable's unit ('no unit'); detection limit definition will not be applied
2018-12-19 12:55:01,889 EbasNasaAmes WARNING : line 109: Variable 96: 'Detection limit expl.' will not be applied for the same reason
2018-12-19 12:55:01,901 EbasNasaAmes WARNING : File name: changed from 'US0008R.20110101000000.20181219000000.nephelometer.aerosol_light_scattering_coefficient.pm10.1y.6h.TSI_3563_BRW_ref_TSI_3563_BRW_wet..lev2.nas' to 'US0008R.20110101000200.20181219000000.nephelometer.aerosol_light_scattering_coefficient.pm10.1y.6h.US06L_TSI_3563_BRW_ref+TSI_3563_BRW_wet.US06L_hygro_tandem_neph_CorrData.lev2.nas'
2018-12-19 12:55:01,903 EbasNasaAmes WARNING : variable[13]: All valid values are 140.696. Check data sanity.
2018-12-19 12:55:01,903 EbasNasaAmes WARNING : variable[14]: All values are MISSING. Check data sanity.
2018-12-19 12:55:01,905 EbasNasaAmes WARNING : variable[27]: All valid values are 137.074. Check data sanity.
2018-12-19 12:55:01,905 EbasNasaAmes WARNING : variable[28]: All values are MISSING. Check data sanity.
2018-12-19 12:55:01,907 EbasNasaAmes WARNING : variable[41]: All valid values are 129.502. Check data sanity.
2018-12-19 12:55:01,908 EbasNasaAmes WARNING : variable[42]: All values are MISSING. Check data sanity.
2018-12-19 12:55:01,909 EbasNasaAmes WARNING : variable[55]: All valid values are 10.822. Check data sanity.
2018-12-19 12:55:01,910 EbasNasaAmes WARNING : variable[56]: All values are MISSING. Check data sanity.
2018-12-19 12:55:01,912 EbasNasaAmes WARNING : variable[69]: All valid values are 9.342. Check data sanity.
2018-12-19 12:55:01,912 EbasNasaAmes WARNING : variable[70]: All values are MISSING. Check data sanity.
2018-12-19 12:55:01,914 EbasNasaAmes WARNING : variable[83]: All valid values are 8.96. Check data sanity.
2018-12-19 12:55:01,914 EbasNasaAmes WARNING : variable[84]: All values are MISSING. Check data sanity.
2018-12-19 12:55:01,915 ebas_insert  WARNING : No DB connection, skipping insert.
2018-12-19 12:55:01,915 ebas_insert  INFO    : file ./BRW/US0008R.20110101000000.20181219000000.nephelometer.aerosol_light_scattering_coefficient.pm10.1y.6h.TSI_3563_BRW_ref_TSI_3563_BRW_wet..lev2.nas: 0 Errors, 41 Warnings
