2018-12-19 14:03:06,739 EbasCmdLine  INFO    : DB connection disabled by argument --nodb
2018-12-19 14:03:06,741 ebas_insert  WARNING : No DB connection, files will be preliminarily checked only.
2018-12-19 14:03:06,741 NasaAmes1001 INFO    : reading file ./HLM/GB0060R.20060101000000.20181219000000.nephelometer.aerosol_light_scattering_coefficient.pm1.1mo.1mn.TSI_3563_HLM_ref_TSI_3563_HLM_wet..lev0.nas
2018-12-19 14:03:06,745 NasaAmes1001 WARNING : line 41: character set encoding: fallback to codec 'iso8859-15' but this might be wrong
2018-12-19 14:03:06,745 NasaAmes1001 WARNING : File contains NO-BREAK SPACE characters, will be substituted with normal blanks
2018-12-19 14:03:09,322 EbasNasaAmes WARNING : line 75: Legacy metadata element 'Height AGL' translated to 'Measurement height'
2018-12-19 14:03:09,323 EbasNasaAmes WARNING : line 85: Zero/negative values code: Zero/negative values code 'zero/negative possible' changed to 'Zero/negative possible'
2018-12-19 14:03:09,327 EbasNasaAmes WARNING : line 20: VNAME[7]: Legacy VNAME 'number of wavelengths' skipped
2018-12-19 14:03:09,340 EbasNasaAmes WARNING : line 90: start time of first sample (2006-11-05T12:06:00) is not equal to 'Startdate' specified in metadata (2006-11-05T12:02:00)
2018-12-19 14:03:09,709 EbasNasaAmes WARNING : Period code '1mo' should be '4w' according to data
2018-12-19 14:03:09,740 EbasNasaAmes WARNING : line 14: Variable 1: unit '1/Mm' used for 'Detection limit' is inconsistent with variable's unit ('hPa'); detection limit definition will not be applied
2018-12-19 14:03:09,740 EbasNasaAmes WARNING : line 14: Variable 1: 'Detection limit expl.' will not be applied for the same reason
2018-12-19 14:03:09,740 EbasNasaAmes WARNING : line 15: Variable 2: unit '1/Mm' used for 'Detection limit' is inconsistent with variable's unit ('hPa'); detection limit definition will not be applied
2018-12-19 14:03:09,740 EbasNasaAmes WARNING : line 15: Variable 2: 'Detection limit expl.' will not be applied for the same reason
2018-12-19 14:03:09,740 EbasNasaAmes WARNING : line 16: Variable 3: unit '1/Mm' used for 'Detection limit' is inconsistent with variable's unit ('K'); detection limit definition will not be applied
2018-12-19 14:03:09,740 EbasNasaAmes WARNING : line 16: Variable 3: 'Detection limit expl.' will not be applied for the same reason
2018-12-19 14:03:09,741 EbasNasaAmes WARNING : line 17: Variable 4: unit '1/Mm' used for 'Detection limit' is inconsistent with variable's unit ('K'); detection limit definition will not be applied
2018-12-19 14:03:09,741 EbasNasaAmes WARNING : line 17: Variable 4: 'Detection limit expl.' will not be applied for the same reason
2018-12-19 14:03:09,741 EbasNasaAmes WARNING : line 18: Variable 5: unit '1/Mm' used for 'Detection limit' is inconsistent with variable's unit ('%'); detection limit definition will not be applied
2018-12-19 14:03:09,741 EbasNasaAmes WARNING : line 18: Variable 5: 'Detection limit expl.' will not be applied for the same reason
2018-12-19 14:03:09,741 EbasNasaAmes WARNING : line 19: Variable 6: unit '1/Mm' used for 'Detection limit' is inconsistent with variable's unit ('%'); detection limit definition will not be applied
2018-12-19 14:03:09,741 EbasNasaAmes WARNING : line 19: Variable 6: 'Detection limit expl.' will not be applied for the same reason
2018-12-19 14:03:09,744 EbasNasaAmes WARNING : File name: changed from 'GB0060R.20060101000000.20181219000000.nephelometer.aerosol_light_scattering_coefficient.pm1.1mo.1mn.TSI_3563_HLM_ref_TSI_3563_HLM_wet..lev0.nas' to 'GB0060R.20061105120200.20181219000000.nephelometer.aerosol_light_scattering_coefficient.pm1.1mo.1mn.US06L_TSI_3563_HLM_ref+TSI_3563_HLM_wet.US06L_hygro_tandem_neph_CorrData.lev0.nas'
2018-12-19 14:03:09,745 ebas_insert  WARNING : No DB connection, skipping insert.
2018-12-19 14:03:09,745 ebas_insert  INFO    : file ./HLM/GB0060R.20060101000000.20181219000000.nephelometer.aerosol_light_scattering_coefficient.pm1.1mo.1mn.TSI_3563_HLM_ref_TSI_3563_HLM_wet..lev0.nas: 0 Errors, 19 Warnings
