2018-12-19 14:07:38,781 EbasCmdLine  INFO    : DB connection disabled by argument --nodb
2018-12-19 14:07:38,783 ebas_insert  WARNING : No DB connection, files will be preliminarily checked only.
2018-12-19 14:07:38,783 NasaAmes1001 INFO    : reading file ./YOS/US9042R.20020101000000.20181217000000.nephelometer.aerosol_light_scattering_coefficient.pm25.1y.2mn.Rad_Research_ref_Rad_Research_wet..lev0.nas
2018-12-19 14:07:38,787 NasaAmes1001 WARNING : line 31: character set encoding: fallback to codec 'iso8859-15' but this might be wrong
2018-12-19 14:07:38,787 NasaAmes1001 WARNING : File contains NO-BREAK SPACE characters, will be substituted with normal blanks
2018-12-19 14:07:44,732 EbasNasaAmes WARNING : line 72: Zero/negative values code: Zero/negative values code 'zero/negative possible' changed to 'Zero/negative possible'
2018-12-19 14:07:44,736 EbasNasaAmes WARNING : line 20: VNAME[7]: Legacy VNAME 'number of wavelengths' skipped
2018-12-19 14:07:45,935 EbasNasaAmes WARNING : Period code '1y' should be '53d' according to data
2018-12-19 14:07:45,981 EbasNasaAmes WARNING : line 14: Variable 1: unit '1/Mm' used for 'Detection limit' is inconsistent with variable's unit ('hPa'); detection limit definition will not be applied
2018-12-19 14:07:45,982 EbasNasaAmes WARNING : line 14: Variable 1: 'Detection limit expl.' will not be applied for the same reason
2018-12-19 14:07:45,982 EbasNasaAmes WARNING : line 15: Variable 2: unit '1/Mm' used for 'Detection limit' is inconsistent with variable's unit ('hPa'); detection limit definition will not be applied
2018-12-19 14:07:45,982 EbasNasaAmes WARNING : line 15: Variable 2: 'Detection limit expl.' will not be applied for the same reason
2018-12-19 14:07:45,982 EbasNasaAmes WARNING : line 16: Variable 3: unit '1/Mm' used for 'Detection limit' is inconsistent with variable's unit ('K'); detection limit definition will not be applied
2018-12-19 14:07:45,982 EbasNasaAmes WARNING : line 16: Variable 3: 'Detection limit expl.' will not be applied for the same reason
2018-12-19 14:07:45,982 EbasNasaAmes WARNING : line 17: Variable 4: unit '1/Mm' used for 'Detection limit' is inconsistent with variable's unit ('K'); detection limit definition will not be applied
2018-12-19 14:07:45,982 EbasNasaAmes WARNING : line 17: Variable 4: 'Detection limit expl.' will not be applied for the same reason
2018-12-19 14:07:45,982 EbasNasaAmes WARNING : line 18: Variable 5: unit '1/Mm' used for 'Detection limit' is inconsistent with variable's unit ('%'); detection limit definition will not be applied
2018-12-19 14:07:45,982 EbasNasaAmes WARNING : line 18: Variable 5: 'Detection limit expl.' will not be applied for the same reason
2018-12-19 14:07:45,983 EbasNasaAmes WARNING : line 19: Variable 6: unit '1/Mm' used for 'Detection limit' is inconsistent with variable's unit ('%'); detection limit definition will not be applied
2018-12-19 14:07:45,983 EbasNasaAmes WARNING : line 19: Variable 6: 'Detection limit expl.' will not be applied for the same reason
2018-12-19 14:07:45,984 EbasNasaAmes WARNING : File name: changed from 'US9042R.20020101000000.20181217000000.nephelometer.aerosol_light_scattering_coefficient.pm25.1y.2mn.Rad_Research_ref_Rad_Research_wet..lev0.nas' to 'US9042R.20020714000000.20181217000000.nephelometer.aerosol_light_scattering_coefficient.pm25.1y.2mn.US11L_Rad_Research_ref+Rad_Research_wet.US11L_hygro_tandem_neph_CorrData.lev0.nas'
2018-12-19 14:07:46,050 EbasNasaAmes WARNING : variable[1]: All valid values are 833.0. Check data sanity.
2018-12-19 14:07:46,115 EbasNasaAmes WARNING : variable[2]: All valid values are 833.0. Check data sanity.
2018-12-19 14:07:46,115 ebas_insert  WARNING : No DB connection, skipping insert.
2018-12-19 14:07:46,115 ebas_insert  INFO    : file ./YOS/US9042R.20020101000000.20181217000000.nephelometer.aerosol_light_scattering_coefficient.pm25.1y.2mn.Rad_Research_ref_Rad_Research_wet..lev0.nas: 0 Errors, 19 Warnings
