2018-12-19 15:37:44,812 EbasCmdLine  INFO    : DB connection disabled by argument --nodb
2018-12-19 15:37:44,814 ebas_insert  WARNING : No DB connection, files will be preliminarily checked only.
2018-12-19 15:37:44,815 NasaAmes1001 INFO    : reading file ./PYE/US0907R.20050101000000.20181218000000.nephelometer.aerosol_light_scattering_coefficient.pm1.1y.1h.TSI_3563_PYE_ref_TSI_3563_PYE_wet..lev2.nas
2018-12-19 15:37:44,823 NasaAmes1001 WARNING : line 118: character set encoding: fallback to codec 'iso8859-15' but this might be wrong
2018-12-19 15:37:44,823 NasaAmes1001 WARNING : File contains NO-BREAK SPACE characters, will be substituted with normal blanks
2018-12-19 15:37:46,647 EbasNasaAmes WARNING : line 152: Legacy metadata element 'Height AGL' translated to 'Measurement height'
2018-12-19 15:37:46,648 EbasNasaAmes WARNING : line 162: Zero/negative values code: Zero/negative values code 'zero/negative possible' changed to 'Zero/negative possible'
2018-12-19 15:37:46,993 EbasNasaAmes WARNING : Period code '1y' should be '6mo' according to data
2018-12-19 15:37:47,016 EbasNasaAmes WARNING : line 98: Variable 85: unit '1/Mm' used for 'Detection limit' is inconsistent with variable's unit ('no unit'); detection limit definition will not be applied
2018-12-19 15:37:47,017 EbasNasaAmes WARNING : line 98: Variable 85: 'Detection limit expl.' will not be applied for the same reason
2018-12-19 15:37:47,017 EbasNasaAmes WARNING : line 99: Variable 86: unit '1/Mm' used for 'Detection limit' is inconsistent with variable's unit ('no unit'); detection limit definition will not be applied
2018-12-19 15:37:47,017 EbasNasaAmes WARNING : line 99: Variable 86: 'Detection limit expl.' will not be applied for the same reason
2018-12-19 15:37:47,017 EbasNasaAmes WARNING : line 100: Variable 87: unit '1/Mm' used for 'Detection limit' is inconsistent with variable's unit ('no unit'); detection limit definition will not be applied
2018-12-19 15:37:47,017 EbasNasaAmes WARNING : line 100: Variable 87: 'Detection limit expl.' will not be applied for the same reason
2018-12-19 15:37:47,017 EbasNasaAmes WARNING : line 101: Variable 88: unit '1/Mm' used for 'Detection limit' is inconsistent with variable's unit ('no unit'); detection limit definition will not be applied
2018-12-19 15:37:47,017 EbasNasaAmes WARNING : line 101: Variable 88: 'Detection limit expl.' will not be applied for the same reason
2018-12-19 15:37:47,017 EbasNasaAmes WARNING : line 102: Variable 89: unit '1/Mm' used for 'Detection limit' is inconsistent with variable's unit ('no unit'); detection limit definition will not be applied
2018-12-19 15:37:47,018 EbasNasaAmes WARNING : line 102: Variable 89: 'Detection limit expl.' will not be applied for the same reason
2018-12-19 15:37:47,018 EbasNasaAmes WARNING : line 103: Variable 90: unit '1/Mm' used for 'Detection limit' is inconsistent with variable's unit ('no unit'); detection limit definition will not be applied
2018-12-19 15:37:47,018 EbasNasaAmes WARNING : line 103: Variable 90: 'Detection limit expl.' will not be applied for the same reason
2018-12-19 15:37:47,018 EbasNasaAmes WARNING : line 104: Variable 91: unit '1/Mm' used for 'Detection limit' is inconsistent with variable's unit ('no unit'); detection limit definition will not be applied
2018-12-19 15:37:47,018 EbasNasaAmes WARNING : line 104: Variable 91: 'Detection limit expl.' will not be applied for the same reason
2018-12-19 15:37:47,018 EbasNasaAmes WARNING : line 105: Variable 92: unit '1/Mm' used for 'Detection limit' is inconsistent with variable's unit ('no unit'); detection limit definition will not be applied
2018-12-19 15:37:47,018 EbasNasaAmes WARNING : line 105: Variable 92: 'Detection limit expl.' will not be applied for the same reason
2018-12-19 15:37:47,018 EbasNasaAmes WARNING : line 106: Variable 93: unit '1/Mm' used for 'Detection limit' is inconsistent with variable's unit ('no unit'); detection limit definition will not be applied
2018-12-19 15:37:47,018 EbasNasaAmes WARNING : line 106: Variable 93: 'Detection limit expl.' will not be applied for the same reason
2018-12-19 15:37:47,018 EbasNasaAmes WARNING : line 107: Variable 94: unit '1/Mm' used for 'Detection limit' is inconsistent with variable's unit ('no unit'); detection limit definition will not be applied
2018-12-19 15:37:47,018 EbasNasaAmes WARNING : line 107: Variable 94: 'Detection limit expl.' will not be applied for the same reason
2018-12-19 15:37:47,019 EbasNasaAmes WARNING : line 108: Variable 95: unit '1/Mm' used for 'Detection limit' is inconsistent with variable's unit ('no unit'); detection limit definition will not be applied
2018-12-19 15:37:47,019 EbasNasaAmes WARNING : line 108: Variable 95: 'Detection limit expl.' will not be applied for the same reason
2018-12-19 15:37:47,019 EbasNasaAmes WARNING : line 109: Variable 96: unit '1/Mm' used for 'Detection limit' is inconsistent with variable's unit ('no unit'); detection limit definition will not be applied
2018-12-19 15:37:47,019 EbasNasaAmes WARNING : line 109: Variable 96: 'Detection limit expl.' will not be applied for the same reason
2018-12-19 15:37:47,027 EbasNasaAmes WARNING : File name: changed from 'US0907R.20050101000000.20181218000000.nephelometer.aerosol_light_scattering_coefficient.pm1.1y.1h.TSI_3563_PYE_ref_TSI_3563_PYE_wet..lev2.nas' to 'US0907R.20050321213400.20181218000000.nephelometer.aerosol_light_scattering_coefficient.pm1.1y.1h.US06L_TSI_3563_PYE_ref+TSI_3563_PYE_wet.US06L_hygro_tandem_neph_CorrData.lev2.nas'
2018-12-19 15:37:47,028 EbasNasaAmes WARNING : variable[10]: All values are MISSING. Check data sanity.
2018-12-19 15:37:47,028 EbasNasaAmes WARNING : variable[11]: All values are MISSING. Check data sanity.
2018-12-19 15:37:47,028 EbasNasaAmes WARNING : variable[12]: All values are MISSING. Check data sanity.
2018-12-19 15:37:47,028 EbasNasaAmes WARNING : variable[13]: All values are MISSING. Check data sanity.
2018-12-19 15:37:47,028 EbasNasaAmes WARNING : variable[14]: All values are MISSING. Check data sanity.
2018-12-19 15:37:47,029 EbasNasaAmes WARNING : variable[24]: All values are MISSING. Check data sanity.
2018-12-19 15:37:47,030 EbasNasaAmes WARNING : variable[25]: All values are MISSING. Check data sanity.
2018-12-19 15:37:47,030 EbasNasaAmes WARNING : variable[26]: All values are MISSING. Check data sanity.
2018-12-19 15:37:47,030 EbasNasaAmes WARNING : variable[27]: All values are MISSING. Check data sanity.
2018-12-19 15:37:47,030 EbasNasaAmes WARNING : variable[28]: All values are MISSING. Check data sanity.
2018-12-19 15:37:47,031 EbasNasaAmes WARNING : variable[38]: All values are MISSING. Check data sanity.
2018-12-19 15:37:47,031 EbasNasaAmes WARNING : variable[39]: All values are MISSING. Check data sanity.
2018-12-19 15:37:47,031 EbasNasaAmes WARNING : variable[40]: All values are MISSING. Check data sanity.
2018-12-19 15:37:47,031 EbasNasaAmes WARNING : variable[41]: All values are MISSING. Check data sanity.
2018-12-19 15:37:47,031 EbasNasaAmes WARNING : variable[42]: All values are MISSING. Check data sanity.
2018-12-19 15:37:47,032 EbasNasaAmes WARNING : variable[52]: All values are MISSING. Check data sanity.
2018-12-19 15:37:47,033 EbasNasaAmes WARNING : variable[53]: All values are MISSING. Check data sanity.
2018-12-19 15:37:47,033 EbasNasaAmes WARNING : variable[54]: All values are MISSING. Check data sanity.
2018-12-19 15:37:47,033 EbasNasaAmes WARNING : variable[55]: All values are MISSING. Check data sanity.
2018-12-19 15:37:47,033 EbasNasaAmes WARNING : variable[56]: All values are MISSING. Check data sanity.
2018-12-19 15:37:47,034 EbasNasaAmes WARNING : variable[66]: All values are MISSING. Check data sanity.
2018-12-19 15:37:47,034 EbasNasaAmes WARNING : variable[67]: All values are MISSING. Check data sanity.
2018-12-19 15:37:47,034 EbasNasaAmes WARNING : variable[68]: All values are MISSING. Check data sanity.
2018-12-19 15:37:47,034 EbasNasaAmes WARNING : variable[69]: All values are MISSING. Check data sanity.
2018-12-19 15:37:47,034 EbasNasaAmes WARNING : variable[70]: All values are MISSING. Check data sanity.
2018-12-19 15:37:47,035 EbasNasaAmes WARNING : variable[80]: All values are MISSING. Check data sanity.
2018-12-19 15:37:47,036 EbasNasaAmes WARNING : variable[81]: All values are MISSING. Check data sanity.
2018-12-19 15:37:47,036 EbasNasaAmes WARNING : variable[82]: All values are MISSING. Check data sanity.
2018-12-19 15:37:47,036 EbasNasaAmes WARNING : variable[83]: All values are MISSING. Check data sanity.
2018-12-19 15:37:47,036 EbasNasaAmes WARNING : variable[84]: All values are MISSING. Check data sanity.
2018-12-19 15:37:47,037 ebas_insert  WARNING : No DB connection, skipping insert.
2018-12-19 15:37:47,037 ebas_insert  INFO    : file ./PYE/US0907R.20050101000000.20181218000000.nephelometer.aerosol_light_scattering_coefficient.pm1.1y.1h.TSI_3563_PYE_ref_TSI_3563_PYE_wet..lev2.nas: 0 Errors, 59 Warnings
