2018-12-19 14:03:54,796 EbasCmdLine  INFO    : DB connection disabled by argument --nodb
2018-12-19 14:03:54,798 ebas_insert  WARNING : No DB connection, files will be preliminarily checked only.
2018-12-19 14:03:54,798 NasaAmes1001 INFO    : reading file ./CES/NL0011R.20090101000000.20181214000000.nephelometer.aerosol_light_scattering_coefficient.pm10.4mo.3h.TSI_3563_CES_ref_TSI_3563_CES_wet..lev2.nas
2018-12-19 14:03:54,806 NasaAmes1001 WARNING : line 118: character set encoding: fallback to codec 'iso8859-15' but this might be wrong
2018-12-19 14:03:54,806 NasaAmes1001 WARNING : File contains NO-BREAK SPACE characters, will be substituted with normal blanks
2018-12-19 14:03:55,512 EbasNasaAmes WARNING : line 152: Legacy metadata element 'Height AGL' translated to 'Measurement height'
2018-12-19 14:03:55,513 EbasNasaAmes WARNING : line 162: Zero/negative values code: Zero/negative values code 'zero/negative possible' changed to 'Zero/negative possible'
2018-12-19 14:03:55,698 EbasNasaAmes WARNING : line 98: Variable 85: unit '1/Mm' used for 'Detection limit' is inconsistent with variable's unit ('no unit'); detection limit definition will not be applied
2018-12-19 14:03:55,698 EbasNasaAmes WARNING : line 98: Variable 85: 'Detection limit expl.' will not be applied for the same reason
2018-12-19 14:03:55,698 EbasNasaAmes WARNING : line 99: Variable 86: unit '1/Mm' used for 'Detection limit' is inconsistent with variable's unit ('no unit'); detection limit definition will not be applied
2018-12-19 14:03:55,699 EbasNasaAmes WARNING : line 99: Variable 86: 'Detection limit expl.' will not be applied for the same reason
2018-12-19 14:03:55,699 EbasNasaAmes WARNING : line 100: Variable 87: unit '1/Mm' used for 'Detection limit' is inconsistent with variable's unit ('no unit'); detection limit definition will not be applied
2018-12-19 14:03:55,699 EbasNasaAmes WARNING : line 100: Variable 87: 'Detection limit expl.' will not be applied for the same reason
2018-12-19 14:03:55,699 EbasNasaAmes WARNING : line 101: Variable 88: unit '1/Mm' used for 'Detection limit' is inconsistent with variable's unit ('no unit'); detection limit definition will not be applied
2018-12-19 14:03:55,699 EbasNasaAmes WARNING : line 101: Variable 88: 'Detection limit expl.' will not be applied for the same reason
2018-12-19 14:03:55,699 EbasNasaAmes WARNING : line 102: Variable 89: unit '1/Mm' used for 'Detection limit' is inconsistent with variable's unit ('no unit'); detection limit definition will not be applied
2018-12-19 14:03:55,700 EbasNasaAmes WARNING : line 102: Variable 89: 'Detection limit expl.' will not be applied for the same reason
2018-12-19 14:03:55,700 EbasNasaAmes WARNING : line 103: Variable 90: unit '1/Mm' used for 'Detection limit' is inconsistent with variable's unit ('no unit'); detection limit definition will not be applied
2018-12-19 14:03:55,700 EbasNasaAmes WARNING : line 103: Variable 90: 'Detection limit expl.' will not be applied for the same reason
2018-12-19 14:03:55,700 EbasNasaAmes WARNING : line 104: Variable 91: unit '1/Mm' used for 'Detection limit' is inconsistent with variable's unit ('no unit'); detection limit definition will not be applied
2018-12-19 14:03:55,700 EbasNasaAmes WARNING : line 104: Variable 91: 'Detection limit expl.' will not be applied for the same reason
2018-12-19 14:03:55,700 EbasNasaAmes WARNING : line 105: Variable 92: unit '1/Mm' used for 'Detection limit' is inconsistent with variable's unit ('no unit'); detection limit definition will not be applied
2018-12-19 14:03:55,700 EbasNasaAmes WARNING : line 105: Variable 92: 'Detection limit expl.' will not be applied for the same reason
2018-12-19 14:03:55,701 EbasNasaAmes WARNING : line 106: Variable 93: unit '1/Mm' used for 'Detection limit' is inconsistent with variable's unit ('no unit'); detection limit definition will not be applied
2018-12-19 14:03:55,701 EbasNasaAmes WARNING : line 106: Variable 93: 'Detection limit expl.' will not be applied for the same reason
2018-12-19 14:03:55,701 EbasNasaAmes WARNING : line 107: Variable 94: unit '1/Mm' used for 'Detection limit' is inconsistent with variable's unit ('no unit'); detection limit definition will not be applied
2018-12-19 14:03:55,701 EbasNasaAmes WARNING : line 107: Variable 94: 'Detection limit expl.' will not be applied for the same reason
2018-12-19 14:03:55,701 EbasNasaAmes WARNING : line 108: Variable 95: unit '1/Mm' used for 'Detection limit' is inconsistent with variable's unit ('no unit'); detection limit definition will not be applied
2018-12-19 14:03:55,701 EbasNasaAmes WARNING : line 108: Variable 95: 'Detection limit expl.' will not be applied for the same reason
2018-12-19 14:03:55,701 EbasNasaAmes WARNING : line 109: Variable 96: unit '1/Mm' used for 'Detection limit' is inconsistent with variable's unit ('no unit'); detection limit definition will not be applied
2018-12-19 14:03:55,702 EbasNasaAmes WARNING : line 109: Variable 96: 'Detection limit expl.' will not be applied for the same reason
2018-12-19 14:03:55,713 EbasNasaAmes WARNING : File name: changed from 'NL0011R.20090101000000.20181214000000.nephelometer.aerosol_light_scattering_coefficient.pm10.4mo.3h.TSI_3563_CES_ref_TSI_3563_CES_wet..lev2.nas' to 'NL0011R.20090619000047.20181214000000.nephelometer.aerosol_light_scattering_coefficient.pm10.4mo.3h.CH02L_TSI_3563_CES_ref+TSI_3563_CES_wet.CH02L_hygro_tandem_neph_CorrData.lev2.nas'
2018-12-19 14:03:55,713 EbasNasaAmes WARNING : variable[1]: All values are MISSING. Check data sanity.
2018-12-19 14:03:55,714 EbasNasaAmes WARNING : variable[14]: All values are MISSING. Check data sanity.
2018-12-19 14:03:55,714 EbasNasaAmes WARNING : variable[15]: All values are MISSING. Check data sanity.
2018-12-19 14:03:55,715 EbasNasaAmes WARNING : variable[28]: All values are MISSING. Check data sanity.
2018-12-19 14:03:55,715 EbasNasaAmes WARNING : variable[29]: All values are MISSING. Check data sanity.
2018-12-19 14:03:55,716 EbasNasaAmes WARNING : variable[42]: All values are MISSING. Check data sanity.
2018-12-19 14:03:55,716 EbasNasaAmes WARNING : variable[43]: All values are MISSING. Check data sanity.
2018-12-19 14:03:55,716 EbasNasaAmes WARNING : variable[56]: All values are MISSING. Check data sanity.
2018-12-19 14:03:55,717 EbasNasaAmes WARNING : variable[57]: All values are MISSING. Check data sanity.
2018-12-19 14:03:55,717 EbasNasaAmes WARNING : variable[70]: All values are MISSING. Check data sanity.
2018-12-19 14:03:55,717 EbasNasaAmes WARNING : variable[71]: All values are MISSING. Check data sanity.
2018-12-19 14:03:55,718 EbasNasaAmes WARNING : variable[84]: All values are MISSING. Check data sanity.
2018-12-19 14:03:55,719 ebas_insert  WARNING : No DB connection, skipping insert.
2018-12-19 14:03:55,719 ebas_insert  INFO    : file ./CES/NL0011R.20090101000000.20181214000000.nephelometer.aerosol_light_scattering_coefficient.pm10.4mo.3h.TSI_3563_CES_ref_TSI_3563_CES_wet..lev2.nas: 0 Errors, 40 Warnings
