2018-12-19 12:28:40,396 EbasCmdLine  INFO    : DB connection disabled by argument --nodb
2018-12-19 12:28:40,398 ebas_insert  WARNING : No DB connection, files will be preliminarily checked only.
2018-12-19 12:28:40,399 NasaAmes1001 INFO    : reading file ./GRW/PT0008R.20090101000000.20181219000000.nephelometer.aerosol_light_scattering_coefficient.pm1.1y.1mn.TSI_3563_GRW_ref_TSI_3563_GRW_wet..lev0.nas
2018-12-19 12:28:40,402 NasaAmes1001 WARNING : line 41: character set encoding: fallback to codec 'iso8859-15' but this might be wrong
2018-12-19 12:28:40,402 NasaAmes1001 WARNING : File contains NO-BREAK SPACE characters, will be substituted with normal blanks
2018-12-19 12:29:19,198 EbasNasaAmes WARNING : line 84: Zero/negative values code: Zero/negative values code 'zero/negative possible' changed to 'Zero/negative possible'
2018-12-19 12:29:19,203 EbasNasaAmes WARNING : line 20: VNAME[7]: Legacy VNAME 'number of wavelengths' skipped
2018-12-19 12:29:19,219 EbasNasaAmes WARNING : line 89: start time of first sample (2009-04-30T00:30:00) is not equal to 'Startdate' specified in metadata (2009-04-30T00:04:00)
2018-12-19 12:29:26,362 EbasNasaAmes WARNING : Period code '1y' should be '35w' according to data
2018-12-19 12:29:26,484 EbasNasaAmes WARNING : line 14: Variable 1: unit '1/Mm' used for 'Detection limit' is inconsistent with variable's unit ('hPa'); detection limit definition will not be applied
2018-12-19 12:29:26,485 EbasNasaAmes WARNING : line 14: Variable 1: 'Detection limit expl.' will not be applied for the same reason
2018-12-19 12:29:26,485 EbasNasaAmes WARNING : line 15: Variable 2: unit '1/Mm' used for 'Detection limit' is inconsistent with variable's unit ('hPa'); detection limit definition will not be applied
2018-12-19 12:29:26,485 EbasNasaAmes WARNING : line 15: Variable 2: 'Detection limit expl.' will not be applied for the same reason
2018-12-19 12:29:26,485 EbasNasaAmes WARNING : line 16: Variable 3: unit '1/Mm' used for 'Detection limit' is inconsistent with variable's unit ('K'); detection limit definition will not be applied
2018-12-19 12:29:26,485 EbasNasaAmes WARNING : line 16: Variable 3: 'Detection limit expl.' will not be applied for the same reason
2018-12-19 12:29:26,486 EbasNasaAmes WARNING : line 17: Variable 4: unit '1/Mm' used for 'Detection limit' is inconsistent with variable's unit ('K'); detection limit definition will not be applied
2018-12-19 12:29:26,486 EbasNasaAmes WARNING : line 17: Variable 4: 'Detection limit expl.' will not be applied for the same reason
2018-12-19 12:29:26,486 EbasNasaAmes WARNING : line 18: Variable 5: unit '1/Mm' used for 'Detection limit' is inconsistent with variable's unit ('%'); detection limit definition will not be applied
2018-12-19 12:29:26,486 EbasNasaAmes WARNING : line 18: Variable 5: 'Detection limit expl.' will not be applied for the same reason
2018-12-19 12:29:26,486 EbasNasaAmes WARNING : line 19: Variable 6: unit '1/Mm' used for 'Detection limit' is inconsistent with variable's unit ('%'); detection limit definition will not be applied
2018-12-19 12:29:26,486 EbasNasaAmes WARNING : line 19: Variable 6: 'Detection limit expl.' will not be applied for the same reason
2018-12-19 12:29:26,489 EbasNasaAmes WARNING : File name: changed from 'PT0008R.20090101000000.20181219000000.nephelometer.aerosol_light_scattering_coefficient.pm1.1y.1mn.TSI_3563_GRW_ref_TSI_3563_GRW_wet..lev0.nas' to 'PT0008R.20090430000400.20181219000000.nephelometer.aerosol_light_scattering_coefficient.pm1.1y.1mn.US06L_TSI_3563_GRW_ref+TSI_3563_GRW_wet.US06L_hygro_tandem_neph_CorrData.lev0.nas'
2018-12-19 12:29:26,490 ebas_insert  WARNING : No DB connection, skipping insert.
2018-12-19 12:29:26,490 ebas_insert  INFO    : file ./GRW/PT0008R.20090101000000.20181219000000.nephelometer.aerosol_light_scattering_coefficient.pm1.1y.1mn.TSI_3563_GRW_ref_TSI_3563_GRW_wet..lev0.nas: 0 Errors, 18 Warnings
