2018-12-19 14:05:13,358 EbasCmdLine  INFO    : DB connection disabled by argument --nodb
2018-12-19 14:05:13,360 ebas_insert  WARNING : No DB connection, files will be preliminarily checked only.
2018-12-19 14:05:13,360 NasaAmes1001 INFO    : reading file ./MHD/IE0031R.20090101000000.20181214000000.nephelometer.aerosol_light_scattering_coefficient.aerosol.1mo.3h.TSI_3563_MHD_ref_TSI_3563_MHD_wet..lev2.nas
2018-12-19 14:05:13,368 NasaAmes1001 WARNING : line 118: character set encoding: fallback to codec 'iso8859-15' but this might be wrong
2018-12-19 14:05:13,368 NasaAmes1001 WARNING : File contains NO-BREAK SPACE characters, will be substituted with normal blanks
2018-12-19 14:05:13,524 EbasNasaAmes WARNING : line 155: Legacy metadata element 'Height AGL' translated to 'Measurement height'
2018-12-19 14:05:13,525 EbasNasaAmes WARNING : line 165: Zero/negative values code: Zero/negative values code 'zero/negative possible' changed to 'Zero/negative possible'
2018-12-19 14:05:13,650 EbasNasaAmes WARNING : line 98: Variable 85: unit '1/Mm' used for 'Detection limit' is inconsistent with variable's unit ('no unit'); detection limit definition will not be applied
2018-12-19 14:05:13,650 EbasNasaAmes WARNING : line 98: Variable 85: 'Detection limit expl.' will not be applied for the same reason
2018-12-19 14:05:13,650 EbasNasaAmes WARNING : line 99: Variable 86: unit '1/Mm' used for 'Detection limit' is inconsistent with variable's unit ('no unit'); detection limit definition will not be applied
2018-12-19 14:05:13,650 EbasNasaAmes WARNING : line 99: Variable 86: 'Detection limit expl.' will not be applied for the same reason
2018-12-19 14:05:13,651 EbasNasaAmes WARNING : line 100: Variable 87: unit '1/Mm' used for 'Detection limit' is inconsistent with variable's unit ('no unit'); detection limit definition will not be applied
2018-12-19 14:05:13,651 EbasNasaAmes WARNING : line 100: Variable 87: 'Detection limit expl.' will not be applied for the same reason
2018-12-19 14:05:13,651 EbasNasaAmes WARNING : line 101: Variable 88: unit '1/Mm' used for 'Detection limit' is inconsistent with variable's unit ('no unit'); detection limit definition will not be applied
2018-12-19 14:05:13,651 EbasNasaAmes WARNING : line 101: Variable 88: 'Detection limit expl.' will not be applied for the same reason
2018-12-19 14:05:13,651 EbasNasaAmes WARNING : line 102: Variable 89: unit '1/Mm' used for 'Detection limit' is inconsistent with variable's unit ('no unit'); detection limit definition will not be applied
2018-12-19 14:05:13,651 EbasNasaAmes WARNING : line 102: Variable 89: 'Detection limit expl.' will not be applied for the same reason
2018-12-19 14:05:13,651 EbasNasaAmes WARNING : line 103: Variable 90: unit '1/Mm' used for 'Detection limit' is inconsistent with variable's unit ('no unit'); detection limit definition will not be applied
2018-12-19 14:05:13,652 EbasNasaAmes WARNING : line 103: Variable 90: 'Detection limit expl.' will not be applied for the same reason
2018-12-19 14:05:13,652 EbasNasaAmes WARNING : line 104: Variable 91: unit '1/Mm' used for 'Detection limit' is inconsistent with variable's unit ('no unit'); detection limit definition will not be applied
2018-12-19 14:05:13,652 EbasNasaAmes WARNING : line 104: Variable 91: 'Detection limit expl.' will not be applied for the same reason
2018-12-19 14:05:13,652 EbasNasaAmes WARNING : line 105: Variable 92: unit '1/Mm' used for 'Detection limit' is inconsistent with variable's unit ('no unit'); detection limit definition will not be applied
2018-12-19 14:05:13,652 EbasNasaAmes WARNING : line 105: Variable 92: 'Detection limit expl.' will not be applied for the same reason
2018-12-19 14:05:13,652 EbasNasaAmes WARNING : line 106: Variable 93: unit '1/Mm' used for 'Detection limit' is inconsistent with variable's unit ('no unit'); detection limit definition will not be applied
2018-12-19 14:05:13,652 EbasNasaAmes WARNING : line 106: Variable 93: 'Detection limit expl.' will not be applied for the same reason
2018-12-19 14:05:13,653 EbasNasaAmes WARNING : line 107: Variable 94: unit '1/Mm' used for 'Detection limit' is inconsistent with variable's unit ('no unit'); detection limit definition will not be applied
2018-12-19 14:05:13,653 EbasNasaAmes WARNING : line 107: Variable 94: 'Detection limit expl.' will not be applied for the same reason
2018-12-19 14:05:13,653 EbasNasaAmes WARNING : line 108: Variable 95: unit '1/Mm' used for 'Detection limit' is inconsistent with variable's unit ('no unit'); detection limit definition will not be applied
2018-12-19 14:05:13,653 EbasNasaAmes WARNING : line 108: Variable 95: 'Detection limit expl.' will not be applied for the same reason
2018-12-19 14:05:13,653 EbasNasaAmes WARNING : line 109: Variable 96: unit '1/Mm' used for 'Detection limit' is inconsistent with variable's unit ('no unit'); detection limit definition will not be applied
2018-12-19 14:05:13,653 EbasNasaAmes WARNING : line 109: Variable 96: 'Detection limit expl.' will not be applied for the same reason
2018-12-19 14:05:13,664 EbasNasaAmes WARNING : File name: changed from 'IE0031R.20090101000000.20181214000000.nephelometer.aerosol_light_scattering_coefficient.aerosol.1mo.3h.TSI_3563_MHD_ref_TSI_3563_MHD_wet..lev2.nas' to 'IE0031R.20090116135728.20181214000000.nephelometer.aerosol_light_scattering_coefficient.aerosol.1mo.3h.CH02L_TSI_3563_MHD_ref+TSI_3563_MHD_wet.CH02L_hygro_tandem_neph_CorrData.lev2.nas'
2018-12-19 14:05:13,664 EbasNasaAmes WARNING : variable[1]: All valid values are 28.612. Check data sanity.
2018-12-19 14:05:13,665 EbasNasaAmes WARNING : variable[13]: All values are MISSING. Check data sanity.
2018-12-19 14:05:13,665 EbasNasaAmes WARNING : variable[14]: All values are MISSING. Check data sanity.
2018-12-19 14:05:13,665 EbasNasaAmes WARNING : variable[15]: All valid values are 27.462. Check data sanity.
2018-12-19 14:05:13,666 EbasNasaAmes WARNING : variable[27]: All values are MISSING. Check data sanity.
2018-12-19 14:05:13,666 EbasNasaAmes WARNING : variable[28]: All values are MISSING. Check data sanity.
2018-12-19 14:05:13,666 EbasNasaAmes WARNING : variable[29]: All valid values are 25.523. Check data sanity.
2018-12-19 14:05:13,667 EbasNasaAmes WARNING : variable[41]: All values are MISSING. Check data sanity.
2018-12-19 14:05:13,667 EbasNasaAmes WARNING : variable[42]: All values are MISSING. Check data sanity.
2018-12-19 14:05:13,668 EbasNasaAmes WARNING : variable[43]: All valid values are 3.067. Check data sanity.
2018-12-19 14:05:13,668 EbasNasaAmes WARNING : variable[55]: All values are MISSING. Check data sanity.
2018-12-19 14:05:13,668 EbasNasaAmes WARNING : variable[56]: All values are MISSING. Check data sanity.
2018-12-19 14:05:13,669 EbasNasaAmes WARNING : variable[57]: All valid values are 2.819. Check data sanity.
2018-12-19 14:05:13,669 EbasNasaAmes WARNING : variable[69]: All values are MISSING. Check data sanity.
2018-12-19 14:05:13,669 EbasNasaAmes WARNING : variable[70]: All values are MISSING. Check data sanity.
2018-12-19 14:05:13,670 EbasNasaAmes WARNING : variable[71]: All valid values are 2.782. Check data sanity.
2018-12-19 14:05:13,670 EbasNasaAmes WARNING : variable[83]: All values are MISSING. Check data sanity.
2018-12-19 14:05:13,670 EbasNasaAmes WARNING : variable[84]: All values are MISSING. Check data sanity.
2018-12-19 14:05:13,671 ebas_insert  WARNING : No DB connection, skipping insert.
2018-12-19 14:05:13,671 ebas_insert  INFO    : file ./MHD/IE0031R.20090101000000.20181214000000.nephelometer.aerosol_light_scattering_coefficient.aerosol.1mo.3h.TSI_3563_MHD_ref_TSI_3563_MHD_wet..lev2.nas: 0 Errors, 46 Warnings
