2018-12-19 11:41:17,999 EbasCmdLine  INFO    : DB connection disabled by argument --nodb
2018-12-19 11:41:18,001 ebas_insert  WARNING : No DB connection, files will be preliminarily checked only.
2018-12-19 11:41:18,001 NasaAmes1001 INFO    : reading file ./CA0098R.20040101000000.20181217000000.nephelometer.aerosol_light_scattering_coefficient.pm10.2mo.1mn.TSI_3563_CBG_ref_TSI_3563_CBG_wet..lev0.nas
2018-12-19 11:41:18,005 NasaAmes1001 WARNING : line 41: character set encoding: fallback to codec 'iso8859-15' but this might be wrong
2018-12-19 11:41:18,005 NasaAmes1001 WARNING : File contains NO-BREAK SPACE characters, will be substituted with normal blanks
2018-12-19 11:41:24,693 EbasNasaAmes WARNING : line 76: Legacy metadata element 'Height AGL' translated to 'Measurement height'
2018-12-19 11:41:24,694 EbasNasaAmes WARNING : line 86: Zero/negative values code: Zero/negative values code 'zero/negative possible' changed to 'Zero/negative possible'
2018-12-19 11:41:24,698 EbasNasaAmes WARNING : line 20: VNAME[7]: Legacy VNAME 'number of wavelengths' skipped
2018-12-19 11:41:24,710 EbasNasaAmes WARNING : line 91: start time of first sample (2004-07-02T18:30:00) is not equal to 'Startdate' specified in metadata (2004-07-02T18:24:01)
2018-12-19 11:41:25,705 EbasNasaAmes WARNING : Period code '2mo' should be '45d' according to data
2018-12-19 11:41:25,750 EbasNasaAmes WARNING : line 14: Variable 1: unit '1/Mm' used for 'Detection limit' is inconsistent with variable's unit ('hPa'); detection limit definition will not be applied
2018-12-19 11:41:25,750 EbasNasaAmes WARNING : line 14: Variable 1: 'Detection limit expl.' will not be applied for the same reason
2018-12-19 11:41:25,750 EbasNasaAmes WARNING : line 15: Variable 2: unit '1/Mm' used for 'Detection limit' is inconsistent with variable's unit ('hPa'); detection limit definition will not be applied
2018-12-19 11:41:25,750 EbasNasaAmes WARNING : line 15: Variable 2: 'Detection limit expl.' will not be applied for the same reason
2018-12-19 11:41:25,750 EbasNasaAmes WARNING : line 16: Variable 3: unit '1/Mm' used for 'Detection limit' is inconsistent with variable's unit ('K'); detection limit definition will not be applied
2018-12-19 11:41:25,750 EbasNasaAmes WARNING : line 16: Variable 3: 'Detection limit expl.' will not be applied for the same reason
2018-12-19 11:41:25,750 EbasNasaAmes WARNING : line 17: Variable 4: unit '1/Mm' used for 'Detection limit' is inconsistent with variable's unit ('K'); detection limit definition will not be applied
2018-12-19 11:41:25,751 EbasNasaAmes WARNING : line 17: Variable 4: 'Detection limit expl.' will not be applied for the same reason
2018-12-19 11:41:25,751 EbasNasaAmes WARNING : line 18: Variable 5: unit '1/Mm' used for 'Detection limit' is inconsistent with variable's unit ('%'); detection limit definition will not be applied
2018-12-19 11:41:25,751 EbasNasaAmes WARNING : line 18: Variable 5: 'Detection limit expl.' will not be applied for the same reason
2018-12-19 11:41:25,751 EbasNasaAmes WARNING : line 19: Variable 6: unit '1/Mm' used for 'Detection limit' is inconsistent with variable's unit ('%'); detection limit definition will not be applied
2018-12-19 11:41:25,751 EbasNasaAmes WARNING : line 19: Variable 6: 'Detection limit expl.' will not be applied for the same reason
2018-12-19 11:41:25,754 EbasNasaAmes WARNING : File name: changed from 'CA0098R.20040101000000.20181217000000.nephelometer.aerosol_light_scattering_coefficient.pm10.2mo.1mn.TSI_3563_CBG_ref_TSI_3563_CBG_wet..lev0.nas' to 'CA0098R.20040702182401.20181217000000.nephelometer.aerosol_light_scattering_coefficient.pm10.2mo.1mn.US06L_TSI_3563_CBG_ref+TSI_3563_CBG_wet.US06L_hygro_tandem_neph_CorrData.lev0.nas'
2018-12-19 11:41:25,755 ebas_insert  WARNING : No DB connection, skipping insert.
2018-12-19 11:41:25,755 ebas_insert  INFO    : file ./CA0098R.20040101000000.20181217000000.nephelometer.aerosol_light_scattering_coefficient.pm10.2mo.1mn.TSI_3563_CBG_ref_TSI_3563_CBG_wet..lev0.nas: 0 Errors, 19 Warnings
